2024-08-21 13:10:12,733 - WARNING - From C:\Users\aymen\miniconda3\envs\mm\lib\site-packages\tensorflow\python\ops\math_ops.py:3066: to_int32 (from tensorflow.python.ops.math_ops) is deprecated and will be removed in a future version.
Instructions for updating:
Use tf.cast instead.
2024-08-21 13:10:20,782 - INFO - Starting initializing variables ...
2024-08-21 13:10:22,838 - INFO - Starting epoch ...
2024-08-21 13:10:32,313 - INFO - epoch: 0, itr: 0, nll_tr: 5261464.000000, x_tr_loss: 277164.718750, a_tr_loss: 0.121805, r_tr_loss: 0.006852, elapsed_time: 9.471392
2024-08-21 13:10:32,942 - INFO - epoch: 0, itr: 1, nll_tr: 5292591.500000, x_tr_loss: 277163.250000, a_tr_loss: 0.115753, r_tr_loss: 0.007048, elapsed_time: 0.629323
2024-08-21 13:10:33,507 - INFO - epoch: 0, itr: 2, nll_tr: 5347975.500000, x_tr_loss: 277165.843750, a_tr_loss: 0.109051, r_tr_loss: 0.006544, elapsed_time: 0.564520
2024-08-21 13:10:34,041 - INFO - epoch: 0, itr: 3, nll_tr: 4866169.000000, x_tr_loss: 277165.968750, a_tr_loss: 0.111036, r_tr_loss: 0.006949, elapsed_time: 0.533844
2024-08-21 13:10:34,583 - INFO - epoch: 0, itr: 4, nll_tr: 5100589.500000, x_tr_loss: 277164.500000, a_tr_loss: 0.111893, r_tr_loss: 0.006130, elapsed_time: 0.541939
2024-08-21 13:10:35,126 - INFO - epoch: 0, itr: 5, nll_tr: 5076634.500000, x_tr_loss: 277163.750000, a_tr_loss: 0.106271, r_tr_loss: 0.006031, elapsed_time: 0.543635
2024-08-21 13:10:35,673 - INFO - epoch: 0, itr: 6, nll_tr: 5156675.000000, x_tr_loss: 277166.062500, a_tr_loss: 0.103061, r_tr_loss: 0.005425, elapsed_time: 0.546725
2024-08-21 13:10:36,232 - INFO - epoch: 0, itr: 7, nll_tr: 4872918.500000, x_tr_loss: 277164.343750, a_tr_loss: 0.093934, r_tr_loss: 0.005537, elapsed_time: 0.558734
2024-08-21 13:10:36,791 - INFO - epoch: 0, itr: 8, nll_tr: 5141240.000000, x_tr_loss: 277163.875000, a_tr_loss: 0.095940, r_tr_loss: 0.005880, elapsed_time: 0.559023
2024-08-21 13:10:37,351 - INFO - epoch: 0, itr: 9, nll_tr: 5204422.500000, x_tr_loss: 277162.406250, a_tr_loss: 0.095538, r_tr_loss: 0.005756, elapsed_time: 0.560228
2024-08-21 13:10:37,936 - INFO - epoch: 0, itr: 10, nll_tr: 4934007.000000, x_tr_loss: 277164.468750, a_tr_loss: 0.089732, r_tr_loss: 0.005535, elapsed_time: 0.584689
2024-08-21 13:10:38,532 - INFO - epoch: 0, itr: 11, nll_tr: 4774595.000000, x_tr_loss: 277163.531250, a_tr_loss: 0.089895, r_tr_loss: 0.005704, elapsed_time: 0.596207
2024-08-21 13:10:39,089 - INFO - epoch: 0, itr: 12, nll_tr: 4970257.500000, x_tr_loss: 277163.875000, a_tr_loss: 0.084675, r_tr_loss: 0.005300, elapsed_time: 0.557154
2024-08-21 13:10:39,678 - INFO - epoch: 0, itr: 13, nll_tr: 5203181.500000, x_tr_loss: 277164.625000, a_tr_loss: 0.080680, r_tr_loss: 0.005474, elapsed_time: 0.588038
2024-08-21 13:10:40,219 - INFO - epoch: 0, itr: 14, nll_tr: 4736849.000000, x_tr_loss: 277164.812500, a_tr_loss: 0.080731, r_tr_loss: 0.005565, elapsed_time: 0.540421
2024-08-21 13:10:40,794 - INFO - epoch: 0, itr: 15, nll_tr: 4733161.500000, x_tr_loss: 277162.875000, a_tr_loss: 0.079760, r_tr_loss: 0.005458, elapsed_time: 0.574897
2024-08-21 13:10:41,364 - INFO - epoch: 0, itr: 16, nll_tr: 4909610.000000, x_tr_loss: 277162.937500, a_tr_loss: 0.077656, r_tr_loss: 0.005020, elapsed_time: 0.569556
2024-08-21 13:10:41,908 - INFO - epoch: 0, itr: 17, nll_tr: 4823012.000000, x_tr_loss: 277162.406250, a_tr_loss: 0.074967, r_tr_loss: 0.005101, elapsed_time: 0.544537
2024-08-21 13:10:42,497 - INFO - epoch: 0, itr: 18, nll_tr: 4529948.000000, x_tr_loss: 277164.562500, a_tr_loss: 0.069155, r_tr_loss: 0.004823, elapsed_time: 0.589211
2024-08-21 13:10:43,055 - INFO - epoch: 0, itr: 19, nll_tr: 4869439.000000, x_tr_loss: 277163.750000, a_tr_loss: 0.069684, r_tr_loss: 0.004890, elapsed_time: 0.557496
2024-08-21 13:10:43,612 - INFO - epoch: 0, itr: 20, nll_tr: 4860170.500000, x_tr_loss: 277163.593750, a_tr_loss: 0.070657, r_tr_loss: 0.005140, elapsed_time: 0.556919
2024-08-21 13:10:44,156 - INFO - epoch: 0, itr: 21, nll_tr: 4834101.500000, x_tr_loss: 277163.531250, a_tr_loss: 0.061734, r_tr_loss: 0.004833, elapsed_time: 0.544591
2024-08-21 13:10:44,700 - INFO - epoch: 0, itr: 22, nll_tr: 4552850.000000, x_tr_loss: 277164.562500, a_tr_loss: 0.063837, r_tr_loss: 0.005035, elapsed_time: 0.543008
2024-08-21 13:10:45,244 - INFO - epoch: 0, itr: 23, nll_tr: 4471566.000000, x_tr_loss: 277164.625000, a_tr_loss: 0.059508, r_tr_loss: 0.004829, elapsed_time: 0.543529
2024-08-21 13:10:45,849 - INFO - epoch: 0, itr: 24, nll_tr: 4739702.500000, x_tr_loss: 277163.468750, a_tr_loss: 0.059475, r_tr_loss: 0.004609, elapsed_time: 0.604570
2024-08-21 13:10:46,406 - INFO - epoch: 0, itr: 25, nll_tr: 4356941.000000, x_tr_loss: 277162.593750, a_tr_loss: 0.057301, r_tr_loss: 0.004919, elapsed_time: 0.556207
2024-08-21 13:10:46,953 - INFO - epoch: 0, itr: 26, nll_tr: 4609154.500000, x_tr_loss: 277162.343750, a_tr_loss: 0.058341, r_tr_loss: 0.004610, elapsed_time: 0.547737
2024-08-21 13:10:47,483 - INFO - epoch: 0, itr: 27, nll_tr: 4438696.000000, x_tr_loss: 277162.406250, a_tr_loss: 0.061073, r_tr_loss: 0.004700, elapsed_time: 0.530043
2024-08-21 13:10:48,025 - INFO - epoch: 0, itr: 28, nll_tr: 4618153.500000, x_tr_loss: 277162.281250, a_tr_loss: 0.062244, r_tr_loss: 0.004586, elapsed_time: 0.541718
2024-08-21 13:10:48,548 - INFO - epoch: 0, itr: 29, nll_tr: 4709026.000000, x_tr_loss: 277160.937500, a_tr_loss: 0.059636, r_tr_loss: 0.004887, elapsed_time: 0.523153
2024-08-21 13:10:49,102 - INFO - epoch: 0, itr: 30, nll_tr: 4776137.500000, x_tr_loss: 277164.000000, a_tr_loss: 0.052723, r_tr_loss: 0.004749, elapsed_time: 0.553602
2024-08-21 13:10:49,661 - INFO - epoch: 0, itr: 31, nll_tr: 4632121.500000, x_tr_loss: 277164.656250, a_tr_loss: 0.057932, r_tr_loss: 0.004620, elapsed_time: 0.558872
2024-08-21 13:10:50,224 - INFO - epoch: 0, itr: 32, nll_tr: 4446121.000000, x_tr_loss: 277162.687500, a_tr_loss: 0.056613, r_tr_loss: 0.004338, elapsed_time: 0.561786
2024-08-21 13:10:50,760 - INFO - epoch: 0, itr: 33, nll_tr: 4330178.000000, x_tr_loss: 277161.750000, a_tr_loss: 0.053867, r_tr_loss: 0.004819, elapsed_time: 0.535811
2024-08-21 13:10:51,358 - INFO - epoch: 0, itr: 34, nll_tr: 4776920.000000, x_tr_loss: 277160.812500, a_tr_loss: 0.057057, r_tr_loss: 0.004547, elapsed_time: 0.596424
2024-08-21 13:10:52,029 - INFO - epoch: 0, itr: 35, nll_tr: 4522003.000000, x_tr_loss: 277163.000000, a_tr_loss: 0.055341, r_tr_loss: 0.004880, elapsed_time: 0.670803
2024-08-21 13:10:52,817 - INFO - epoch: 0, itr: 36, nll_tr: 4356477.000000, x_tr_loss: 277163.843750, a_tr_loss: 0.051904, r_tr_loss: 0.004577, elapsed_time: 0.787402
2024-08-21 13:10:53,487 - INFO - epoch: 0, itr: 37, nll_tr: 4462575.500000, x_tr_loss: 277161.093750, a_tr_loss: 0.054484, r_tr_loss: 0.004834, elapsed_time: 0.670463
2024-08-21 13:10:54,053 - INFO - epoch: 0, itr: 38, nll_tr: 4443993.500000, x_tr_loss: 277163.000000, a_tr_loss: 0.054024, r_tr_loss: 0.004620, elapsed_time: 0.566346
2024-08-21 13:10:54,639 - INFO - epoch: 0, itr: 39, nll_tr: 4723303.000000, x_tr_loss: 277162.468750, a_tr_loss: 0.052927, r_tr_loss: 0.004713, elapsed_time: 0.586067
2024-08-21 13:10:55,324 - INFO - epoch: 0, itr: 40, nll_tr: 4279667.500000, x_tr_loss: 277161.343750, a_tr_loss: 0.048935, r_tr_loss: 0.004730, elapsed_time: 0.684164
2024-08-21 13:10:55,936 - INFO - epoch: 0, itr: 41, nll_tr: 4635812.000000, x_tr_loss: 277162.125000, a_tr_loss: 0.051475, r_tr_loss: 0.004473, elapsed_time: 0.612483
2024-08-21 13:10:56,574 - INFO - epoch: 0, itr: 42, nll_tr: 4216406.500000, x_tr_loss: 277161.656250, a_tr_loss: 0.046478, r_tr_loss: 0.004519, elapsed_time: 0.636886
2024-08-21 13:10:57,131 - INFO - epoch: 0, itr: 43, nll_tr: 4394726.000000, x_tr_loss: 277160.812500, a_tr_loss: 0.048571, r_tr_loss: 0.004732, elapsed_time: 0.557459
2024-08-21 13:10:57,782 - INFO - epoch: 0, itr: 44, nll_tr: 4137886.500000, x_tr_loss: 277161.875000, a_tr_loss: 0.047380, r_tr_loss: 0.004718, elapsed_time: 0.650811
2024-08-21 13:10:59,866 - INFO - epoch: 0, itr: 45, nll_tr: 4597642.000000, x_tr_loss: 277161.875000, a_tr_loss: 0.047406, r_tr_loss: 0.004656, elapsed_time: 2.084226
2024-08-21 13:11:00,767 - INFO - epoch: 0, itr: 46, nll_tr: 4234360.500000, x_tr_loss: 277162.593750, a_tr_loss: 0.048253, r_tr_loss: 0.004500, elapsed_time: 0.900255
2024-08-21 13:11:01,371 - INFO - epoch: 0, itr: 47, nll_tr: 4298676.000000, x_tr_loss: 277159.968750, a_tr_loss: 0.047195, r_tr_loss: 0.004928, elapsed_time: 0.603094
2024-08-21 13:11:01,983 - INFO - epoch: 0, itr: 48, nll_tr: 4304723.000000, x_tr_loss: 277163.968750, a_tr_loss: 0.045433, r_tr_loss: 0.004509, elapsed_time: 0.612077
2024-08-21 13:11:02,665 - INFO - epoch: 0, itr: 49, nll_tr: 4516791.000000, x_tr_loss: 277163.656250, a_tr_loss: 0.044777, r_tr_loss: 0.004457, elapsed_time: 0.682014
2024-08-21 13:11:03,239 - INFO - epoch: 0, itr: 50, nll_tr: 4402827.000000, x_tr_loss: 277162.968750, a_tr_loss: 0.042060, r_tr_loss: 0.004692, elapsed_time: 0.574467
2024-08-21 13:11:03,810 - INFO - epoch: 0, itr: 51, nll_tr: 4316278.500000, x_tr_loss: 277163.468750, a_tr_loss: 0.042042, r_tr_loss: 0.004499, elapsed_time: 0.568594
2024-08-21 13:11:04,492 - INFO - epoch: 0, itr: 52, nll_tr: 4249613.500000, x_tr_loss: 277161.062500, a_tr_loss: 0.042967, r_tr_loss: 0.004721, elapsed_time: 0.681850
2024-08-21 13:11:05,123 - INFO - epoch: 0, itr: 53, nll_tr: 4154555.750000, x_tr_loss: 277162.625000, a_tr_loss: 0.044389, r_tr_loss: 0.004617, elapsed_time: 0.631346
2024-08-21 13:11:06,205 - INFO - epoch: 0, itr: 54, nll_tr: 4327187.500000, x_tr_loss: 277163.218750, a_tr_loss: 0.041680, r_tr_loss: 0.004737, elapsed_time: 1.081079
2024-08-21 13:11:06,896 - INFO - epoch: 0, itr: 55, nll_tr: 4214244.500000, x_tr_loss: 277162.062500, a_tr_loss: 0.044090, r_tr_loss: 0.004554, elapsed_time: 0.690860
2024-08-21 13:11:07,468 - INFO - epoch: 0, itr: 56, nll_tr: 4355911.000000, x_tr_loss: 277162.406250, a_tr_loss: 0.041665, r_tr_loss: 0.004418, elapsed_time: 0.572457
2024-08-21 13:11:08,043 - INFO - epoch: 0, itr: 57, nll_tr: 4379474.000000, x_tr_loss: 277162.531250, a_tr_loss: 0.039696, r_tr_loss: 0.004491, elapsed_time: 0.575131
2024-08-21 13:11:08,623 - INFO - epoch: 0, itr: 58, nll_tr: 4612479.000000, x_tr_loss: 277162.812500, a_tr_loss: 0.039512, r_tr_loss: 0.004600, elapsed_time: 0.578960
2024-08-21 13:11:09,221 - INFO - epoch: 0, itr: 59, nll_tr: 3998697.000000, x_tr_loss: 277163.031250, a_tr_loss: 0.042760, r_tr_loss: 0.004515, elapsed_time: 0.597790
2024-08-21 13:11:09,870 - INFO - epoch: 0, itr: 60, nll_tr: 4359787.500000, x_tr_loss: 277162.062500, a_tr_loss: 0.042196, r_tr_loss: 0.004615, elapsed_time: 0.647986
2024-08-21 13:11:10,520 - INFO - epoch: 0, itr: 61, nll_tr: 4273383.000000, x_tr_loss: 277163.343750, a_tr_loss: 0.040294, r_tr_loss: 0.004637, elapsed_time: 0.649767
2024-08-21 13:11:11,128 - INFO - epoch: 0, itr: 62, nll_tr: 4193142.000000, x_tr_loss: 277162.281250, a_tr_loss: 0.039935, r_tr_loss: 0.004758, elapsed_time: 0.608398
2024-08-21 13:11:11,794 - INFO - epoch: 0, itr: 63, nll_tr: 4094315.750000, x_tr_loss: 277161.937500, a_tr_loss: 0.041848, r_tr_loss: 0.004327, elapsed_time: 0.666111
2024-08-21 13:11:12,385 - INFO - epoch: 0, itr: 64, nll_tr: 4410961.500000, x_tr_loss: 277161.468750, a_tr_loss: 0.041069, r_tr_loss: 0.004633, elapsed_time: 0.591060
2024-08-21 13:11:13,080 - INFO - epoch: 0, itr: 65, nll_tr: 4376162.000000, x_tr_loss: 277162.375000, a_tr_loss: 0.040001, r_tr_loss: 0.004437, elapsed_time: 0.693211
2024-08-21 13:11:13,639 - INFO - epoch: 0, itr: 66, nll_tr: 4420936.000000, x_tr_loss: 277164.562500, a_tr_loss: 0.039847, r_tr_loss: 0.004774, elapsed_time: 0.559722
2024-08-21 13:11:14,226 - INFO - epoch: 0, itr: 67, nll_tr: 4091104.750000, x_tr_loss: 277163.437500, a_tr_loss: 0.038899, r_tr_loss: 0.004603, elapsed_time: 0.586912
2024-08-21 13:11:14,793 - INFO - epoch: 0, itr: 68, nll_tr: 4275068.500000, x_tr_loss: 277162.750000, a_tr_loss: 0.038312, r_tr_loss: 0.004476, elapsed_time: 0.566735
2024-08-21 13:11:15,368 - INFO - epoch: 0, itr: 69, nll_tr: 4334549.000000, x_tr_loss: 277162.125000, a_tr_loss: 0.035354, r_tr_loss: 0.004468, elapsed_time: 0.574728
2024-08-21 13:11:15,951 - INFO - epoch: 0, itr: 70, nll_tr: 4076589.000000, x_tr_loss: 277162.812500, a_tr_loss: 0.036785, r_tr_loss: 0.004627, elapsed_time: 0.582776
2024-08-21 13:11:16,505 - INFO - epoch: 0, itr: 71, nll_tr: 4255558.000000, x_tr_loss: 277162.125000, a_tr_loss: 0.037871, r_tr_loss: 0.004361, elapsed_time: 0.554286
2024-08-21 13:11:17,114 - INFO - epoch: 0, itr: 72, nll_tr: 4126606.750000, x_tr_loss: 277164.843750, a_tr_loss: 0.036249, r_tr_loss: 0.004433, elapsed_time: 0.609566
2024-08-21 13:11:17,684 - INFO - epoch: 0, itr: 73, nll_tr: 4187902.000000, x_tr_loss: 277162.093750, a_tr_loss: 0.035096, r_tr_loss: 0.004575, elapsed_time: 0.569444
2024-08-21 13:11:18,333 - INFO - epoch: 0, itr: 74, nll_tr: 4148310.750000, x_tr_loss: 277162.062500, a_tr_loss: 0.036647, r_tr_loss: 0.004475, elapsed_time: 0.648676
2024-08-21 13:11:18,956 - INFO - epoch: 0, itr: 75, nll_tr: 4115685.250000, x_tr_loss: 277161.906250, a_tr_loss: 0.034681, r_tr_loss: 0.004580, elapsed_time: 0.623182
2024-08-21 13:11:19,595 - INFO - epoch: 0, itr: 76, nll_tr: 4244437.500000, x_tr_loss: 277164.125000, a_tr_loss: 0.034198, r_tr_loss: 0.004475, elapsed_time: 0.638706
2024-08-21 13:11:20,244 - INFO - epoch: 0, itr: 77, nll_tr: 4200816.000000, x_tr_loss: 277163.343750, a_tr_loss: 0.034556, r_tr_loss: 0.004472, elapsed_time: 0.648506
2024-08-21 13:11:20,866 - INFO - epoch: 0, itr: 78, nll_tr: 4024980.750000, x_tr_loss: 277162.187500, a_tr_loss: 0.035623, r_tr_loss: 0.004545, elapsed_time: 0.620654
2024-08-21 13:11:21,470 - INFO - epoch: 0, itr: 79, nll_tr: 3926268.000000, x_tr_loss: 277163.718750, a_tr_loss: 0.031050, r_tr_loss: 0.004507, elapsed_time: 0.603843
2024-08-21 13:11:22,116 - INFO - epoch: 0, itr: 80, nll_tr: 4018996.000000, x_tr_loss: 277164.125000, a_tr_loss: 0.033467, r_tr_loss: 0.004702, elapsed_time: 0.645535
2024-08-21 13:11:22,753 - INFO - epoch: 0, itr: 81, nll_tr: 4090148.250000, x_tr_loss: 277162.906250, a_tr_loss: 0.032908, r_tr_loss: 0.004359, elapsed_time: 0.636623
2024-08-21 13:11:23,407 - INFO - epoch: 0, itr: 82, nll_tr: 4117867.000000, x_tr_loss: 277161.750000, a_tr_loss: 0.031761, r_tr_loss: 0.004467, elapsed_time: 0.653218
2024-08-21 13:11:24,056 - INFO - epoch: 0, itr: 83, nll_tr: 4140035.000000, x_tr_loss: 277164.093750, a_tr_loss: 0.033479, r_tr_loss: 0.004542, elapsed_time: 0.648755
2024-08-21 13:11:24,710 - INFO - epoch: 0, itr: 84, nll_tr: 3973554.750000, x_tr_loss: 277162.562500, a_tr_loss: 0.032082, r_tr_loss: 0.004475, elapsed_time: 0.653776
2024-08-21 13:11:25,365 - INFO - epoch: 0, itr: 85, nll_tr: 4043232.750000, x_tr_loss: 277164.218750, a_tr_loss: 0.031992, r_tr_loss: 0.004721, elapsed_time: 0.654200
2024-08-21 13:11:26,036 - INFO - epoch: 0, itr: 86, nll_tr: 3974492.000000, x_tr_loss: 277161.250000, a_tr_loss: 0.029371, r_tr_loss: 0.004356, elapsed_time: 0.670197
2024-08-21 13:11:26,678 - INFO - epoch: 0, itr: 87, nll_tr: 4166134.250000, x_tr_loss: 277161.406250, a_tr_loss: 0.030266, r_tr_loss: 0.004483, elapsed_time: 0.641839
2024-08-21 13:11:27,357 - INFO - epoch: 0, itr: 88, nll_tr: 4129047.000000, x_tr_loss: 277162.468750, a_tr_loss: 0.032689, r_tr_loss: 0.004742, elapsed_time: 0.679452
2024-08-21 13:11:28,066 - INFO - epoch: 0, itr: 89, nll_tr: 3977798.750000, x_tr_loss: 277160.656250, a_tr_loss: 0.032214, r_tr_loss: 0.004402, elapsed_time: 0.709317
2024-08-21 13:11:28,696 - INFO - epoch: 0, itr: 90, nll_tr: 3969295.000000, x_tr_loss: 277159.750000, a_tr_loss: 0.031784, r_tr_loss: 0.004474, elapsed_time: 0.629690
2024-08-21 13:11:29,346 - INFO - epoch: 0, itr: 91, nll_tr: 3810017.000000, x_tr_loss: 277160.875000, a_tr_loss: 0.031738, r_tr_loss: 0.004672, elapsed_time: 0.650185
2024-08-21 13:11:29,985 - INFO - epoch: 0, itr: 92, nll_tr: 3915594.000000, x_tr_loss: 277161.250000, a_tr_loss: 0.030728, r_tr_loss: 0.004455, elapsed_time: 0.638734
2024-08-21 13:11:30,668 - INFO - epoch: 0, itr: 93, nll_tr: 4065874.500000, x_tr_loss: 277160.000000, a_tr_loss: 0.029470, r_tr_loss: 0.004481, elapsed_time: 0.681791
2024-08-21 13:11:31,313 - INFO - epoch: 0, itr: 94, nll_tr: 3795385.500000, x_tr_loss: 277162.218750, a_tr_loss: 0.029495, r_tr_loss: 0.004357, elapsed_time: 0.645005
2024-08-21 13:11:31,988 - INFO - epoch: 0, itr: 95, nll_tr: 3951916.250000, x_tr_loss: 277159.531250, a_tr_loss: 0.030713, r_tr_loss: 0.004362, elapsed_time: 0.675016
2024-08-21 13:11:32,627 - INFO - epoch: 0, itr: 96, nll_tr: 3939025.500000, x_tr_loss: 277159.718750, a_tr_loss: 0.032704, r_tr_loss: 0.004491, elapsed_time: 0.639249
2024-08-21 13:11:33,294 - INFO - epoch: 0, itr: 97, nll_tr: 3812240.750000, x_tr_loss: 277158.937500, a_tr_loss: 0.030136, r_tr_loss: 0.004500, elapsed_time: 0.667168
2024-08-21 13:11:33,936 - INFO - epoch: 0, itr: 98, nll_tr: 3845625.000000, x_tr_loss: 277159.093750, a_tr_loss: 0.029904, r_tr_loss: 0.004524, elapsed_time: 0.641661
2024-08-21 13:11:34,574 - INFO - epoch: 0, itr: 99, nll_tr: 4135711.500000, x_tr_loss: 277159.718750, a_tr_loss: 0.029984, r_tr_loss: 0.004594, elapsed_time: 0.637723
2024-08-21 13:11:35,236 - INFO - epoch: 0, itr: 100, nll_tr: 3927780.000000, x_tr_loss: 277157.750000, a_tr_loss: 0.027992, r_tr_loss: 0.004583, elapsed_time: 0.662035
2024-08-21 13:11:35,924 - INFO - epoch: 0, itr: 101, nll_tr: 3714064.500000, x_tr_loss: 277156.937500, a_tr_loss: 0.028950, r_tr_loss: 0.004511, elapsed_time: 0.688031
2024-08-21 13:11:36,674 - INFO - epoch: 0, itr: 102, nll_tr: 3824715.750000, x_tr_loss: 277158.156250, a_tr_loss: 0.029910, r_tr_loss: 0.004418, elapsed_time: 0.750467
2024-08-21 13:11:37,410 - INFO - epoch: 0, itr: 103, nll_tr: 3902869.250000, x_tr_loss: 277158.312500, a_tr_loss: 0.027751, r_tr_loss: 0.004505, elapsed_time: 0.735570
2024-08-21 13:11:38,087 - INFO - epoch: 0, itr: 104, nll_tr: 3605739.500000, x_tr_loss: 277158.593750, a_tr_loss: 0.027240, r_tr_loss: 0.004576, elapsed_time: 0.677299
2024-08-21 13:11:38,920 - INFO - epoch: 0, itr: 105, nll_tr: 3599226.750000, x_tr_loss: 277156.468750, a_tr_loss: 0.027004, r_tr_loss: 0.004404, elapsed_time: 0.832117
2024-08-21 13:11:39,996 - INFO - epoch: 0, itr: 106, nll_tr: 3733462.250000, x_tr_loss: 277156.250000, a_tr_loss: 0.028884, r_tr_loss: 0.004607, elapsed_time: 1.075687
2024-08-21 13:11:40,871 - INFO - epoch: 0, itr: 107, nll_tr: 3553374.750000, x_tr_loss: 277157.468750, a_tr_loss: 0.028817, r_tr_loss: 0.004425, elapsed_time: 0.875009
2024-08-21 13:11:41,456 - INFO - epoch: 0, itr: 108, nll_tr: 3850774.250000, x_tr_loss: 277154.687500, a_tr_loss: 0.027741, r_tr_loss: 0.004548, elapsed_time: 0.585361
2024-08-21 13:11:42,035 - INFO - epoch: 0, itr: 109, nll_tr: 3721123.000000, x_tr_loss: 277154.656250, a_tr_loss: 0.025458, r_tr_loss: 0.004530, elapsed_time: 0.578043
2024-08-21 13:11:42,704 - INFO - epoch: 0, itr: 110, nll_tr: 3915629.000000, x_tr_loss: 277153.437500, a_tr_loss: 0.026922, r_tr_loss: 0.004438, elapsed_time: 0.668517
2024-08-21 13:11:43,388 - INFO - epoch: 0, itr: 111, nll_tr: 3585006.250000, x_tr_loss: 277153.781250, a_tr_loss: 0.026107, r_tr_loss: 0.004407, elapsed_time: 0.683986
2024-08-21 13:11:44,148 - INFO - epoch: 0, itr: 112, nll_tr: 3651917.000000, x_tr_loss: 277153.156250, a_tr_loss: 0.027789, r_tr_loss: 0.004345, elapsed_time: 0.760660
2024-08-21 13:11:44,814 - INFO - epoch: 0, itr: 113, nll_tr: 3369414.250000, x_tr_loss: 277152.656250, a_tr_loss: 0.027825, r_tr_loss: 0.004598, elapsed_time: 0.665455
2024-08-21 13:11:45,489 - INFO - epoch: 0, itr: 114, nll_tr: 3692659.250000, x_tr_loss: 277150.593750, a_tr_loss: 0.027284, r_tr_loss: 0.004589, elapsed_time: 0.675411
2024-08-21 13:11:46,256 - INFO - epoch: 0, itr: 115, nll_tr: 3512623.750000, x_tr_loss: 277149.687500, a_tr_loss: 0.026330, r_tr_loss: 0.004403, elapsed_time: 0.765757
2024-08-21 13:11:47,131 - INFO - epoch: 0, itr: 116, nll_tr: 3457264.750000, x_tr_loss: 277149.062500, a_tr_loss: 0.025070, r_tr_loss: 0.004470, elapsed_time: 0.874523
2024-08-21 13:11:47,904 - INFO - epoch: 0, itr: 117, nll_tr: 3704464.000000, x_tr_loss: 277146.468750, a_tr_loss: 0.025430, r_tr_loss: 0.004353, elapsed_time: 0.772819
2024-08-21 13:11:48,813 - INFO - epoch: 0, itr: 118, nll_tr: 3520902.500000, x_tr_loss: 277147.562500, a_tr_loss: 0.028345, r_tr_loss: 0.004393, elapsed_time: 0.908978
2024-08-21 13:11:49,641 - INFO - epoch: 0, itr: 119, nll_tr: 3602268.500000, x_tr_loss: 277146.312500, a_tr_loss: 0.025718, r_tr_loss: 0.004371, elapsed_time: 0.827353
2024-08-21 13:11:52,314 - INFO - epoch: 0, itr: 120, nll_tr: 3459805.500000, x_tr_loss: 277144.750000, a_tr_loss: 0.027158, r_tr_loss: 0.004494, elapsed_time: 2.672451
2024-08-21 13:11:52,890 - INFO - epoch: 0, itr: 121, nll_tr: 3499221.250000, x_tr_loss: 277142.218750, a_tr_loss: 0.025035, r_tr_loss: 0.004331, elapsed_time: 0.574436
2024-08-21 13:11:53,522 - INFO - epoch: 0, itr: 122, nll_tr: 3766744.750000, x_tr_loss: 277142.125000, a_tr_loss: 0.023451, r_tr_loss: 0.004442, elapsed_time: 0.631369
2024-08-21 13:11:54,123 - INFO - epoch: 0, itr: 123, nll_tr: 3823614.750000, x_tr_loss: 277141.312500, a_tr_loss: 0.024775, r_tr_loss: 0.004425, elapsed_time: 0.601279
2024-08-21 13:11:54,766 - INFO - epoch: 0, itr: 124, nll_tr: 3470647.750000, x_tr_loss: 277140.093750, a_tr_loss: 0.025051, r_tr_loss: 0.004456, elapsed_time: 0.642510
2024-08-21 13:11:55,391 - INFO - epoch: 0, itr: 125, nll_tr: 3576110.250000, x_tr_loss: 277137.343750, a_tr_loss: 0.023924, r_tr_loss: 0.004328, elapsed_time: 0.625656
2024-08-21 13:11:56,125 - INFO - epoch: 0, itr: 126, nll_tr: 3310782.000000, x_tr_loss: 277135.156250, a_tr_loss: 0.026699, r_tr_loss: 0.004396, elapsed_time: 0.733902
2024-08-21 13:11:56,890 - INFO - epoch: 0, itr: 127, nll_tr: 3468709.000000, x_tr_loss: 277134.718750, a_tr_loss: 0.023546, r_tr_loss: 0.004427, elapsed_time: 0.764189
2024-08-21 13:11:57,634 - INFO - epoch: 0, itr: 128, nll_tr: 3379564.250000, x_tr_loss: 277132.718750, a_tr_loss: 0.023233, r_tr_loss: 0.004369, elapsed_time: 0.742734
2024-08-21 13:11:58,247 - INFO - epoch: 0, itr: 129, nll_tr: 3302720.000000, x_tr_loss: 277130.781250, a_tr_loss: 0.024731, r_tr_loss: 0.004350, elapsed_time: 0.613119
2024-08-21 13:11:58,853 - INFO - epoch: 0, itr: 130, nll_tr: 3312346.500000, x_tr_loss: 277130.218750, a_tr_loss: 0.023086, r_tr_loss: 0.004435, elapsed_time: 0.604793
2024-08-21 13:12:00,157 - INFO - epoch: 0, itr: 131, nll_tr: 3598640.250000, x_tr_loss: 277128.343750, a_tr_loss: 0.025524, r_tr_loss: 0.004286, elapsed_time: 1.304123
2024-08-21 13:12:00,810 - INFO - epoch: 0, itr: 132, nll_tr: 3754301.750000, x_tr_loss: 277126.281250, a_tr_loss: 0.023030, r_tr_loss: 0.004082, elapsed_time: 0.653261
2024-08-21 13:12:01,475 - INFO - epoch: 0, itr: 133, nll_tr: 3597279.250000, x_tr_loss: 277124.250000, a_tr_loss: 0.025382, r_tr_loss: 0.004165, elapsed_time: 0.663902
2024-08-21 13:12:02,180 - INFO - epoch: 0, itr: 134, nll_tr: 3636686.500000, x_tr_loss: 277121.218750, a_tr_loss: 0.025106, r_tr_loss: 0.004293, elapsed_time: 0.704732
2024-08-21 13:12:02,851 - INFO - epoch: 0, itr: 135, nll_tr: 3340591.500000, x_tr_loss: 277119.875000, a_tr_loss: 0.023146, r_tr_loss: 0.004391, elapsed_time: 0.671835
2024-08-21 13:12:03,531 - INFO - epoch: 0, itr: 136, nll_tr: 3134526.000000, x_tr_loss: 277118.343750, a_tr_loss: 0.021963, r_tr_loss: 0.004214, elapsed_time: 0.679011
2024-08-21 13:12:04,354 - INFO - epoch: 0, itr: 137, nll_tr: 3300960.500000, x_tr_loss: 277115.750000, a_tr_loss: 0.023365, r_tr_loss: 0.004520, elapsed_time: 0.822953
2024-08-21 13:12:05,004 - INFO - epoch: 0, itr: 138, nll_tr: 3312570.250000, x_tr_loss: 277112.468750, a_tr_loss: 0.023008, r_tr_loss: 0.004566, elapsed_time: 0.649252
2024-08-21 13:12:05,634 - INFO - epoch: 0, itr: 139, nll_tr: 3249598.000000, x_tr_loss: 277111.343750, a_tr_loss: 0.024641, r_tr_loss: 0.004450, elapsed_time: 0.629960
2024-08-21 13:12:06,323 - INFO - epoch: 0, itr: 140, nll_tr: 3172813.000000, x_tr_loss: 277107.468750, a_tr_loss: 0.022688, r_tr_loss: 0.004462, elapsed_time: 0.689805
2024-08-21 13:12:06,955 - INFO - epoch: 0, itr: 141, nll_tr: 3219377.000000, x_tr_loss: 277106.250000, a_tr_loss: 0.024390, r_tr_loss: 0.004513, elapsed_time: 0.631791
2024-08-21 13:12:07,629 - INFO - epoch: 0, itr: 142, nll_tr: 3260358.250000, x_tr_loss: 277102.937500, a_tr_loss: 0.024216, r_tr_loss: 0.004381, elapsed_time: 0.673686
2024-08-21 13:12:08,259 - INFO - epoch: 0, itr: 143, nll_tr: 3047956.750000, x_tr_loss: 277100.281250, a_tr_loss: 0.021436, r_tr_loss: 0.004383, elapsed_time: 0.629501
2024-08-21 13:12:08,881 - INFO - epoch: 0, itr: 144, nll_tr: 3269850.500000, x_tr_loss: 277097.718750, a_tr_loss: 0.022445, r_tr_loss: 0.004300, elapsed_time: 0.621952
2024-08-21 13:12:09,513 - INFO - epoch: 0, itr: 145, nll_tr: 3079423.750000, x_tr_loss: 277094.187500, a_tr_loss: 0.022891, r_tr_loss: 0.004432, elapsed_time: 0.631898
2024-08-21 13:12:10,142 - INFO - epoch: 0, itr: 146, nll_tr: 3140188.750000, x_tr_loss: 277091.500000, a_tr_loss: 0.021362, r_tr_loss: 0.004408, elapsed_time: 0.628235
2024-08-21 13:12:10,827 - INFO - epoch: 0, itr: 147, nll_tr: 3089897.750000, x_tr_loss: 277088.656250, a_tr_loss: 0.022179, r_tr_loss: 0.004346, elapsed_time: 0.685493
2024-08-21 13:12:11,562 - INFO - epoch: 0, itr: 148, nll_tr: 3058683.500000, x_tr_loss: 277085.968750, a_tr_loss: 0.021790, r_tr_loss: 0.004370, elapsed_time: 0.734505
2024-08-21 13:12:12,241 - INFO - epoch: 0, itr: 149, nll_tr: 2994997.750000, x_tr_loss: 277082.343750, a_tr_loss: 0.023526, r_tr_loss: 0.004319, elapsed_time: 0.679858
2024-08-21 13:12:12,861 - INFO - epoch: 0, itr: 150, nll_tr: 2932862.500000, x_tr_loss: 277079.406250, a_tr_loss: 0.022237, r_tr_loss: 0.004446, elapsed_time: 0.619123
2024-08-21 13:12:14,421 - INFO - epoch: 0, itr: 151, nll_tr: 2943351.750000, x_tr_loss: 277075.468750, a_tr_loss: 0.021349, r_tr_loss: 0.004319, elapsed_time: 1.560446
2024-08-21 13:12:14,968 - INFO - epoch: 0, itr: 152, nll_tr: 3149784.500000, x_tr_loss: 277072.343750, a_tr_loss: 0.022499, r_tr_loss: 0.004223, elapsed_time: 0.546666
2024-08-21 13:12:15,499 - INFO - epoch: 0, itr: 153, nll_tr: 2872341.000000, x_tr_loss: 277068.156250, a_tr_loss: 0.021409, r_tr_loss: 0.004263, elapsed_time: 0.531722
2024-08-21 13:12:16,043 - INFO - epoch: 0, itr: 154, nll_tr: 2971022.750000, x_tr_loss: 277064.968750, a_tr_loss: 0.021852, r_tr_loss: 0.004443, elapsed_time: 0.543713
2024-08-21 13:12:16,599 - INFO - epoch: 0, itr: 155, nll_tr: 3023522.500000, x_tr_loss: 277061.937500, a_tr_loss: 0.022832, r_tr_loss: 0.004463, elapsed_time: 0.555804
2024-08-21 13:12:17,173 - INFO - epoch: 0, itr: 156, nll_tr: 2906393.000000, x_tr_loss: 277057.562500, a_tr_loss: 0.021439, r_tr_loss: 0.004280, elapsed_time: 0.572987
2024-08-21 13:12:17,770 - INFO - epoch: 0, itr: 157, nll_tr: 2916908.000000, x_tr_loss: 277056.093750, a_tr_loss: 0.022042, r_tr_loss: 0.004345, elapsed_time: 0.596202
2024-08-21 13:12:18,377 - INFO - epoch: 0, itr: 158, nll_tr: 2825789.500000, x_tr_loss: 277050.093750, a_tr_loss: 0.020726, r_tr_loss: 0.004151, elapsed_time: 0.606953
2024-08-21 13:12:18,968 - INFO - epoch: 0, itr: 159, nll_tr: 2904578.750000, x_tr_loss: 277047.375000, a_tr_loss: 0.021307, r_tr_loss: 0.004344, elapsed_time: 0.590983
2024-08-21 13:12:19,565 - INFO - epoch: 0, itr: 160, nll_tr: 2979133.500000, x_tr_loss: 277041.875000, a_tr_loss: 0.025812, r_tr_loss: 0.004270, elapsed_time: 0.597846
2024-08-21 13:12:20,207 - INFO - epoch: 0, itr: 161, nll_tr: 3001126.000000, x_tr_loss: 277037.937500, a_tr_loss: 0.021607, r_tr_loss: 0.004176, elapsed_time: 0.641586
2024-08-21 13:12:20,830 - INFO - epoch: 0, itr: 162, nll_tr: 2812344.500000, x_tr_loss: 277034.156250, a_tr_loss: 0.021943, r_tr_loss: 0.004233, elapsed_time: 0.622581
2024-08-21 13:12:21,444 - INFO - epoch: 0, itr: 163, nll_tr: 2785879.500000, x_tr_loss: 277029.781250, a_tr_loss: 0.021188, r_tr_loss: 0.004260, elapsed_time: 0.613692
2024-08-21 13:12:22,061 - INFO - epoch: 0, itr: 164, nll_tr: 2759398.750000, x_tr_loss: 277024.968750, a_tr_loss: 0.020494, r_tr_loss: 0.004218, elapsed_time: 0.617122
2024-08-21 13:12:22,677 - INFO - epoch: 0, itr: 165, nll_tr: 2724857.250000, x_tr_loss: 277022.281250, a_tr_loss: 0.021151, r_tr_loss: 0.004287, elapsed_time: 0.616006
2024-08-21 13:12:23,469 - INFO - epoch: 0, itr: 166, nll_tr: 2652509.250000, x_tr_loss: 277016.656250, a_tr_loss: 0.020412, r_tr_loss: 0.004243, elapsed_time: 0.791133
2024-08-21 13:12:24,079 - INFO - epoch: 0, itr: 167, nll_tr: 2496610.500000, x_tr_loss: 277012.562500, a_tr_loss: 0.021718, r_tr_loss: 0.004280, elapsed_time: 0.610429
2024-08-21 13:12:24,729 - INFO - epoch: 0, itr: 168, nll_tr: 2802773.000000, x_tr_loss: 277005.437500, a_tr_loss: 0.021451, r_tr_loss: 0.004223, elapsed_time: 0.649581
2024-08-21 13:12:25,397 - INFO - epoch: 0, itr: 169, nll_tr: 2817347.500000, x_tr_loss: 277003.062500, a_tr_loss: 0.019398, r_tr_loss: 0.004194, elapsed_time: 0.668763
2024-08-21 13:12:25,985 - INFO - epoch: 0, itr: 170, nll_tr: 2673842.750000, x_tr_loss: 276998.406250, a_tr_loss: 0.019742, r_tr_loss: 0.004363, elapsed_time: 0.587338
2024-08-21 13:12:26,759 - INFO - epoch: 0, itr: 171, nll_tr: 2393801.250000, x_tr_loss: 276993.156250, a_tr_loss: 0.020346, r_tr_loss: 0.004200, elapsed_time: 0.774526
2024-08-21 13:12:27,415 - INFO - epoch: 0, itr: 172, nll_tr: 2756364.500000, x_tr_loss: 276989.750000, a_tr_loss: 0.019782, r_tr_loss: 0.004237, elapsed_time: 0.655316
2024-08-21 13:12:28,042 - INFO - epoch: 0, itr: 173, nll_tr: 2554037.750000, x_tr_loss: 276983.468750, a_tr_loss: 0.021316, r_tr_loss: 0.004332, elapsed_time: 0.626287
2024-08-21 13:12:28,794 - INFO - epoch: 0, itr: 174, nll_tr: 2638747.000000, x_tr_loss: 276979.468750, a_tr_loss: 0.019662, r_tr_loss: 0.004287, elapsed_time: 0.751684
2024-08-21 13:12:29,487 - INFO - epoch: 0, itr: 175, nll_tr: 2691059.750000, x_tr_loss: 276974.062500, a_tr_loss: 0.020987, r_tr_loss: 0.004256, elapsed_time: 0.692982
2024-08-21 13:12:30,152 - INFO - epoch: 0, itr: 176, nll_tr: 2614499.000000, x_tr_loss: 276969.843750, a_tr_loss: 0.020292, r_tr_loss: 0.004123, elapsed_time: 0.664177
2024-08-21 13:12:30,818 - INFO - epoch: 0, itr: 177, nll_tr: 2505916.500000, x_tr_loss: 276963.531250, a_tr_loss: 0.020489, r_tr_loss: 0.004235, elapsed_time: 0.665895
2024-08-21 13:12:31,459 - INFO - epoch: 0, itr: 178, nll_tr: 2311029.500000, x_tr_loss: 276958.812500, a_tr_loss: 0.020396, r_tr_loss: 0.004376, elapsed_time: 0.639721
2024-08-21 13:12:32,108 - INFO - epoch: 0, itr: 179, nll_tr: 2458875.500000, x_tr_loss: 276951.937500, a_tr_loss: 0.022670, r_tr_loss: 0.004168, elapsed_time: 0.648588
2024-08-21 13:12:32,800 - INFO - epoch: 0, itr: 180, nll_tr: 2413658.000000, x_tr_loss: 276948.000000, a_tr_loss: 0.020809, r_tr_loss: 0.004259, elapsed_time: 0.691160
2024-08-21 13:12:33,418 - INFO - epoch: 0, itr: 181, nll_tr: 2507851.250000, x_tr_loss: 276941.062500, a_tr_loss: 0.020114, r_tr_loss: 0.004276, elapsed_time: 0.617710
2024-08-21 13:12:34,042 - INFO - epoch: 0, itr: 182, nll_tr: 2736409.750000, x_tr_loss: 276936.343750, a_tr_loss: 0.021192, r_tr_loss: 0.004191, elapsed_time: 0.622633
2024-08-21 13:12:34,666 - INFO - epoch: 0, itr: 183, nll_tr: 2270102.500000, x_tr_loss: 276932.031250, a_tr_loss: 0.019952, r_tr_loss: 0.004318, elapsed_time: 0.624082
2024-08-21 13:12:35,292 - INFO - epoch: 0, itr: 184, nll_tr: 2375198.250000, x_tr_loss: 276923.500000, a_tr_loss: 0.021103, r_tr_loss: 0.004335, elapsed_time: 0.625879
2024-08-21 13:12:35,899 - INFO - epoch: 0, itr: 185, nll_tr: 2482572.750000, x_tr_loss: 276919.218750, a_tr_loss: 0.020689, r_tr_loss: 0.004279, elapsed_time: 0.606694
2024-08-21 13:12:36,525 - INFO - epoch: 0, itr: 186, nll_tr: 2324646.000000, x_tr_loss: 276913.562500, a_tr_loss: 0.018877, r_tr_loss: 0.004280, elapsed_time: 0.626857
2024-08-21 13:12:37,181 - INFO - epoch: 0, itr: 187, nll_tr: 2397937.000000, x_tr_loss: 276908.468750, a_tr_loss: 0.020642, r_tr_loss: 0.004360, elapsed_time: 0.655985
2024-08-21 13:12:37,817 - INFO - epoch: 0, itr: 188, nll_tr: 2452226.500000, x_tr_loss: 276902.031250, a_tr_loss: 0.019285, r_tr_loss: 0.004382, elapsed_time: 0.633602
2024-08-21 13:12:38,444 - INFO - epoch: 0, itr: 189, nll_tr: 2392481.250000, x_tr_loss: 276896.093750, a_tr_loss: 0.020177, r_tr_loss: 0.004163, elapsed_time: 0.627734
2024-08-21 13:12:39,070 - INFO - epoch: 0, itr: 190, nll_tr: 2321042.750000, x_tr_loss: 276890.250000, a_tr_loss: 0.019133, r_tr_loss: 0.004344, elapsed_time: 0.624727
2024-08-21 13:12:39,692 - INFO - epoch: 0, itr: 191, nll_tr: 2310369.000000, x_tr_loss: 276884.656250, a_tr_loss: 0.020181, r_tr_loss: 0.004301, elapsed_time: 0.621901
2024-08-21 13:12:40,299 - INFO - epoch: 0, itr: 192, nll_tr: 2233935.250000, x_tr_loss: 276876.906250, a_tr_loss: 0.018830, r_tr_loss: 0.004260, elapsed_time: 0.606634
2024-08-21 13:12:40,914 - INFO - epoch: 0, itr: 193, nll_tr: 2308112.250000, x_tr_loss: 276872.468750, a_tr_loss: 0.018664, r_tr_loss: 0.004385, elapsed_time: 0.613987
2024-08-21 13:12:41,526 - INFO - epoch: 0, itr: 194, nll_tr: 2091892.750000, x_tr_loss: 276866.000000, a_tr_loss: 0.019439, r_tr_loss: 0.004328, elapsed_time: 0.612841
2024-08-21 13:12:42,127 - INFO - epoch: 0, itr: 195, nll_tr: 2148420.500000, x_tr_loss: 276859.343750, a_tr_loss: 0.019279, r_tr_loss: 0.004360, elapsed_time: 0.600435
2024-08-21 13:12:42,734 - INFO - epoch: 0, itr: 196, nll_tr: 2153833.000000, x_tr_loss: 276853.375000, a_tr_loss: 0.019689, r_tr_loss: 0.004319, elapsed_time: 0.607240
2024-08-21 13:12:43,843 - INFO - epoch: 0, itr: 197, nll_tr: 2241542.000000, x_tr_loss: 276847.218750, a_tr_loss: 0.020813, r_tr_loss: 0.004231, elapsed_time: 1.109059
2024-08-21 13:12:44,388 - INFO - epoch: 0, itr: 198, nll_tr: 2254205.250000, x_tr_loss: 276840.468750, a_tr_loss: 0.020436, r_tr_loss: 0.004241, elapsed_time: 0.544436
2024-08-21 13:12:44,942 - INFO - epoch: 0, itr: 199, nll_tr: 2067938.250000, x_tr_loss: 276834.281250, a_tr_loss: 0.019657, r_tr_loss: 0.004245, elapsed_time: 0.554801
2024-08-21 13:12:45,551 - INFO - epoch: 0, itr: 200, nll_tr: 2120000.500000, x_tr_loss: 276828.187500, a_tr_loss: 0.018784, r_tr_loss: 0.004218, elapsed_time: 0.609085
2024-08-21 13:12:46,170 - INFO - epoch: 0, itr: 201, nll_tr: 2033344.125000, x_tr_loss: 276821.812500, a_tr_loss: 0.018424, r_tr_loss: 0.004367, elapsed_time: 0.617156
2024-08-21 13:12:46,798 - INFO - epoch: 0, itr: 202, nll_tr: 2014411.250000, x_tr_loss: 276816.093750, a_tr_loss: 0.019491, r_tr_loss: 0.004287, elapsed_time: 0.628222
2024-08-21 13:12:47,462 - INFO - epoch: 0, itr: 203, nll_tr: 1969337.375000, x_tr_loss: 276809.468750, a_tr_loss: 0.019489, r_tr_loss: 0.004157, elapsed_time: 0.663892
2024-08-21 13:12:48,173 - INFO - epoch: 0, itr: 204, nll_tr: 2027637.875000, x_tr_loss: 276801.593750, a_tr_loss: 0.020200, r_tr_loss: 0.004273, elapsed_time: 0.711169
2024-08-21 13:12:48,827 - INFO - epoch: 0, itr: 205, nll_tr: 1963935.375000, x_tr_loss: 276795.468750, a_tr_loss: 0.019055, r_tr_loss: 0.004172, elapsed_time: 0.653745
2024-08-21 13:12:49,441 - INFO - epoch: 0, itr: 206, nll_tr: 2074230.125000, x_tr_loss: 276789.718750, a_tr_loss: 0.019218, r_tr_loss: 0.004255, elapsed_time: 0.614496
2024-08-21 13:12:50,032 - INFO - epoch: 0, itr: 207, nll_tr: 1989470.000000, x_tr_loss: 276781.218750, a_tr_loss: 0.018323, r_tr_loss: 0.004319, elapsed_time: 0.590705
2024-08-21 13:12:50,628 - INFO - epoch: 0, itr: 208, nll_tr: 1859906.625000, x_tr_loss: 276776.968750, a_tr_loss: 0.017080, r_tr_loss: 0.004387, elapsed_time: 0.596479
2024-08-21 13:12:51,215 - INFO - epoch: 0, itr: 209, nll_tr: 2015511.875000, x_tr_loss: 276768.343750, a_tr_loss: 0.018186, r_tr_loss: 0.004218, elapsed_time: 0.586616
2024-08-21 13:12:51,893 - INFO - epoch: 0, itr: 210, nll_tr: 2029781.250000, x_tr_loss: 276762.875000, a_tr_loss: 0.018867, r_tr_loss: 0.004341, elapsed_time: 0.678400
2024-08-21 13:12:52,534 - INFO - epoch: 0, itr: 211, nll_tr: 1959943.750000, x_tr_loss: 276756.406250, a_tr_loss: 0.017526, r_tr_loss: 0.004213, elapsed_time: 0.640415
2024-08-21 13:12:53,194 - INFO - epoch: 0, itr: 212, nll_tr: 2042887.125000, x_tr_loss: 276750.250000, a_tr_loss: 0.017867, r_tr_loss: 0.004190, elapsed_time: 0.660555
2024-08-21 13:12:53,856 - INFO - epoch: 0, itr: 213, nll_tr: 1825678.625000, x_tr_loss: 276743.281250, a_tr_loss: 0.020048, r_tr_loss: 0.004339, elapsed_time: 0.661388
2024-08-21 13:12:54,463 - INFO - epoch: 0, itr: 214, nll_tr: 2041742.250000, x_tr_loss: 276736.468750, a_tr_loss: 0.019559, r_tr_loss: 0.004207, elapsed_time: 0.606918
2024-08-21 13:12:55,055 - INFO - epoch: 0, itr: 215, nll_tr: 1868505.500000, x_tr_loss: 276728.750000, a_tr_loss: 0.020475, r_tr_loss: 0.004297, elapsed_time: 0.592473
2024-08-21 13:12:56,230 - INFO - epoch: 0, itr: 216, nll_tr: 1965332.750000, x_tr_loss: 276724.656250, a_tr_loss: 0.018571, r_tr_loss: 0.004321, elapsed_time: 1.174939
2024-08-21 13:12:56,758 - INFO - epoch: 0, itr: 217, nll_tr: 1834129.000000, x_tr_loss: 276715.843750, a_tr_loss: 0.020618, r_tr_loss: 0.004372, elapsed_time: 0.527514
2024-08-21 13:12:57,282 - INFO - epoch: 0, itr: 218, nll_tr: 1886330.750000, x_tr_loss: 276710.562500, a_tr_loss: 0.021111, r_tr_loss: 0.004334, elapsed_time: 0.524560
2024-08-21 13:12:57,876 - INFO - epoch: 0, itr: 219, nll_tr: 1663126.375000, x_tr_loss: 276701.343750, a_tr_loss: 0.018997, r_tr_loss: 0.004290, elapsed_time: 0.594006
2024-08-21 13:12:58,489 - INFO - epoch: 0, itr: 220, nll_tr: 1968241.500000, x_tr_loss: 276696.500000, a_tr_loss: 0.018967, r_tr_loss: 0.004251, elapsed_time: 0.612013
2024-08-21 13:12:59,106 - INFO - epoch: 0, itr: 221, nll_tr: 1853465.250000, x_tr_loss: 276689.531250, a_tr_loss: 0.018281, r_tr_loss: 0.004294, elapsed_time: 0.616889
2024-08-21 13:12:59,730 - INFO - epoch: 0, itr: 222, nll_tr: 1690864.250000, x_tr_loss: 276683.406250, a_tr_loss: 0.018385, r_tr_loss: 0.004239, elapsed_time: 0.623767
2024-08-21 13:13:00,477 - INFO - epoch: 0, itr: 223, nll_tr: 1656847.375000, x_tr_loss: 276676.656250, a_tr_loss: 0.017811, r_tr_loss: 0.004204, elapsed_time: 0.747555
2024-08-21 13:13:01,353 - INFO - epoch: 0, itr: 224, nll_tr: 1746458.000000, x_tr_loss: 276670.812500, a_tr_loss: 0.017690, r_tr_loss: 0.004267, elapsed_time: 0.875138
2024-08-21 13:13:02,215 - INFO - epoch: 0, itr: 225, nll_tr: 1807263.375000, x_tr_loss: 276663.062500, a_tr_loss: 0.017866, r_tr_loss: 0.004264, elapsed_time: 0.862283
2024-08-21 13:13:03,020 - INFO - epoch: 0, itr: 226, nll_tr: 1670065.000000, x_tr_loss: 276658.062500, a_tr_loss: 0.018026, r_tr_loss: 0.004283, elapsed_time: 0.803409
2024-08-21 13:13:03,763 - INFO - epoch: 0, itr: 227, nll_tr: 1647663.000000, x_tr_loss: 276650.000000, a_tr_loss: 0.019303, r_tr_loss: 0.004294, elapsed_time: 0.742850
2024-08-21 13:13:04,548 - INFO - epoch: 0, itr: 228, nll_tr: 1814115.875000, x_tr_loss: 276643.656250, a_tr_loss: 0.018221, r_tr_loss: 0.004165, elapsed_time: 0.784337
2024-08-21 13:13:05,296 - INFO - epoch: 0, itr: 229, nll_tr: 1720629.500000, x_tr_loss: 276638.031250, a_tr_loss: 0.018325, r_tr_loss: 0.004158, elapsed_time: 0.747564
2024-08-21 13:13:06,002 - INFO - epoch: 0, itr: 230, nll_tr: 1637399.125000, x_tr_loss: 276631.062500, a_tr_loss: 0.020320, r_tr_loss: 0.004222, elapsed_time: 0.706294
2024-08-21 13:13:06,731 - INFO - epoch: 0, itr: 231, nll_tr: 1692116.500000, x_tr_loss: 276626.031250, a_tr_loss: 0.018363, r_tr_loss: 0.004222, elapsed_time: 0.728815
2024-08-21 13:13:07,499 - INFO - epoch: 0, itr: 232, nll_tr: 1624697.750000, x_tr_loss: 276619.156250, a_tr_loss: 0.019100, r_tr_loss: 0.004287, elapsed_time: 0.768096
2024-08-21 13:13:08,290 - INFO - epoch: 0, itr: 233, nll_tr: 1678281.875000, x_tr_loss: 276614.531250, a_tr_loss: 0.019924, r_tr_loss: 0.004241, elapsed_time: 0.790960
2024-08-21 13:13:08,975 - INFO - epoch: 0, itr: 234, nll_tr: 1593051.000000, x_tr_loss: 276607.531250, a_tr_loss: 0.020556, r_tr_loss: 0.004252, elapsed_time: 0.684262
2024-08-21 13:13:09,692 - INFO - epoch: 0, itr: 235, nll_tr: 1683290.875000, x_tr_loss: 276600.593750, a_tr_loss: 0.019333, r_tr_loss: 0.004267, elapsed_time: 0.717287
2024-08-21 13:13:10,375 - INFO - epoch: 0, itr: 236, nll_tr: 1584001.125000, x_tr_loss: 276594.406250, a_tr_loss: 0.019611, r_tr_loss: 0.004246, elapsed_time: 0.683441
2024-08-21 13:13:11,067 - INFO - epoch: 0, itr: 237, nll_tr: 1702396.625000, x_tr_loss: 276587.968750, a_tr_loss: 0.018438, r_tr_loss: 0.004205, elapsed_time: 0.691340
2024-08-21 13:13:11,771 - INFO - epoch: 0, itr: 238, nll_tr: 1606082.250000, x_tr_loss: 276581.843750, a_tr_loss: 0.019203, r_tr_loss: 0.004307, elapsed_time: 0.704690
2024-08-21 13:13:12,463 - INFO - epoch: 0, itr: 239, nll_tr: 1567175.500000, x_tr_loss: 276575.218750, a_tr_loss: 0.018249, r_tr_loss: 0.004180, elapsed_time: 0.691913
2024-08-21 13:13:13,201 - INFO - epoch: 0, itr: 240, nll_tr: 1425901.250000, x_tr_loss: 276569.093750, a_tr_loss: 0.018295, r_tr_loss: 0.004197, elapsed_time: 0.737838
2024-08-21 13:13:13,998 - INFO - epoch: 0, itr: 241, nll_tr: 1543922.625000, x_tr_loss: 276564.531250, a_tr_loss: 0.018336, r_tr_loss: 0.004236, elapsed_time: 0.796901
2024-08-21 13:13:14,753 - INFO - epoch: 0, itr: 242, nll_tr: 1547955.125000, x_tr_loss: 276557.593750, a_tr_loss: 0.019277, r_tr_loss: 0.004121, elapsed_time: 0.754391
2024-08-21 13:13:15,422 - INFO - epoch: 0, itr: 243, nll_tr: 1715825.250000, x_tr_loss: 276552.718750, a_tr_loss: 0.016823, r_tr_loss: 0.004206, elapsed_time: 0.667760
2024-08-21 13:13:16,153 - INFO - epoch: 0, itr: 244, nll_tr: 1532083.875000, x_tr_loss: 276545.062500, a_tr_loss: 0.017571, r_tr_loss: 0.004249, elapsed_time: 0.731271
2024-08-21 13:13:16,922 - INFO - epoch: 0, itr: 245, nll_tr: 1716174.875000, x_tr_loss: 276541.000000, a_tr_loss: 0.017566, r_tr_loss: 0.004278, elapsed_time: 0.768171
2024-08-21 13:13:17,623 - INFO - epoch: 0, itr: 246, nll_tr: 1539146.500000, x_tr_loss: 276536.906250, a_tr_loss: 0.016874, r_tr_loss: 0.004258, elapsed_time: 0.700913
2024-08-21 13:13:18,381 - INFO - epoch: 0, itr: 247, nll_tr: 1598816.875000, x_tr_loss: 276531.062500, a_tr_loss: 0.017758, r_tr_loss: 0.004253, elapsed_time: 0.756801
2024-08-21 13:13:19,103 - INFO - epoch: 0, itr: 248, nll_tr: 1413005.250000, x_tr_loss: 276525.093750, a_tr_loss: 0.018031, r_tr_loss: 0.004235, elapsed_time: 0.722432
2024-08-21 13:13:19,845 - INFO - epoch: 0, itr: 249, nll_tr: 1396004.000000, x_tr_loss: 276520.562500, a_tr_loss: 0.017904, r_tr_loss: 0.004141, elapsed_time: 0.741225
2024-08-21 13:13:20,531 - INFO - epoch: 0, itr: 250, nll_tr: 1467532.875000, x_tr_loss: 276514.750000, a_tr_loss: 0.016849, r_tr_loss: 0.004206, elapsed_time: 0.686401
2024-08-21 13:13:21,308 - INFO - epoch: 0, itr: 251, nll_tr: 1498320.625000, x_tr_loss: 276508.031250, a_tr_loss: 0.016610, r_tr_loss: 0.004347, elapsed_time: 0.777098
2024-08-21 13:13:22,206 - INFO - epoch: 0, itr: 252, nll_tr: 1407833.375000, x_tr_loss: 276504.000000, a_tr_loss: 0.017752, r_tr_loss: 0.004230, elapsed_time: 0.897674
2024-08-21 13:13:22,990 - INFO - epoch: 0, itr: 253, nll_tr: 1346661.125000, x_tr_loss: 276497.937500, a_tr_loss: 0.017473, r_tr_loss: 0.004281, elapsed_time: 0.783859
2024-08-21 13:13:23,763 - INFO - epoch: 0, itr: 254, nll_tr: 1425541.375000, x_tr_loss: 276494.125000, a_tr_loss: 0.018506, r_tr_loss: 0.004323, elapsed_time: 0.773029
2024-08-21 13:13:24,503 - INFO - epoch: 0, itr: 255, nll_tr: 1398308.500000, x_tr_loss: 276486.562500, a_tr_loss: 0.017607, r_tr_loss: 0.004235, elapsed_time: 0.740473
2024-08-21 13:13:25,321 - INFO - epoch: 0, itr: 256, nll_tr: 1374442.000000, x_tr_loss: 276482.187500, a_tr_loss: 0.017445, r_tr_loss: 0.004413, elapsed_time: 0.817251
2024-08-21 13:13:26,107 - INFO - epoch: 0, itr: 257, nll_tr: 1367202.750000, x_tr_loss: 276476.250000, a_tr_loss: 0.018098, r_tr_loss: 0.004136, elapsed_time: 0.785997
2024-08-21 13:13:26,920 - INFO - epoch: 0, itr: 258, nll_tr: 1487552.500000, x_tr_loss: 276471.093750, a_tr_loss: 0.017307, r_tr_loss: 0.004342, elapsed_time: 0.812678
2024-08-21 13:13:27,660 - INFO - epoch: 0, itr: 259, nll_tr: 1443375.875000, x_tr_loss: 276467.406250, a_tr_loss: 0.018538, r_tr_loss: 0.004300, elapsed_time: 0.740207
2024-08-21 13:13:28,366 - INFO - epoch: 0, itr: 260, nll_tr: 1313709.250000, x_tr_loss: 276461.718750, a_tr_loss: 0.017872, r_tr_loss: 0.004216, elapsed_time: 0.705656
2024-08-21 13:13:29,099 - INFO - epoch: 0, itr: 261, nll_tr: 1506997.875000, x_tr_loss: 276454.750000, a_tr_loss: 0.017920, r_tr_loss: 0.004268, elapsed_time: 0.733471
2024-08-21 13:13:29,805 - INFO - epoch: 0, itr: 262, nll_tr: 1527450.750000, x_tr_loss: 276451.000000, a_tr_loss: 0.018879, r_tr_loss: 0.004218, elapsed_time: 0.706063
2024-08-21 13:13:30,553 - INFO - epoch: 0, itr: 263, nll_tr: 1403340.875000, x_tr_loss: 276445.906250, a_tr_loss: 0.017141, r_tr_loss: 0.004394, elapsed_time: 0.747472
2024-08-21 13:13:31,284 - INFO - epoch: 0, itr: 264, nll_tr: 1426018.625000, x_tr_loss: 276439.156250, a_tr_loss: 0.018653, r_tr_loss: 0.004250, elapsed_time: 0.730792
2024-08-21 13:13:31,993 - INFO - epoch: 0, itr: 265, nll_tr: 1306950.250000, x_tr_loss: 276434.687500, a_tr_loss: 0.017812, r_tr_loss: 0.004147, elapsed_time: 0.708372
2024-08-21 13:13:32,706 - INFO - epoch: 0, itr: 266, nll_tr: 1350935.125000, x_tr_loss: 276430.250000, a_tr_loss: 0.018284, r_tr_loss: 0.004306, elapsed_time: 0.713082
2024-08-21 13:13:33,405 - INFO - epoch: 0, itr: 267, nll_tr: 1275999.875000, x_tr_loss: 276424.968750, a_tr_loss: 0.017488, r_tr_loss: 0.004287, elapsed_time: 0.699466
2024-08-21 13:13:34,113 - INFO - epoch: 0, itr: 268, nll_tr: 1279652.875000, x_tr_loss: 276418.843750, a_tr_loss: 0.016906, r_tr_loss: 0.004226, elapsed_time: 0.707674
2024-08-21 13:13:34,823 - INFO - epoch: 0, itr: 269, nll_tr: 1260723.500000, x_tr_loss: 276414.406250, a_tr_loss: 0.017178, r_tr_loss: 0.004267, elapsed_time: 0.708640
2024-08-21 13:13:35,622 - INFO - epoch: 0, itr: 270, nll_tr: 1339666.000000, x_tr_loss: 276411.343750, a_tr_loss: 0.016109, r_tr_loss: 0.004211, elapsed_time: 0.799755
2024-08-21 13:13:36,929 - INFO - epoch: 0, itr: 271, nll_tr: 1297890.000000, x_tr_loss: 276404.687500, a_tr_loss: 0.017431, r_tr_loss: 0.004268, elapsed_time: 1.306615
2024-08-21 13:13:38,124 - INFO - epoch: 0, itr: 272, nll_tr: 1333192.875000, x_tr_loss: 276400.250000, a_tr_loss: 0.017405, r_tr_loss: 0.004218, elapsed_time: 1.193684
2024-08-21 13:13:38,690 - INFO - epoch: 0, itr: 273, nll_tr: 1322366.625000, x_tr_loss: 276397.281250, a_tr_loss: 0.016346, r_tr_loss: 0.004295, elapsed_time: 0.566730
2024-08-21 13:13:39,307 - INFO - epoch: 0, itr: 274, nll_tr: 1208660.000000, x_tr_loss: 276390.750000, a_tr_loss: 0.017957, r_tr_loss: 0.004196, elapsed_time: 0.616035
2024-08-21 13:13:40,011 - INFO - epoch: 0, itr: 275, nll_tr: 1141052.875000, x_tr_loss: 276387.406250, a_tr_loss: 0.017010, r_tr_loss: 0.004293, elapsed_time: 0.702790
2024-08-21 13:13:40,823 - INFO - epoch: 0, itr: 276, nll_tr: 1298094.500000, x_tr_loss: 276382.000000, a_tr_loss: 0.016638, r_tr_loss: 0.004336, elapsed_time: 0.812328
2024-08-21 13:13:41,549 - INFO - epoch: 0, itr: 277, nll_tr: 1167528.000000, x_tr_loss: 276378.062500, a_tr_loss: 0.018018, r_tr_loss: 0.004308, elapsed_time: 0.725789
2024-08-21 13:13:42,241 - INFO - epoch: 0, itr: 278, nll_tr: 1298681.000000, x_tr_loss: 276373.531250, a_tr_loss: 0.017724, r_tr_loss: 0.004240, elapsed_time: 0.691820
2024-08-21 13:13:42,932 - INFO - epoch: 0, itr: 279, nll_tr: 1129624.000000, x_tr_loss: 276370.093750, a_tr_loss: 0.016448, r_tr_loss: 0.004352, elapsed_time: 0.691048
2024-08-21 13:13:43,607 - INFO - epoch: 0, itr: 280, nll_tr: 1195447.750000, x_tr_loss: 276364.531250, a_tr_loss: 0.016919, r_tr_loss: 0.004310, elapsed_time: 0.674457
2024-08-21 13:13:44,274 - INFO - epoch: 0, itr: 281, nll_tr: 1193887.250000, x_tr_loss: 276362.750000, a_tr_loss: 0.017130, r_tr_loss: 0.004258, elapsed_time: 0.666751
2024-08-21 13:13:44,949 - INFO - epoch: 0, itr: 282, nll_tr: 1132646.500000, x_tr_loss: 276357.687500, a_tr_loss: 0.017397, r_tr_loss: 0.004264, elapsed_time: 0.674835
2024-08-21 13:13:45,642 - INFO - epoch: 0, itr: 283, nll_tr: 1191126.750000, x_tr_loss: 276353.031250, a_tr_loss: 0.018722, r_tr_loss: 0.004253, elapsed_time: 0.692327
2024-08-21 13:13:46,358 - INFO - epoch: 0, itr: 284, nll_tr: 1158808.125000, x_tr_loss: 276351.062500, a_tr_loss: 0.018456, r_tr_loss: 0.004178, elapsed_time: 0.715818
2024-08-21 13:13:47,060 - INFO - epoch: 0, itr: 285, nll_tr: 1241797.375000, x_tr_loss: 276346.250000, a_tr_loss: 0.016779, r_tr_loss: 0.004244, elapsed_time: 0.701545
2024-08-21 13:13:47,739 - INFO - epoch: 0, itr: 286, nll_tr: 1177681.375000, x_tr_loss: 276340.593750, a_tr_loss: 0.017078, r_tr_loss: 0.004308, elapsed_time: 0.678334
2024-08-21 13:13:48,512 - INFO - epoch: 0, itr: 287, nll_tr: 1232915.250000, x_tr_loss: 276339.250000, a_tr_loss: 0.017670, r_tr_loss: 0.004187, elapsed_time: 0.772984
2024-08-21 13:13:49,199 - INFO - epoch: 0, itr: 288, nll_tr: 1191724.500000, x_tr_loss: 276332.156250, a_tr_loss: 0.018017, r_tr_loss: 0.004226, elapsed_time: 0.686795
2024-08-21 13:13:49,877 - INFO - epoch: 0, itr: 289, nll_tr: 1153735.625000, x_tr_loss: 276330.093750, a_tr_loss: 0.018159, r_tr_loss: 0.004255, elapsed_time: 0.675811
2024-08-21 13:13:50,578 - INFO - epoch: 0, itr: 290, nll_tr: 1106934.875000, x_tr_loss: 276326.875000, a_tr_loss: 0.018826, r_tr_loss: 0.004196, elapsed_time: 0.701159
2024-08-21 13:13:51,337 - INFO - epoch: 0, itr: 291, nll_tr: 1012817.000000, x_tr_loss: 276323.750000, a_tr_loss: 0.016103, r_tr_loss: 0.004367, elapsed_time: 0.758867
2024-08-21 13:13:52,035 - INFO - epoch: 0, itr: 292, nll_tr: 1161986.875000, x_tr_loss: 276319.343750, a_tr_loss: 0.016920, r_tr_loss: 0.004408, elapsed_time: 0.698617
2024-08-21 13:13:52,719 - INFO - epoch: 0, itr: 293, nll_tr: 1106918.500000, x_tr_loss: 276316.062500, a_tr_loss: 0.017812, r_tr_loss: 0.004349, elapsed_time: 0.683787
2024-08-21 13:13:53,432 - INFO - epoch: 0, itr: 294, nll_tr: 1218528.000000, x_tr_loss: 276312.281250, a_tr_loss: 0.016670, r_tr_loss: 0.004349, elapsed_time: 0.711689
2024-08-21 13:13:54,167 - INFO - epoch: 0, itr: 295, nll_tr: 1121502.375000, x_tr_loss: 276308.343750, a_tr_loss: 0.016141, r_tr_loss: 0.004180, elapsed_time: 0.735332
2024-08-21 13:13:55,464 - INFO - epoch: 0, itr: 296, nll_tr: 1221131.875000, x_tr_loss: 276305.937500, a_tr_loss: 0.016983, r_tr_loss: 0.004208, elapsed_time: 1.297024
2024-08-21 13:13:56,127 - INFO - epoch: 0, itr: 297, nll_tr: 1136765.875000, x_tr_loss: 276300.656250, a_tr_loss: 0.016638, r_tr_loss: 0.004253, elapsed_time: 0.662806
2024-08-21 13:13:56,895 - INFO - epoch: 0, itr: 298, nll_tr: 1195346.000000, x_tr_loss: 276297.843750, a_tr_loss: 0.016950, r_tr_loss: 0.004181, elapsed_time: 0.767760
2024-08-21 13:13:57,628 - INFO - epoch: 0, itr: 299, nll_tr: 1153071.875000, x_tr_loss: 276294.687500, a_tr_loss: 0.016731, r_tr_loss: 0.004334, elapsed_time: 0.733008
2024-08-21 13:13:58,373 - INFO - epoch: 0, itr: 300, nll_tr: 1106524.375000, x_tr_loss: 276292.156250, a_tr_loss: 0.016738, r_tr_loss: 0.004225, elapsed_time: 0.745259
2024-08-21 13:13:59,252 - INFO - epoch: 0, itr: 301, nll_tr: 1041783.375000, x_tr_loss: 276287.125000, a_tr_loss: 0.017267, r_tr_loss: 0.004260, elapsed_time: 0.879056
2024-08-21 13:14:00,007 - INFO - epoch: 0, itr: 302, nll_tr: 1100956.500000, x_tr_loss: 276285.093750, a_tr_loss: 0.016417, r_tr_loss: 0.004220, elapsed_time: 0.755000
2024-08-21 13:14:00,752 - INFO - epoch: 0, itr: 303, nll_tr: 1127811.750000, x_tr_loss: 276281.062500, a_tr_loss: 0.016331, r_tr_loss: 0.004291, elapsed_time: 0.745335
2024-08-21 13:14:01,529 - INFO - epoch: 0, itr: 304, nll_tr: 1050452.250000, x_tr_loss: 276278.906250, a_tr_loss: 0.017337, r_tr_loss: 0.004356, elapsed_time: 0.775045
2024-08-21 13:14:02,286 - INFO - epoch: 0, itr: 305, nll_tr: 944361.125000, x_tr_loss: 276275.750000, a_tr_loss: 0.016291, r_tr_loss: 0.004267, elapsed_time: 0.757344
2024-08-21 13:14:03,033 - INFO - epoch: 0, itr: 306, nll_tr: 1176926.875000, x_tr_loss: 276270.906250, a_tr_loss: 0.016852, r_tr_loss: 0.004229, elapsed_time: 0.747346
2024-08-21 13:14:03,811 - INFO - epoch: 0, itr: 307, nll_tr: 1109906.375000, x_tr_loss: 276268.093750, a_tr_loss: 0.017515, r_tr_loss: 0.004209, elapsed_time: 0.777606
2024-08-21 13:14:04,570 - INFO - epoch: 0, itr: 308, nll_tr: 1069892.500000, x_tr_loss: 276264.343750, a_tr_loss: 0.016359, r_tr_loss: 0.004222, elapsed_time: 0.758504
2024-08-21 13:14:05,326 - INFO - epoch: 0, itr: 309, nll_tr: 1080981.375000, x_tr_loss: 276261.812500, a_tr_loss: 0.016227, r_tr_loss: 0.004247, elapsed_time: 0.755930
2024-08-21 13:14:06,078 - INFO - epoch: 0, itr: 310, nll_tr: 984973.625000, x_tr_loss: 276258.968750, a_tr_loss: 0.016961, r_tr_loss: 0.004224, elapsed_time: 0.752697
2024-08-21 13:14:06,892 - INFO - epoch: 0, itr: 311, nll_tr: 1001511.937500, x_tr_loss: 276253.656250, a_tr_loss: 0.016927, r_tr_loss: 0.004257, elapsed_time: 0.813521
2024-08-21 13:14:07,800 - INFO - epoch: 0, itr: 312, nll_tr: 1735825.375000, x_tr_loss: 276250.468750, a_tr_loss: 0.017261, r_tr_loss: 0.004193, elapsed_time: 0.906890
2024-08-21 13:14:08,690 - INFO - epoch: 0, itr: 313, nll_tr: 1046338.562500, x_tr_loss: 276249.593750, a_tr_loss: 0.016300, r_tr_loss: 0.004144, elapsed_time: 0.890421
2024-08-21 13:14:09,612 - INFO - epoch: 0, itr: 314, nll_tr: 1041750.125000, x_tr_loss: 276248.343750, a_tr_loss: 0.016115, r_tr_loss: 0.004274, elapsed_time: 0.920410
2024-08-21 13:14:10,395 - INFO - epoch: 0, itr: 315, nll_tr: 1047372.250000, x_tr_loss: 276247.250000, a_tr_loss: 0.015944, r_tr_loss: 0.004308, elapsed_time: 0.782512
2024-08-21 13:14:11,101 - INFO - epoch: 0, itr: 316, nll_tr: 1035369.125000, x_tr_loss: 276245.375000, a_tr_loss: 0.017265, r_tr_loss: 0.004268, elapsed_time: 0.706120
2024-08-21 13:14:11,892 - INFO - epoch: 0, itr: 317, nll_tr: 1214047.125000, x_tr_loss: 276245.281250, a_tr_loss: 0.016262, r_tr_loss: 0.004142, elapsed_time: 0.791598
2024-08-21 13:14:12,687 - INFO - epoch: 0, itr: 318, nll_tr: 991209.625000, x_tr_loss: 276246.343750, a_tr_loss: 0.015244, r_tr_loss: 0.004293, elapsed_time: 0.794973
2024-08-21 13:14:13,413 - INFO - epoch: 0, itr: 319, nll_tr: 1057388.625000, x_tr_loss: 276244.343750, a_tr_loss: 0.016936, r_tr_loss: 0.004280, elapsed_time: 0.725897
2024-08-21 13:14:14,139 - INFO - epoch: 0, itr: 320, nll_tr: 1027461.437500, x_tr_loss: 276243.000000, a_tr_loss: 0.016813, r_tr_loss: 0.004220, elapsed_time: 0.724084
2024-08-21 13:14:14,830 - INFO - epoch: 0, itr: 321, nll_tr: 1071237.875000, x_tr_loss: 276239.750000, a_tr_loss: 0.016310, r_tr_loss: 0.004357, elapsed_time: 0.691246
2024-08-21 13:14:15,529 - INFO - epoch: 0, itr: 322, nll_tr: 1172527.125000, x_tr_loss: 276240.281250, a_tr_loss: 0.017407, r_tr_loss: 0.004248, elapsed_time: 0.699092
2024-08-21 13:14:16,235 - INFO - epoch: 0, itr: 323, nll_tr: 1131696.500000, x_tr_loss: 276237.750000, a_tr_loss: 0.017715, r_tr_loss: 0.004233, elapsed_time: 0.706513
2024-08-21 13:14:17,440 - INFO - epoch: 0, itr: 324, nll_tr: 1084695.000000, x_tr_loss: 276236.531250, a_tr_loss: 0.016950, r_tr_loss: 0.004204, elapsed_time: 1.204894
2024-08-21 13:14:18,066 - INFO - epoch: 0, itr: 325, nll_tr: 995662.937500, x_tr_loss: 276234.562500, a_tr_loss: 0.016135, r_tr_loss: 0.004212, elapsed_time: 0.625007
2024-08-21 13:14:18,759 - INFO - epoch: 0, itr: 326, nll_tr: 1040816.625000, x_tr_loss: 276230.843750, a_tr_loss: 0.017682, r_tr_loss: 0.004322, elapsed_time: 0.692954
2024-08-21 13:14:19,807 - INFO - epoch: 0, itr: 327, nll_tr: 953096.750000, x_tr_loss: 276227.875000, a_tr_loss: 0.017407, r_tr_loss: 0.004245, elapsed_time: 1.047302
2024-08-21 13:14:20,501 - INFO - epoch: 0, itr: 328, nll_tr: 1048118.187500, x_tr_loss: 276224.687500, a_tr_loss: 0.016264, r_tr_loss: 0.004209, elapsed_time: 0.694562
2024-08-21 13:14:21,189 - INFO - epoch: 0, itr: 329, nll_tr: 998495.312500, x_tr_loss: 276224.875000, a_tr_loss: 0.016513, r_tr_loss: 0.004154, elapsed_time: 0.687385
2024-08-21 13:14:21,898 - INFO - epoch: 0, itr: 330, nll_tr: 1019049.687500, x_tr_loss: 276220.343750, a_tr_loss: 0.015915, r_tr_loss: 0.004185, elapsed_time: 0.709009
2024-08-21 13:14:22,611 - INFO - epoch: 0, itr: 331, nll_tr: 983231.000000, x_tr_loss: 276218.062500, a_tr_loss: 0.017328, r_tr_loss: 0.004241, elapsed_time: 0.712316
2024-08-21 13:14:23,310 - INFO - epoch: 0, itr: 332, nll_tr: 993947.937500, x_tr_loss: 276215.843750, a_tr_loss: 0.016935, r_tr_loss: 0.004211, elapsed_time: 0.699090
2024-08-21 13:14:23,990 - INFO - epoch: 0, itr: 333, nll_tr: 1069881.375000, x_tr_loss: 276211.843750, a_tr_loss: 0.016136, r_tr_loss: 0.004270, elapsed_time: 0.679845
2024-08-21 13:14:24,711 - INFO - epoch: 0, itr: 334, nll_tr: 1075486.500000, x_tr_loss: 276211.343750, a_tr_loss: 0.016554, r_tr_loss: 0.004295, elapsed_time: 0.720876
2024-08-21 13:14:25,413 - INFO - epoch: 0, itr: 335, nll_tr: 975565.625000, x_tr_loss: 276211.343750, a_tr_loss: 0.017573, r_tr_loss: 0.004288, elapsed_time: 0.702662
2024-08-21 13:14:26,109 - INFO - epoch: 0, itr: 336, nll_tr: 1013525.500000, x_tr_loss: 276207.093750, a_tr_loss: 0.015516, r_tr_loss: 0.004255, elapsed_time: 0.696002
2024-08-21 13:14:26,780 - INFO - epoch: 0, itr: 337, nll_tr: 1024503.125000, x_tr_loss: 276202.218750, a_tr_loss: 0.016133, r_tr_loss: 0.004321, elapsed_time: 0.671173
2024-08-21 13:14:27,488 - INFO - epoch: 0, itr: 338, nll_tr: 1022992.375000, x_tr_loss: 276202.968750, a_tr_loss: 0.016502, r_tr_loss: 0.004259, elapsed_time: 0.707936
2024-08-21 13:14:28,177 - INFO - epoch: 0, itr: 339, nll_tr: 1069432.875000, x_tr_loss: 276198.093750, a_tr_loss: 0.016705, r_tr_loss: 0.004194, elapsed_time: 0.688179
2024-08-21 13:14:28,846 - INFO - epoch: 0, itr: 340, nll_tr: 994540.187500, x_tr_loss: 276197.468750, a_tr_loss: 0.016508, r_tr_loss: 0.004189, elapsed_time: 0.669258
2024-08-21 13:14:29,547 - INFO - epoch: 0, itr: 341, nll_tr: 926132.562500, x_tr_loss: 276195.875000, a_tr_loss: 0.017459, r_tr_loss: 0.004160, elapsed_time: 0.701193
2024-08-21 13:14:30,436 - INFO - epoch: 0, itr: 342, nll_tr: 1007063.875000, x_tr_loss: 276192.000000, a_tr_loss: 0.018464, r_tr_loss: 0.004250, elapsed_time: 0.872251
2024-08-21 13:14:31,133 - INFO - epoch: 0, itr: 343, nll_tr: 991061.000000, x_tr_loss: 276192.062500, a_tr_loss: 0.017449, r_tr_loss: 0.004225, elapsed_time: 0.696546
2024-08-21 13:14:32,629 - INFO - epoch: 0, itr: 344, nll_tr: 1012609.875000, x_tr_loss: 276189.250000, a_tr_loss: 0.016519, r_tr_loss: 0.004225, elapsed_time: 1.495866
2024-08-21 13:14:33,194 - INFO - epoch: 0, itr: 345, nll_tr: 1059221.000000, x_tr_loss: 276187.343750, a_tr_loss: 0.016705, r_tr_loss: 0.004266, elapsed_time: 0.565246
2024-08-21 13:14:33,863 - INFO - epoch: 0, itr: 346, nll_tr: 955331.187500, x_tr_loss: 276185.062500, a_tr_loss: 0.015708, r_tr_loss: 0.004203, elapsed_time: 0.669312
2024-08-21 13:14:34,569 - INFO - epoch: 0, itr: 347, nll_tr: 924937.437500, x_tr_loss: 276183.000000, a_tr_loss: 0.016536, r_tr_loss: 0.004274, elapsed_time: 0.705509
2024-08-21 13:14:35,290 - INFO - epoch: 0, itr: 348, nll_tr: 920561.312500, x_tr_loss: 276179.687500, a_tr_loss: 0.016419, r_tr_loss: 0.004287, elapsed_time: 0.721133
2024-08-21 13:14:35,989 - INFO - epoch: 0, itr: 349, nll_tr: 977851.937500, x_tr_loss: 276179.687500, a_tr_loss: 0.016827, r_tr_loss: 0.004150, elapsed_time: 0.699518
2024-08-21 13:14:36,701 - INFO - epoch: 0, itr: 350, nll_tr: 1006347.437500, x_tr_loss: 276177.593750, a_tr_loss: 0.016488, r_tr_loss: 0.004168, elapsed_time: 0.711353
2024-08-21 13:14:37,413 - INFO - epoch: 0, itr: 351, nll_tr: 1018247.125000, x_tr_loss: 276176.218750, a_tr_loss: 0.016491, r_tr_loss: 0.004144, elapsed_time: 0.711592
2024-08-21 13:14:38,116 - INFO - epoch: 0, itr: 352, nll_tr: 880960.250000, x_tr_loss: 276174.062500, a_tr_loss: 0.016384, r_tr_loss: 0.004266, elapsed_time: 0.701998
2024-08-21 13:14:38,817 - INFO - epoch: 0, itr: 353, nll_tr: 970260.500000, x_tr_loss: 276172.593750, a_tr_loss: 0.015266, r_tr_loss: 0.004256, elapsed_time: 0.700929
2024-08-21 13:14:39,520 - INFO - epoch: 0, itr: 354, nll_tr: 976047.187500, x_tr_loss: 276170.812500, a_tr_loss: 0.016265, r_tr_loss: 0.004237, elapsed_time: 0.703461
2024-08-21 13:14:40,285 - INFO - epoch: 0, itr: 355, nll_tr: 987264.812500, x_tr_loss: 276168.062500, a_tr_loss: 0.016770, r_tr_loss: 0.004220, elapsed_time: 0.764642
2024-08-21 13:14:41,006 - INFO - epoch: 0, itr: 356, nll_tr: 933254.500000, x_tr_loss: 276165.343750, a_tr_loss: 0.016725, r_tr_loss: 0.004245, elapsed_time: 0.720476
2024-08-21 13:14:41,754 - INFO - epoch: 0, itr: 357, nll_tr: 917116.875000, x_tr_loss: 276165.343750, a_tr_loss: 0.016289, r_tr_loss: 0.004246, elapsed_time: 0.747654
2024-08-21 13:14:42,485 - INFO - epoch: 0, itr: 358, nll_tr: 909236.000000, x_tr_loss: 276161.406250, a_tr_loss: 0.017093, r_tr_loss: 0.004178, elapsed_time: 0.730409
2024-08-21 13:14:43,222 - INFO - epoch: 0, itr: 359, nll_tr: 895664.125000, x_tr_loss: 276159.968750, a_tr_loss: 0.016476, r_tr_loss: 0.004253, elapsed_time: 0.737812
2024-08-21 13:14:43,993 - INFO - epoch: 0, itr: 360, nll_tr: 1010365.125000, x_tr_loss: 276156.906250, a_tr_loss: 0.017452, r_tr_loss: 0.004221, elapsed_time: 0.769832
2024-08-21 13:14:44,778 - INFO - epoch: 0, itr: 361, nll_tr: 890724.625000, x_tr_loss: 276157.000000, a_tr_loss: 0.017319, r_tr_loss: 0.004227, elapsed_time: 0.784593
2024-08-21 13:14:45,556 - INFO - epoch: 0, itr: 362, nll_tr: 895689.062500, x_tr_loss: 276154.062500, a_tr_loss: 0.016390, r_tr_loss: 0.004214, elapsed_time: 0.777896
2024-08-21 13:14:48,330 - INFO - epoch: 0, itr: 363, nll_tr: 875616.812500, x_tr_loss: 276152.687500, a_tr_loss: 0.015683, r_tr_loss: 0.004255, elapsed_time: 2.773496
2024-08-21 13:14:48,947 - INFO - epoch: 0, itr: 364, nll_tr: 914089.250000, x_tr_loss: 276150.593750, a_tr_loss: 0.016516, r_tr_loss: 0.004219, elapsed_time: 0.616701
2024-08-21 13:14:49,588 - INFO - epoch: 0, itr: 365, nll_tr: 849183.187500, x_tr_loss: 276149.062500, a_tr_loss: 0.015721, r_tr_loss: 0.004150, elapsed_time: 0.640720
2024-08-21 13:14:50,288 - INFO - epoch: 0, itr: 366, nll_tr: 1003585.000000, x_tr_loss: 276149.968750, a_tr_loss: 0.016273, r_tr_loss: 0.004190, elapsed_time: 0.699934
2024-08-21 13:14:51,764 - INFO - epoch: 0, itr: 367, nll_tr: 947662.937500, x_tr_loss: 276146.781250, a_tr_loss: 0.016617, r_tr_loss: 0.004244, elapsed_time: 1.476146
2024-08-21 13:14:52,670 - INFO - epoch: 0, itr: 368, nll_tr: 875248.875000, x_tr_loss: 276143.937500, a_tr_loss: 0.016696, r_tr_loss: 0.004171, elapsed_time: 0.905955
2024-08-21 13:14:53,506 - INFO - epoch: 0, itr: 369, nll_tr: 881481.062500, x_tr_loss: 276142.343750, a_tr_loss: 0.016193, r_tr_loss: 0.004119, elapsed_time: 0.835956
2024-08-21 13:14:54,264 - INFO - epoch: 0, itr: 370, nll_tr: 946179.000000, x_tr_loss: 276141.687500, a_tr_loss: 0.015916, r_tr_loss: 0.004266, elapsed_time: 0.758373
2024-08-21 13:14:54,964 - INFO - epoch: 0, itr: 371, nll_tr: 882842.625000, x_tr_loss: 276139.687500, a_tr_loss: 0.016423, r_tr_loss: 0.004226, elapsed_time: 0.699377
2024-08-21 13:14:55,668 - INFO - epoch: 0, itr: 372, nll_tr: 840543.437500, x_tr_loss: 276138.218750, a_tr_loss: 0.016776, r_tr_loss: 0.004102, elapsed_time: 0.704504
2024-08-21 13:14:56,413 - INFO - epoch: 0, itr: 373, nll_tr: 867692.250000, x_tr_loss: 276138.218750, a_tr_loss: 0.016673, r_tr_loss: 0.004147, elapsed_time: 0.745106
2024-08-21 13:14:57,128 - INFO - epoch: 0, itr: 374, nll_tr: 982009.937500, x_tr_loss: 276134.718750, a_tr_loss: 0.017141, r_tr_loss: 0.004263, elapsed_time: 0.714768
2024-08-21 13:14:57,850 - INFO - epoch: 0, itr: 375, nll_tr: 845207.500000, x_tr_loss: 276134.281250, a_tr_loss: 0.016678, r_tr_loss: 0.004221, elapsed_time: 0.722224
2024-08-21 13:14:58,586 - INFO - epoch: 0, itr: 376, nll_tr: 865607.375000, x_tr_loss: 276132.343750, a_tr_loss: 0.015475, r_tr_loss: 0.004307, elapsed_time: 0.735761
2024-08-21 13:14:59,264 - INFO - epoch: 0, itr: 377, nll_tr: 972058.187500, x_tr_loss: 276129.968750, a_tr_loss: 0.015429, r_tr_loss: 0.004186, elapsed_time: 0.678275
2024-08-21 13:14:59,934 - INFO - epoch: 0, itr: 378, nll_tr: 953094.062500, x_tr_loss: 276129.343750, a_tr_loss: 0.015856, r_tr_loss: 0.004177, elapsed_time: 0.669121
2024-08-21 13:15:00,614 - INFO - epoch: 0, itr: 379, nll_tr: 876025.312500, x_tr_loss: 276128.781250, a_tr_loss: 0.016962, r_tr_loss: 0.004114, elapsed_time: 0.680822
2024-08-21 13:15:01,301 - INFO - epoch: 0, itr: 380, nll_tr: 859208.750000, x_tr_loss: 276127.250000, a_tr_loss: 0.016170, r_tr_loss: 0.004184, elapsed_time: 0.687002
2024-08-21 13:15:01,969 - INFO - epoch: 0, itr: 381, nll_tr: 876148.812500, x_tr_loss: 276124.843750, a_tr_loss: 0.015661, r_tr_loss: 0.004191, elapsed_time: 0.667486
2024-08-21 13:15:02,649 - INFO - epoch: 0, itr: 382, nll_tr: 849223.562500, x_tr_loss: 276122.343750, a_tr_loss: 0.015908, r_tr_loss: 0.004141, elapsed_time: 0.680276
2024-08-21 13:15:03,609 - INFO - epoch: 0, itr: 383, nll_tr: 891352.375000, x_tr_loss: 276123.343750, a_tr_loss: 0.015879, r_tr_loss: 0.004209, elapsed_time: 0.958772
2024-08-21 13:15:04,283 - INFO - epoch: 0, itr: 384, nll_tr: 898511.125000, x_tr_loss: 276121.656250, a_tr_loss: 0.015249, r_tr_loss: 0.004211, elapsed_time: 0.674474
2024-08-21 13:15:04,961 - INFO - epoch: 0, itr: 385, nll_tr: 865413.187500, x_tr_loss: 276119.718750, a_tr_loss: 0.015328, r_tr_loss: 0.004168, elapsed_time: 0.677336
