2024-08-22 18:24:43,433 - WARNING - From C:\Users\aymen\miniconda3\envs\mm\lib\site-packages\tensorflow\python\framework\op_def_library.py:263: colocate_with (from tensorflow.python.framework.ops) is deprecated and will be removed in a future version.
Instructions for updating:
Colocations handled automatically by placer.
2024-08-22 18:24:45,939 - WARNING - From C:\Users\aymen\miniconda3\envs\mm\lib\site-packages\tensorflow_probability\python\distributions\categorical.py:263: multinomial (from tensorflow.python.ops.random_ops) is deprecated and will be removed in a future version.
Instructions for updating:
Use tf.random.categorical instead.
2024-08-22 18:24:49,329 - WARNING - From C:\Users\aymen\miniconda3\envs\mm\lib\site-packages\tensorflow\python\ops\math_ops.py:3066: to_int32 (from tensorflow.python.ops.math_ops) is deprecated and will be removed in a future version.
Instructions for updating:
Use tf.cast instead.
2024-08-22 18:24:54,567 - INFO - Starting initializing variables ...
2024-08-22 18:24:57,153 - INFO - Starting epoch ...
2024-08-22 18:25:06,191 - INFO - epoch: 0, itr: 0, nll_tr: 5479688.000000, x_tr_loss: 295285.718750, a_tr_loss: 0.115694, r_tr_loss: 0.006245, elapsed_time: 9.036283
2024-08-22 18:25:07,173 - INFO - epoch: 0, itr: 1, nll_tr: 5213671.000000, x_tr_loss: 295283.343750, a_tr_loss: 0.113310, r_tr_loss: 0.005953, elapsed_time: 0.981046
2024-08-22 18:25:08,296 - INFO - epoch: 0, itr: 2, nll_tr: 5097123.000000, x_tr_loss: 295285.250000, a_tr_loss: 0.110829, r_tr_loss: 0.005569, elapsed_time: 1.123125
2024-08-22 18:25:09,223 - INFO - epoch: 0, itr: 3, nll_tr: 5000745.000000, x_tr_loss: 295282.750000, a_tr_loss: 0.100143, r_tr_loss: 0.005855, elapsed_time: 0.927602
2024-08-22 18:25:10,177 - INFO - epoch: 0, itr: 4, nll_tr: 4826234.500000, x_tr_loss: 295284.375000, a_tr_loss: 0.101695, r_tr_loss: 0.005634, elapsed_time: 0.953961
2024-08-22 18:25:11,064 - INFO - epoch: 0, itr: 5, nll_tr: 4912637.000000, x_tr_loss: 295283.093750, a_tr_loss: 0.095473, r_tr_loss: 0.005464, elapsed_time: 0.886833
2024-08-22 18:25:11,872 - INFO - epoch: 0, itr: 6, nll_tr: 4804246.000000, x_tr_loss: 295282.562500, a_tr_loss: 0.090094, r_tr_loss: 0.005373, elapsed_time: 0.808208
2024-08-22 18:25:12,694 - INFO - epoch: 0, itr: 7, nll_tr: 4821863.000000, x_tr_loss: 295281.218750, a_tr_loss: 0.083131, r_tr_loss: 0.005170, elapsed_time: 0.821851
2024-08-22 18:25:13,490 - INFO - epoch: 0, itr: 8, nll_tr: 5004783.500000, x_tr_loss: 295283.687500, a_tr_loss: 0.082107, r_tr_loss: 0.005005, elapsed_time: 0.796193
2024-08-22 18:25:14,235 - INFO - epoch: 0, itr: 9, nll_tr: 5219524.000000, x_tr_loss: 295283.375000, a_tr_loss: 0.083014, r_tr_loss: 0.005143, elapsed_time: 0.743530
2024-08-22 18:25:14,999 - INFO - epoch: 0, itr: 10, nll_tr: 4802357.500000, x_tr_loss: 295282.593750, a_tr_loss: 0.075980, r_tr_loss: 0.004599, elapsed_time: 0.764344
2024-08-22 18:25:15,789 - INFO - epoch: 0, itr: 11, nll_tr: 4946675.500000, x_tr_loss: 295279.718750, a_tr_loss: 0.072519, r_tr_loss: 0.004959, elapsed_time: 0.750275
2024-08-22 18:25:16,547 - INFO - epoch: 0, itr: 12, nll_tr: 5066309.000000, x_tr_loss: 295282.781250, a_tr_loss: 0.070866, r_tr_loss: 0.005243, elapsed_time: 0.757736
2024-08-22 18:25:17,368 - INFO - epoch: 0, itr: 13, nll_tr: 4962165.000000, x_tr_loss: 295281.250000, a_tr_loss: 0.070873, r_tr_loss: 0.004881, elapsed_time: 0.821080
2024-08-22 18:25:18,208 - INFO - epoch: 0, itr: 14, nll_tr: 4873136.500000, x_tr_loss: 295282.875000, a_tr_loss: 0.068829, r_tr_loss: 0.004987, elapsed_time: 0.840289
2024-08-22 18:25:19,042 - INFO - epoch: 0, itr: 15, nll_tr: 4833856.000000, x_tr_loss: 295280.937500, a_tr_loss: 0.063276, r_tr_loss: 0.004816, elapsed_time: 0.832883
2024-08-22 18:25:19,825 - INFO - epoch: 0, itr: 16, nll_tr: 4729959.500000, x_tr_loss: 295281.218750, a_tr_loss: 0.062826, r_tr_loss: 0.004536, elapsed_time: 0.782029
2024-08-22 18:25:20,595 - INFO - epoch: 0, itr: 17, nll_tr: 4655110.000000, x_tr_loss: 295280.937500, a_tr_loss: 0.065994, r_tr_loss: 0.004504, elapsed_time: 0.770364
2024-08-22 18:25:21,616 - INFO - epoch: 0, itr: 18, nll_tr: 4545233.000000, x_tr_loss: 295282.562500, a_tr_loss: 0.061337, r_tr_loss: 0.004705, elapsed_time: 1.020656
2024-08-22 18:25:22,611 - INFO - epoch: 0, itr: 19, nll_tr: 4700520.000000, x_tr_loss: 295279.406250, a_tr_loss: 0.061426, r_tr_loss: 0.004910, elapsed_time: 0.993528
2024-08-22 18:25:23,450 - INFO - epoch: 0, itr: 20, nll_tr: 4764424.000000, x_tr_loss: 295282.156250, a_tr_loss: 0.063521, r_tr_loss: 0.004851, elapsed_time: 0.838905
2024-08-22 18:25:24,341 - INFO - epoch: 0, itr: 21, nll_tr: 4599023.500000, x_tr_loss: 295279.875000, a_tr_loss: 0.056588, r_tr_loss: 0.004747, elapsed_time: 0.890579
2024-08-22 18:25:25,209 - INFO - epoch: 0, itr: 22, nll_tr: 4844301.000000, x_tr_loss: 295278.156250, a_tr_loss: 0.054996, r_tr_loss: 0.004755, elapsed_time: 0.867696
2024-08-22 18:25:26,008 - INFO - epoch: 0, itr: 23, nll_tr: 4564289.000000, x_tr_loss: 295279.718750, a_tr_loss: 0.061193, r_tr_loss: 0.004854, elapsed_time: 0.799423
2024-08-22 18:25:26,829 - INFO - epoch: 0, itr: 24, nll_tr: 4678886.500000, x_tr_loss: 295278.968750, a_tr_loss: 0.057347, r_tr_loss: 0.004785, elapsed_time: 0.818986
2024-08-22 18:25:27,595 - INFO - epoch: 0, itr: 25, nll_tr: 4587050.500000, x_tr_loss: 295278.468750, a_tr_loss: 0.058337, r_tr_loss: 0.004661, elapsed_time: 0.765931
2024-08-22 18:25:28,349 - INFO - epoch: 0, itr: 26, nll_tr: 4736381.000000, x_tr_loss: 295279.156250, a_tr_loss: 0.057103, r_tr_loss: 0.004367, elapsed_time: 0.754549
2024-08-22 18:25:29,120 - INFO - epoch: 0, itr: 27, nll_tr: 4533441.000000, x_tr_loss: 295278.343750, a_tr_loss: 0.056746, r_tr_loss: 0.004609, elapsed_time: 0.770966
2024-08-22 18:25:29,893 - INFO - epoch: 0, itr: 28, nll_tr: 4625151.500000, x_tr_loss: 295279.343750, a_tr_loss: 0.057950, r_tr_loss: 0.004796, elapsed_time: 0.773318
2024-08-22 18:25:30,628 - INFO - epoch: 0, itr: 29, nll_tr: 4369164.000000, x_tr_loss: 295277.656250, a_tr_loss: 0.053632, r_tr_loss: 0.004601, elapsed_time: 0.734113
2024-08-22 18:25:31,344 - INFO - epoch: 0, itr: 30, nll_tr: 4549796.000000, x_tr_loss: 295278.187500, a_tr_loss: 0.055182, r_tr_loss: 0.004539, elapsed_time: 0.715870
2024-08-22 18:25:32,114 - INFO - epoch: 0, itr: 31, nll_tr: 4348820.500000, x_tr_loss: 295278.156250, a_tr_loss: 0.053737, r_tr_loss: 0.004381, elapsed_time: 0.743818
2024-08-22 18:25:32,886 - INFO - epoch: 0, itr: 32, nll_tr: 4383370.500000, x_tr_loss: 295275.968750, a_tr_loss: 0.054352, r_tr_loss: 0.004544, elapsed_time: 0.771465
2024-08-22 18:25:33,622 - INFO - epoch: 0, itr: 33, nll_tr: 4334744.500000, x_tr_loss: 295275.843750, a_tr_loss: 0.046433, r_tr_loss: 0.004571, elapsed_time: 0.736359
2024-08-22 18:25:34,392 - INFO - epoch: 0, itr: 34, nll_tr: 4421674.500000, x_tr_loss: 295276.093750, a_tr_loss: 0.047839, r_tr_loss: 0.004558, elapsed_time: 0.768827
2024-08-22 18:25:35,253 - INFO - epoch: 0, itr: 35, nll_tr: 4233721.000000, x_tr_loss: 295275.250000, a_tr_loss: 0.050778, r_tr_loss: 0.004384, elapsed_time: 0.860361
2024-08-22 18:25:36,142 - INFO - epoch: 0, itr: 36, nll_tr: 4376749.000000, x_tr_loss: 295276.093750, a_tr_loss: 0.046594, r_tr_loss: 0.004687, elapsed_time: 0.888368
2024-08-22 18:25:36,983 - INFO - epoch: 0, itr: 37, nll_tr: 4422283.500000, x_tr_loss: 295273.343750, a_tr_loss: 0.048277, r_tr_loss: 0.004269, elapsed_time: 0.841318
2024-08-22 18:25:38,248 - INFO - epoch: 0, itr: 38, nll_tr: 4442417.000000, x_tr_loss: 295273.843750, a_tr_loss: 0.047076, r_tr_loss: 0.004337, elapsed_time: 1.264832
2024-08-22 18:25:39,299 - INFO - epoch: 0, itr: 39, nll_tr: 4245167.500000, x_tr_loss: 295273.343750, a_tr_loss: 0.047182, r_tr_loss: 0.004419, elapsed_time: 1.051719
2024-08-22 18:25:40,081 - INFO - epoch: 0, itr: 40, nll_tr: 4503903.000000, x_tr_loss: 295274.781250, a_tr_loss: 0.046764, r_tr_loss: 0.004614, elapsed_time: 0.781153
2024-08-22 18:25:40,863 - INFO - epoch: 0, itr: 41, nll_tr: 4590400.000000, x_tr_loss: 295273.968750, a_tr_loss: 0.045879, r_tr_loss: 0.004502, elapsed_time: 0.782130
2024-08-22 18:25:41,616 - INFO - epoch: 0, itr: 42, nll_tr: 4110162.750000, x_tr_loss: 295272.375000, a_tr_loss: 0.048310, r_tr_loss: 0.004436, elapsed_time: 0.753797
2024-08-22 18:25:42,365 - INFO - epoch: 0, itr: 43, nll_tr: 4362524.000000, x_tr_loss: 295272.000000, a_tr_loss: 0.045301, r_tr_loss: 0.004492, elapsed_time: 0.748226
2024-08-22 18:25:43,310 - INFO - epoch: 0, itr: 44, nll_tr: 4168634.250000, x_tr_loss: 295271.343750, a_tr_loss: 0.045448, r_tr_loss: 0.004415, elapsed_time: 0.945039
2024-08-22 18:25:44,250 - INFO - epoch: 0, itr: 45, nll_tr: 4211251.000000, x_tr_loss: 295269.562500, a_tr_loss: 0.044853, r_tr_loss: 0.004435, elapsed_time: 0.939688
2024-08-22 18:25:45,147 - INFO - epoch: 0, itr: 46, nll_tr: 3931942.500000, x_tr_loss: 295272.843750, a_tr_loss: 0.045016, r_tr_loss: 0.004689, elapsed_time: 0.896887
2024-08-22 18:25:46,008 - INFO - epoch: 0, itr: 47, nll_tr: 4341700.500000, x_tr_loss: 295271.843750, a_tr_loss: 0.045477, r_tr_loss: 0.004482, elapsed_time: 0.861564
2024-08-22 18:25:46,901 - INFO - epoch: 0, itr: 48, nll_tr: 4100584.250000, x_tr_loss: 295269.500000, a_tr_loss: 0.042975, r_tr_loss: 0.004373, elapsed_time: 0.892520
2024-08-22 18:25:47,794 - INFO - epoch: 0, itr: 49, nll_tr: 4380090.000000, x_tr_loss: 295267.406250, a_tr_loss: 0.045257, r_tr_loss: 0.004335, elapsed_time: 0.891917
2024-08-22 18:25:48,614 - INFO - epoch: 0, itr: 50, nll_tr: 4330428.000000, x_tr_loss: 295269.718750, a_tr_loss: 0.041438, r_tr_loss: 0.004409, elapsed_time: 0.818359
2024-08-22 18:25:49,482 - INFO - epoch: 0, itr: 51, nll_tr: 4380094.000000, x_tr_loss: 295269.750000, a_tr_loss: 0.045200, r_tr_loss: 0.004510, elapsed_time: 0.868328
2024-08-22 18:25:50,285 - INFO - epoch: 0, itr: 52, nll_tr: 4262087.500000, x_tr_loss: 295265.656250, a_tr_loss: 0.040028, r_tr_loss: 0.004570, elapsed_time: 0.802539
2024-08-22 18:25:51,074 - INFO - epoch: 0, itr: 53, nll_tr: 4108924.250000, x_tr_loss: 295266.562500, a_tr_loss: 0.041438, r_tr_loss: 0.004378, elapsed_time: 0.789895
2024-08-22 18:25:51,862 - INFO - epoch: 0, itr: 54, nll_tr: 4072933.750000, x_tr_loss: 295266.156250, a_tr_loss: 0.041191, r_tr_loss: 0.004438, elapsed_time: 0.787214
2024-08-22 18:25:52,623 - INFO - epoch: 0, itr: 55, nll_tr: 4098918.750000, x_tr_loss: 295266.281250, a_tr_loss: 0.042266, r_tr_loss: 0.004340, elapsed_time: 0.761439
2024-08-22 18:25:53,941 - INFO - epoch: 0, itr: 56, nll_tr: 4040857.250000, x_tr_loss: 295266.000000, a_tr_loss: 0.038860, r_tr_loss: 0.004482, elapsed_time: 1.317531
2024-08-22 18:25:54,719 - INFO - epoch: 0, itr: 57, nll_tr: 3978524.500000, x_tr_loss: 295264.250000, a_tr_loss: 0.038079, r_tr_loss: 0.004589, elapsed_time: 0.778223
2024-08-22 18:25:55,445 - INFO - epoch: 0, itr: 58, nll_tr: 4241848.500000, x_tr_loss: 295261.843750, a_tr_loss: 0.040260, r_tr_loss: 0.004268, elapsed_time: 0.725812
2024-08-22 18:25:56,216 - INFO - epoch: 0, itr: 59, nll_tr: 4143415.250000, x_tr_loss: 295263.062500, a_tr_loss: 0.038526, r_tr_loss: 0.004349, elapsed_time: 0.771244
2024-08-22 18:25:56,990 - INFO - epoch: 0, itr: 60, nll_tr: 4101677.250000, x_tr_loss: 295262.531250, a_tr_loss: 0.038112, r_tr_loss: 0.004483, elapsed_time: 0.774554
2024-08-22 18:25:58,667 - INFO - epoch: 0, itr: 61, nll_tr: 4241069.000000, x_tr_loss: 295260.250000, a_tr_loss: 0.039214, r_tr_loss: 0.004169, elapsed_time: 1.676571
2024-08-22 18:25:59,322 - INFO - epoch: 0, itr: 62, nll_tr: 4193627.250000, x_tr_loss: 295258.500000, a_tr_loss: 0.037915, r_tr_loss: 0.004392, elapsed_time: 0.655065
2024-08-22 18:26:00,078 - INFO - epoch: 0, itr: 63, nll_tr: 4058603.250000, x_tr_loss: 295262.062500, a_tr_loss: 0.037580, r_tr_loss: 0.004350, elapsed_time: 0.755883
2024-08-22 18:26:00,802 - INFO - epoch: 0, itr: 64, nll_tr: 4047895.500000, x_tr_loss: 295255.750000, a_tr_loss: 0.037720, r_tr_loss: 0.004345, elapsed_time: 0.723486
2024-08-22 18:26:01,586 - INFO - epoch: 0, itr: 65, nll_tr: 4086815.250000, x_tr_loss: 295257.437500, a_tr_loss: 0.037886, r_tr_loss: 0.004382, elapsed_time: 0.783100
2024-08-22 18:26:02,336 - INFO - epoch: 0, itr: 66, nll_tr: 4158903.750000, x_tr_loss: 295255.062500, a_tr_loss: 0.033119, r_tr_loss: 0.004211, elapsed_time: 0.750889
2024-08-22 18:26:03,059 - INFO - epoch: 0, itr: 67, nll_tr: 4362660.000000, x_tr_loss: 295253.406250, a_tr_loss: 0.035234, r_tr_loss: 0.004219, elapsed_time: 0.722780
2024-08-22 18:26:03,780 - INFO - epoch: 0, itr: 68, nll_tr: 3804140.000000, x_tr_loss: 295254.250000, a_tr_loss: 0.036827, r_tr_loss: 0.004226, elapsed_time: 0.719837
2024-08-22 18:26:04,991 - INFO - epoch: 0, itr: 69, nll_tr: 4236243.500000, x_tr_loss: 295251.875000, a_tr_loss: 0.035710, r_tr_loss: 0.004277, elapsed_time: 1.210705
2024-08-22 18:26:05,791 - INFO - epoch: 0, itr: 70, nll_tr: 3924614.750000, x_tr_loss: 295253.468750, a_tr_loss: 0.033730, r_tr_loss: 0.004460, elapsed_time: 0.800315
2024-08-22 18:26:06,565 - INFO - epoch: 0, itr: 71, nll_tr: 4067252.000000, x_tr_loss: 295251.281250, a_tr_loss: 0.032147, r_tr_loss: 0.004418, elapsed_time: 0.774150
2024-08-22 18:26:07,350 - INFO - epoch: 0, itr: 72, nll_tr: 3816239.000000, x_tr_loss: 295250.312500, a_tr_loss: 0.036830, r_tr_loss: 0.004533, elapsed_time: 0.784484
2024-08-22 18:26:08,112 - INFO - epoch: 0, itr: 73, nll_tr: 3970848.000000, x_tr_loss: 295249.875000, a_tr_loss: 0.035872, r_tr_loss: 0.004385, elapsed_time: 0.761881
2024-08-22 18:26:09,894 - INFO - epoch: 0, itr: 74, nll_tr: 4051866.750000, x_tr_loss: 295248.437500, a_tr_loss: 0.036521, r_tr_loss: 0.004360, elapsed_time: 1.782118
2024-08-22 18:26:10,467 - INFO - epoch: 0, itr: 75, nll_tr: 4236629.500000, x_tr_loss: 295244.656250, a_tr_loss: 0.035340, r_tr_loss: 0.004405, elapsed_time: 0.573261
2024-08-22 18:26:11,222 - INFO - epoch: 0, itr: 76, nll_tr: 4062998.250000, x_tr_loss: 295243.781250, a_tr_loss: 0.034650, r_tr_loss: 0.004471, elapsed_time: 0.753966
2024-08-22 18:26:11,962 - INFO - epoch: 0, itr: 77, nll_tr: 3908002.750000, x_tr_loss: 295242.468750, a_tr_loss: 0.034030, r_tr_loss: 0.004414, elapsed_time: 0.740510
2024-08-22 18:26:12,732 - INFO - epoch: 0, itr: 78, nll_tr: 3766077.500000, x_tr_loss: 295239.843750, a_tr_loss: 0.032152, r_tr_loss: 0.004450, elapsed_time: 0.769160
2024-08-22 18:26:13,441 - INFO - epoch: 0, itr: 79, nll_tr: 3854334.250000, x_tr_loss: 295238.093750, a_tr_loss: 0.030876, r_tr_loss: 0.004265, elapsed_time: 0.709744
2024-08-22 18:26:14,167 - INFO - epoch: 0, itr: 80, nll_tr: 3954505.750000, x_tr_loss: 295237.625000, a_tr_loss: 0.033846, r_tr_loss: 0.004143, elapsed_time: 0.725484
2024-08-22 18:26:14,919 - INFO - epoch: 0, itr: 81, nll_tr: 4040721.500000, x_tr_loss: 295236.281250, a_tr_loss: 0.034259, r_tr_loss: 0.004203, elapsed_time: 0.751946
2024-08-22 18:26:15,637 - INFO - epoch: 0, itr: 82, nll_tr: 3951088.250000, x_tr_loss: 295234.250000, a_tr_loss: 0.035160, r_tr_loss: 0.004424, elapsed_time: 0.717965
2024-08-22 18:26:16,345 - INFO - epoch: 0, itr: 83, nll_tr: 3751618.250000, x_tr_loss: 295233.250000, a_tr_loss: 0.031210, r_tr_loss: 0.004235, elapsed_time: 0.706904
2024-08-22 18:26:17,077 - INFO - epoch: 0, itr: 84, nll_tr: 3850586.250000, x_tr_loss: 295230.718750, a_tr_loss: 0.033337, r_tr_loss: 0.004454, elapsed_time: 0.732534
2024-08-22 18:26:17,806 - INFO - epoch: 0, itr: 85, nll_tr: 3874916.000000, x_tr_loss: 295229.156250, a_tr_loss: 0.031634, r_tr_loss: 0.004299, elapsed_time: 0.726978
2024-08-22 18:26:18,524 - INFO - epoch: 0, itr: 86, nll_tr: 3949215.000000, x_tr_loss: 295228.437500, a_tr_loss: 0.031020, r_tr_loss: 0.004404, elapsed_time: 0.717879
2024-08-22 18:26:19,243 - INFO - epoch: 0, itr: 87, nll_tr: 3865416.250000, x_tr_loss: 295226.093750, a_tr_loss: 0.029924, r_tr_loss: 0.004262, elapsed_time: 0.719745
2024-08-22 18:26:19,991 - INFO - epoch: 0, itr: 88, nll_tr: 3967329.000000, x_tr_loss: 295223.812500, a_tr_loss: 0.029691, r_tr_loss: 0.004164, elapsed_time: 0.747986
2024-08-22 18:26:20,722 - INFO - epoch: 0, itr: 89, nll_tr: 3751271.500000, x_tr_loss: 295222.968750, a_tr_loss: 0.029737, r_tr_loss: 0.004340, elapsed_time: 0.730774
2024-08-22 18:26:21,448 - INFO - epoch: 0, itr: 90, nll_tr: 3753551.000000, x_tr_loss: 295219.875000, a_tr_loss: 0.032038, r_tr_loss: 0.004447, elapsed_time: 0.725948
2024-08-22 18:26:22,168 - INFO - epoch: 0, itr: 91, nll_tr: 3703641.750000, x_tr_loss: 295219.125000, a_tr_loss: 0.029993, r_tr_loss: 0.004263, elapsed_time: 0.719810
2024-08-22 18:26:22,917 - INFO - epoch: 0, itr: 92, nll_tr: 3896543.250000, x_tr_loss: 295216.718750, a_tr_loss: 0.030797, r_tr_loss: 0.004443, elapsed_time: 0.749518
2024-08-22 18:26:23,646 - INFO - epoch: 0, itr: 93, nll_tr: 3737008.500000, x_tr_loss: 295213.281250, a_tr_loss: 0.028224, r_tr_loss: 0.004235, elapsed_time: 0.728218
2024-08-22 18:26:24,403 - INFO - epoch: 0, itr: 94, nll_tr: 3638310.250000, x_tr_loss: 295211.656250, a_tr_loss: 0.029368, r_tr_loss: 0.004246, elapsed_time: 0.757398
2024-08-22 18:26:25,156 - INFO - epoch: 0, itr: 95, nll_tr: 3602087.000000, x_tr_loss: 295209.843750, a_tr_loss: 0.028410, r_tr_loss: 0.004220, elapsed_time: 0.752794
2024-08-22 18:26:26,000 - INFO - epoch: 0, itr: 96, nll_tr: 3660125.250000, x_tr_loss: 295208.000000, a_tr_loss: 0.026591, r_tr_loss: 0.004313, elapsed_time: 0.844245
2024-08-22 18:26:26,766 - INFO - epoch: 0, itr: 97, nll_tr: 3519523.500000, x_tr_loss: 295206.093750, a_tr_loss: 0.028046, r_tr_loss: 0.004367, elapsed_time: 0.765003
2024-08-22 18:26:27,548 - INFO - epoch: 0, itr: 98, nll_tr: 3753450.500000, x_tr_loss: 295200.906250, a_tr_loss: 0.025682, r_tr_loss: 0.004405, elapsed_time: 0.780924
2024-08-22 18:26:28,392 - INFO - epoch: 0, itr: 99, nll_tr: 3709192.000000, x_tr_loss: 295199.031250, a_tr_loss: 0.028521, r_tr_loss: 0.004366, elapsed_time: 0.843706
2024-08-22 18:26:29,308 - INFO - epoch: 0, itr: 100, nll_tr: 3490913.250000, x_tr_loss: 295197.562500, a_tr_loss: 0.027338, r_tr_loss: 0.004349, elapsed_time: 0.916026
2024-08-22 18:26:30,251 - INFO - epoch: 0, itr: 101, nll_tr: 3438902.750000, x_tr_loss: 295193.718750, a_tr_loss: 0.027213, r_tr_loss: 0.004316, elapsed_time: 0.943048
2024-08-22 18:26:31,363 - INFO - epoch: 0, itr: 102, nll_tr: 3448358.250000, x_tr_loss: 295192.343750, a_tr_loss: 0.028292, r_tr_loss: 0.004447, elapsed_time: 1.111837
2024-08-22 18:26:32,375 - INFO - epoch: 0, itr: 103, nll_tr: 3421879.250000, x_tr_loss: 295190.156250, a_tr_loss: 0.027004, r_tr_loss: 0.004208, elapsed_time: 1.012681
2024-08-22 18:26:33,578 - INFO - epoch: 0, itr: 104, nll_tr: 3739142.750000, x_tr_loss: 295185.468750, a_tr_loss: 0.025958, r_tr_loss: 0.004195, elapsed_time: 1.202305
2024-08-22 18:26:34,527 - INFO - epoch: 0, itr: 105, nll_tr: 3361579.500000, x_tr_loss: 295184.968750, a_tr_loss: 0.027140, r_tr_loss: 0.004250, elapsed_time: 0.948007
2024-08-22 18:26:35,428 - INFO - epoch: 0, itr: 106, nll_tr: 3376981.250000, x_tr_loss: 295180.875000, a_tr_loss: 0.025612, r_tr_loss: 0.004457, elapsed_time: 0.901568
2024-08-22 18:26:36,356 - INFO - epoch: 0, itr: 107, nll_tr: 3784122.250000, x_tr_loss: 295177.937500, a_tr_loss: 0.026596, r_tr_loss: 0.004246, elapsed_time: 0.926794
2024-08-22 18:26:37,342 - INFO - epoch: 0, itr: 108, nll_tr: 3628565.500000, x_tr_loss: 295174.093750, a_tr_loss: 0.024370, r_tr_loss: 0.004248, elapsed_time: 0.985217
2024-08-22 18:26:40,004 - INFO - epoch: 0, itr: 109, nll_tr: 3549373.250000, x_tr_loss: 295169.843750, a_tr_loss: 0.027326, r_tr_loss: 0.004295, elapsed_time: 2.660502
2024-08-22 18:26:40,593 - INFO - epoch: 0, itr: 110, nll_tr: 3553644.500000, x_tr_loss: 295167.156250, a_tr_loss: 0.026762, r_tr_loss: 0.004348, elapsed_time: 0.588892
2024-08-22 18:26:41,444 - INFO - epoch: 0, itr: 111, nll_tr: 3575940.000000, x_tr_loss: 295165.125000, a_tr_loss: 0.026226, r_tr_loss: 0.004310, elapsed_time: 0.851348
2024-08-22 18:26:42,272 - INFO - epoch: 0, itr: 112, nll_tr: 3301890.500000, x_tr_loss: 295157.187500, a_tr_loss: 0.027777, r_tr_loss: 0.004184, elapsed_time: 0.828561
2024-08-22 18:26:43,132 - INFO - epoch: 0, itr: 113, nll_tr: 3348991.250000, x_tr_loss: 295158.593750, a_tr_loss: 0.026703, r_tr_loss: 0.004481, elapsed_time: 0.859343
2024-08-22 18:26:43,996 - INFO - epoch: 0, itr: 114, nll_tr: 3244241.250000, x_tr_loss: 295154.843750, a_tr_loss: 0.025290, r_tr_loss: 0.004329, elapsed_time: 0.863761
2024-08-22 18:26:44,971 - INFO - epoch: 0, itr: 115, nll_tr: 3622146.000000, x_tr_loss: 295152.218750, a_tr_loss: 0.026953, r_tr_loss: 0.004335, elapsed_time: 0.975523
2024-08-22 18:26:45,960 - INFO - epoch: 0, itr: 116, nll_tr: 3297659.250000, x_tr_loss: 295147.437500, a_tr_loss: 0.025338, r_tr_loss: 0.004413, elapsed_time: 0.989342
2024-08-22 18:26:47,020 - INFO - epoch: 0, itr: 117, nll_tr: 3238965.750000, x_tr_loss: 295142.593750, a_tr_loss: 0.024875, r_tr_loss: 0.004385, elapsed_time: 1.059403
2024-08-22 18:26:47,973 - INFO - epoch: 0, itr: 118, nll_tr: 3399457.000000, x_tr_loss: 295139.343750, a_tr_loss: 0.024702, r_tr_loss: 0.004185, elapsed_time: 0.951968
2024-08-22 18:26:48,914 - INFO - epoch: 0, itr: 119, nll_tr: 3087468.000000, x_tr_loss: 295136.843750, a_tr_loss: 0.025490, r_tr_loss: 0.004289, elapsed_time: 0.939325
2024-08-22 18:26:49,964 - INFO - epoch: 0, itr: 120, nll_tr: 3133338.750000, x_tr_loss: 295132.968750, a_tr_loss: 0.027770, r_tr_loss: 0.004340, elapsed_time: 1.049769
2024-08-22 18:26:51,026 - INFO - epoch: 0, itr: 121, nll_tr: 3070875.000000, x_tr_loss: 295126.843750, a_tr_loss: 0.028234, r_tr_loss: 0.004209, elapsed_time: 1.061979
2024-08-22 18:26:53,003 - INFO - epoch: 0, itr: 122, nll_tr: 3410555.500000, x_tr_loss: 295123.281250, a_tr_loss: 0.026425, r_tr_loss: 0.004220, elapsed_time: 1.975677
2024-08-22 18:26:53,896 - INFO - epoch: 0, itr: 123, nll_tr: 3434414.000000, x_tr_loss: 295119.062500, a_tr_loss: 0.025474, r_tr_loss: 0.004180, elapsed_time: 0.893559
2024-08-22 18:26:54,847 - INFO - epoch: 0, itr: 124, nll_tr: 3095566.250000, x_tr_loss: 295116.343750, a_tr_loss: 0.027456, r_tr_loss: 0.004348, elapsed_time: 0.950216
2024-08-22 18:26:55,791 - INFO - epoch: 0, itr: 125, nll_tr: 3037684.250000, x_tr_loss: 295109.968750, a_tr_loss: 0.024115, r_tr_loss: 0.004064, elapsed_time: 0.943204
2024-08-22 18:26:56,744 - INFO - epoch: 0, itr: 126, nll_tr: 3204123.000000, x_tr_loss: 295107.562500, a_tr_loss: 0.021518, r_tr_loss: 0.004378, elapsed_time: 0.952515
2024-08-22 18:26:57,852 - INFO - epoch: 0, itr: 127, nll_tr: 3151220.000000, x_tr_loss: 295100.156250, a_tr_loss: 0.023388, r_tr_loss: 0.004233, elapsed_time: 1.107515
2024-08-22 18:26:59,200 - INFO - epoch: 0, itr: 128, nll_tr: 3091772.000000, x_tr_loss: 295096.812500, a_tr_loss: 0.022883, r_tr_loss: 0.004191, elapsed_time: 1.347473
2024-08-22 18:27:00,255 - INFO - epoch: 0, itr: 129, nll_tr: 3140858.750000, x_tr_loss: 295088.062500, a_tr_loss: 0.027143, r_tr_loss: 0.004263, elapsed_time: 1.054972
2024-08-22 18:27:01,754 - INFO - epoch: 0, itr: 130, nll_tr: 2996414.250000, x_tr_loss: 295084.468750, a_tr_loss: 0.024786, r_tr_loss: 0.004126, elapsed_time: 1.498995
2024-08-22 18:27:03,259 - INFO - epoch: 0, itr: 131, nll_tr: 3279664.000000, x_tr_loss: 295080.843750, a_tr_loss: 0.022471, r_tr_loss: 0.004145, elapsed_time: 1.504723
2024-08-22 18:27:04,260 - INFO - epoch: 0, itr: 132, nll_tr: 3311283.250000, x_tr_loss: 295074.656250, a_tr_loss: 0.023735, r_tr_loss: 0.004365, elapsed_time: 1.001308
2024-08-22 18:27:05,416 - INFO - epoch: 0, itr: 133, nll_tr: 3154416.000000, x_tr_loss: 295068.562500, a_tr_loss: 0.023771, r_tr_loss: 0.004215, elapsed_time: 1.155088
2024-08-22 18:27:06,580 - INFO - epoch: 0, itr: 134, nll_tr: 3012339.750000, x_tr_loss: 295063.750000, a_tr_loss: 0.022396, r_tr_loss: 0.004250, elapsed_time: 1.163253
2024-08-22 18:27:07,856 - INFO - epoch: 0, itr: 135, nll_tr: 3118988.500000, x_tr_loss: 295056.156250, a_tr_loss: 0.025519, r_tr_loss: 0.004178, elapsed_time: 1.275937
2024-08-22 18:27:09,020 - INFO - epoch: 0, itr: 136, nll_tr: 2872453.500000, x_tr_loss: 295051.093750, a_tr_loss: 0.024887, r_tr_loss: 0.004382, elapsed_time: 1.162740
2024-08-22 18:27:09,946 - INFO - epoch: 0, itr: 137, nll_tr: 2803514.750000, x_tr_loss: 295047.125000, a_tr_loss: 0.022932, r_tr_loss: 0.004264, elapsed_time: 0.924901
2024-08-22 18:27:10,914 - INFO - epoch: 0, itr: 138, nll_tr: 2921105.500000, x_tr_loss: 295041.468750, a_tr_loss: 0.022726, r_tr_loss: 0.004197, elapsed_time: 0.967660
2024-08-22 18:27:12,099 - INFO - epoch: 0, itr: 139, nll_tr: 2922904.250000, x_tr_loss: 295036.468750, a_tr_loss: 0.021822, r_tr_loss: 0.004326, elapsed_time: 1.184303
2024-08-22 18:27:15,651 - INFO - epoch: 0, itr: 140, nll_tr: 2760487.750000, x_tr_loss: 295030.093750, a_tr_loss: 0.023679, r_tr_loss: 0.004239, elapsed_time: 3.551475
2024-08-22 18:27:16,434 - INFO - epoch: 0, itr: 141, nll_tr: 2995136.500000, x_tr_loss: 295022.906250, a_tr_loss: 0.022075, r_tr_loss: 0.004459, elapsed_time: 0.783443
2024-08-22 18:27:18,835 - INFO - epoch: 0, itr: 142, nll_tr: 2790621.500000, x_tr_loss: 295016.656250, a_tr_loss: 0.022818, r_tr_loss: 0.004228, elapsed_time: 2.400380
2024-08-22 18:27:19,681 - INFO - epoch: 0, itr: 143, nll_tr: 2808066.500000, x_tr_loss: 295010.468750, a_tr_loss: 0.022438, r_tr_loss: 0.004132, elapsed_time: 0.846665
2024-08-22 18:27:20,585 - INFO - epoch: 0, itr: 144, nll_tr: 2895665.000000, x_tr_loss: 295000.937500, a_tr_loss: 0.021054, r_tr_loss: 0.004167, elapsed_time: 0.902458
2024-08-22 18:27:21,480 - INFO - epoch: 0, itr: 145, nll_tr: 2547786.750000, x_tr_loss: 294995.062500, a_tr_loss: 0.022741, r_tr_loss: 0.004248, elapsed_time: 0.894886
2024-08-22 18:27:22,427 - INFO - epoch: 0, itr: 146, nll_tr: 2857170.750000, x_tr_loss: 294989.593750, a_tr_loss: 0.022156, r_tr_loss: 0.004145, elapsed_time: 0.947384
2024-08-22 18:27:23,377 - INFO - epoch: 0, itr: 147, nll_tr: 2748743.750000, x_tr_loss: 294980.093750, a_tr_loss: 0.022542, r_tr_loss: 0.004264, elapsed_time: 0.950217
2024-08-22 18:27:24,248 - INFO - epoch: 0, itr: 148, nll_tr: 2708142.000000, x_tr_loss: 294974.968750, a_tr_loss: 0.020997, r_tr_loss: 0.004297, elapsed_time: 0.870901
2024-08-22 18:27:25,084 - INFO - epoch: 0, itr: 149, nll_tr: 2777677.500000, x_tr_loss: 294970.343750, a_tr_loss: 0.021045, r_tr_loss: 0.004166, elapsed_time: 0.835260
2024-08-22 18:27:25,937 - INFO - epoch: 0, itr: 150, nll_tr: 2729880.500000, x_tr_loss: 294960.906250, a_tr_loss: 0.022357, r_tr_loss: 0.004244, elapsed_time: 0.853201
2024-08-22 18:27:26,812 - INFO - epoch: 0, itr: 151, nll_tr: 2604060.500000, x_tr_loss: 294956.343750, a_tr_loss: 0.020731, r_tr_loss: 0.004200, elapsed_time: 0.875335
2024-08-22 18:27:27,707 - INFO - epoch: 0, itr: 152, nll_tr: 2569940.500000, x_tr_loss: 294948.843750, a_tr_loss: 0.020260, r_tr_loss: 0.004097, elapsed_time: 0.894495
2024-08-22 18:27:28,992 - INFO - epoch: 0, itr: 153, nll_tr: 2713475.250000, x_tr_loss: 294939.718750, a_tr_loss: 0.022713, r_tr_loss: 0.004079, elapsed_time: 1.285064
2024-08-22 18:27:29,836 - INFO - epoch: 0, itr: 154, nll_tr: 2590308.250000, x_tr_loss: 294935.250000, a_tr_loss: 0.021212, r_tr_loss: 0.004254, elapsed_time: 0.844075
2024-08-22 18:27:30,669 - INFO - epoch: 0, itr: 155, nll_tr: 2748143.000000, x_tr_loss: 294928.531250, a_tr_loss: 0.020912, r_tr_loss: 0.004094, elapsed_time: 0.832854
2024-08-22 18:27:31,512 - INFO - epoch: 0, itr: 156, nll_tr: 2548366.250000, x_tr_loss: 294920.406250, a_tr_loss: 0.020653, r_tr_loss: 0.004171, elapsed_time: 0.843545
2024-08-22 18:27:32,536 - INFO - epoch: 0, itr: 157, nll_tr: 2591042.250000, x_tr_loss: 294917.062500, a_tr_loss: 0.020527, r_tr_loss: 0.004089, elapsed_time: 1.022954
2024-08-22 18:27:33,635 - INFO - epoch: 0, itr: 158, nll_tr: 2339972.250000, x_tr_loss: 294906.468750, a_tr_loss: 0.021028, r_tr_loss: 0.004114, elapsed_time: 1.099289
2024-08-22 18:27:34,765 - INFO - epoch: 0, itr: 159, nll_tr: 2528830.000000, x_tr_loss: 294903.656250, a_tr_loss: 0.021901, r_tr_loss: 0.004239, elapsed_time: 1.129061
2024-08-22 18:27:38,474 - INFO - epoch: 0, itr: 160, nll_tr: 2513915.250000, x_tr_loss: 294890.968750, a_tr_loss: 0.022134, r_tr_loss: 0.004153, elapsed_time: 3.708648
2024-08-22 18:27:39,019 - INFO - epoch: 0, itr: 161, nll_tr: 2679557.750000, x_tr_loss: 294886.968750, a_tr_loss: 0.020184, r_tr_loss: 0.004273, elapsed_time: 0.544898
2024-08-22 18:27:39,561 - INFO - epoch: 0, itr: 162, nll_tr: 2471453.500000, x_tr_loss: 294880.343750, a_tr_loss: 0.022541, r_tr_loss: 0.004284, elapsed_time: 0.542819
2024-08-22 18:27:40,333 - INFO - epoch: 0, itr: 163, nll_tr: 2406826.000000, x_tr_loss: 294869.812500, a_tr_loss: 0.021135, r_tr_loss: 0.004396, elapsed_time: 0.771227
2024-08-22 18:27:41,136 - INFO - epoch: 0, itr: 164, nll_tr: 2377300.000000, x_tr_loss: 294864.062500, a_tr_loss: 0.021596, r_tr_loss: 0.004168, elapsed_time: 0.802921
2024-08-22 18:27:41,899 - INFO - epoch: 0, itr: 165, nll_tr: 2340554.500000, x_tr_loss: 294855.843750, a_tr_loss: 0.022332, r_tr_loss: 0.004056, elapsed_time: 0.761351
2024-08-22 18:27:42,646 - INFO - epoch: 0, itr: 166, nll_tr: 2158560.250000, x_tr_loss: 294849.875000, a_tr_loss: 0.020143, r_tr_loss: 0.004189, elapsed_time: 0.746079
2024-08-22 18:27:43,390 - INFO - epoch: 0, itr: 167, nll_tr: 2176984.750000, x_tr_loss: 294842.031250, a_tr_loss: 0.020344, r_tr_loss: 0.004183, elapsed_time: 0.743656
2024-08-22 18:27:44,242 - INFO - epoch: 0, itr: 168, nll_tr: 2187034.500000, x_tr_loss: 294834.343750, a_tr_loss: 0.021186, r_tr_loss: 0.004185, elapsed_time: 0.852078
2024-08-22 18:27:45,057 - INFO - epoch: 0, itr: 169, nll_tr: 2481383.750000, x_tr_loss: 294828.156250, a_tr_loss: 0.019698, r_tr_loss: 0.004104, elapsed_time: 0.814552
2024-08-22 18:27:45,857 - INFO - epoch: 0, itr: 170, nll_tr: 2366101.500000, x_tr_loss: 294820.781250, a_tr_loss: 0.019407, r_tr_loss: 0.004150, elapsed_time: 0.800084
2024-08-22 18:27:46,927 - INFO - epoch: 0, itr: 171, nll_tr: 2188800.250000, x_tr_loss: 294810.156250, a_tr_loss: 0.020499, r_tr_loss: 0.004160, elapsed_time: 1.069361
2024-08-22 18:27:47,972 - INFO - epoch: 0, itr: 172, nll_tr: 2185120.500000, x_tr_loss: 294804.687500, a_tr_loss: 0.019701, r_tr_loss: 0.004260, elapsed_time: 1.045064
2024-08-22 18:27:48,866 - INFO - epoch: 0, itr: 173, nll_tr: 2231970.250000, x_tr_loss: 294798.125000, a_tr_loss: 0.020346, r_tr_loss: 0.004275, elapsed_time: 0.894394
2024-08-22 18:27:49,745 - INFO - epoch: 0, itr: 174, nll_tr: 2242673.500000, x_tr_loss: 294789.968750, a_tr_loss: 0.020076, r_tr_loss: 0.004236, elapsed_time: 0.878686
2024-08-22 18:27:50,557 - INFO - epoch: 0, itr: 175, nll_tr: 2279404.250000, x_tr_loss: 294782.500000, a_tr_loss: 0.021407, r_tr_loss: 0.004284, elapsed_time: 0.811593
2024-08-22 18:27:51,380 - INFO - epoch: 0, itr: 176, nll_tr: 2138982.000000, x_tr_loss: 294774.000000, a_tr_loss: 0.020655, r_tr_loss: 0.004321, elapsed_time: 0.822102
2024-08-22 18:27:52,213 - INFO - epoch: 0, itr: 177, nll_tr: 2173425.000000, x_tr_loss: 294766.968750, a_tr_loss: 0.018851, r_tr_loss: 0.004333, elapsed_time: 0.832355
2024-08-22 18:27:53,048 - INFO - epoch: 0, itr: 178, nll_tr: 2264901.250000, x_tr_loss: 294760.937500, a_tr_loss: 0.018485, r_tr_loss: 0.004273, elapsed_time: 0.834782
2024-08-22 18:27:53,878 - INFO - epoch: 0, itr: 179, nll_tr: 1912095.125000, x_tr_loss: 294753.250000, a_tr_loss: 0.020089, r_tr_loss: 0.004114, elapsed_time: 0.828134
2024-08-22 18:27:54,648 - INFO - epoch: 0, itr: 180, nll_tr: 2246971.000000, x_tr_loss: 294745.468750, a_tr_loss: 0.020170, r_tr_loss: 0.004127, elapsed_time: 0.769969
2024-08-22 18:27:55,464 - INFO - epoch: 0, itr: 181, nll_tr: 2226908.750000, x_tr_loss: 294742.593750, a_tr_loss: 0.020238, r_tr_loss: 0.004228, elapsed_time: 0.815547
2024-08-22 18:27:56,260 - INFO - epoch: 0, itr: 182, nll_tr: 2304902.500000, x_tr_loss: 294732.250000, a_tr_loss: 0.018735, r_tr_loss: 0.004148, elapsed_time: 0.796715
2024-08-22 18:27:57,089 - INFO - epoch: 0, itr: 183, nll_tr: 2011597.375000, x_tr_loss: 294725.156250, a_tr_loss: 0.019287, r_tr_loss: 0.004087, elapsed_time: 0.827089
2024-08-22 18:27:58,927 - INFO - epoch: 0, itr: 184, nll_tr: 1905009.875000, x_tr_loss: 294720.156250, a_tr_loss: 0.020168, r_tr_loss: 0.004026, elapsed_time: 1.838826
2024-08-22 18:27:59,732 - INFO - epoch: 0, itr: 185, nll_tr: 2097931.250000, x_tr_loss: 294712.468750, a_tr_loss: 0.020025, r_tr_loss: 0.004154, elapsed_time: 0.804422
2024-08-22 18:28:00,633 - INFO - epoch: 0, itr: 186, nll_tr: 1949648.000000, x_tr_loss: 294703.812500, a_tr_loss: 0.020138, r_tr_loss: 0.004330, elapsed_time: 0.901657
2024-08-22 18:28:01,463 - INFO - epoch: 0, itr: 187, nll_tr: 2101656.750000, x_tr_loss: 294694.843750, a_tr_loss: 0.017938, r_tr_loss: 0.004035, elapsed_time: 0.828134
2024-08-22 18:28:02,308 - INFO - epoch: 0, itr: 188, nll_tr: 2104481.250000, x_tr_loss: 294690.843750, a_tr_loss: 0.019546, r_tr_loss: 0.004148, elapsed_time: 0.845315
2024-08-22 18:28:03,216 - INFO - epoch: 0, itr: 189, nll_tr: 1952272.625000, x_tr_loss: 294681.875000, a_tr_loss: 0.018763, r_tr_loss: 0.004190, elapsed_time: 0.907218
2024-08-22 18:28:04,169 - INFO - epoch: 0, itr: 190, nll_tr: 1977750.000000, x_tr_loss: 294671.093750, a_tr_loss: 0.018183, r_tr_loss: 0.004200, elapsed_time: 0.952827
2024-08-22 18:28:05,028 - INFO - epoch: 0, itr: 191, nll_tr: 2163205.750000, x_tr_loss: 294667.531250, a_tr_loss: 0.018099, r_tr_loss: 0.004158, elapsed_time: 0.859095
2024-08-22 18:28:05,909 - INFO - epoch: 0, itr: 192, nll_tr: 1863820.000000, x_tr_loss: 294659.218750, a_tr_loss: 0.020231, r_tr_loss: 0.004101, elapsed_time: 0.880611
2024-08-22 18:28:06,784 - INFO - epoch: 0, itr: 193, nll_tr: 1923699.000000, x_tr_loss: 294652.125000, a_tr_loss: 0.019724, r_tr_loss: 0.004218, elapsed_time: 0.874949
2024-08-22 18:28:07,671 - INFO - epoch: 0, itr: 194, nll_tr: 1980380.125000, x_tr_loss: 294647.281250, a_tr_loss: 0.021039, r_tr_loss: 0.004212, elapsed_time: 0.887172
2024-08-22 18:28:08,584 - INFO - epoch: 0, itr: 195, nll_tr: 1841226.250000, x_tr_loss: 294637.125000, a_tr_loss: 0.018476, r_tr_loss: 0.004121, elapsed_time: 0.912755
2024-08-22 18:28:09,452 - INFO - epoch: 0, itr: 196, nll_tr: 2049514.875000, x_tr_loss: 294629.593750, a_tr_loss: 0.019694, r_tr_loss: 0.004141, elapsed_time: 0.868250
2024-08-22 18:28:10,362 - INFO - epoch: 0, itr: 197, nll_tr: 1792203.125000, x_tr_loss: 294624.000000, a_tr_loss: 0.018807, r_tr_loss: 0.004153, elapsed_time: 0.908952
2024-08-22 18:28:11,259 - INFO - epoch: 0, itr: 198, nll_tr: 1881367.875000, x_tr_loss: 294620.812500, a_tr_loss: 0.019172, r_tr_loss: 0.004221, elapsed_time: 0.896340
2024-08-22 18:28:12,093 - INFO - epoch: 0, itr: 199, nll_tr: 1801232.500000, x_tr_loss: 294609.187500, a_tr_loss: 0.019645, r_tr_loss: 0.004294, elapsed_time: 0.834391
2024-08-22 18:28:12,938 - INFO - epoch: 0, itr: 200, nll_tr: 1725244.375000, x_tr_loss: 294605.937500, a_tr_loss: 0.017946, r_tr_loss: 0.004090, elapsed_time: 0.844350
2024-08-22 18:28:14,742 - INFO - epoch: 0, itr: 201, nll_tr: 1951417.125000, x_tr_loss: 294598.093750, a_tr_loss: 0.019015, r_tr_loss: 0.004245, elapsed_time: 1.803018
2024-08-22 18:28:15,607 - INFO - epoch: 0, itr: 202, nll_tr: 1817317.000000, x_tr_loss: 294591.156250, a_tr_loss: 0.018054, r_tr_loss: 0.004193, elapsed_time: 0.864219
2024-08-22 18:28:16,455 - INFO - epoch: 0, itr: 203, nll_tr: 1672192.625000, x_tr_loss: 294584.843750, a_tr_loss: 0.018619, r_tr_loss: 0.004183, elapsed_time: 0.848153
2024-08-22 18:28:17,311 - INFO - epoch: 0, itr: 204, nll_tr: 1585630.250000, x_tr_loss: 294577.218750, a_tr_loss: 0.017663, r_tr_loss: 0.003999, elapsed_time: 0.855466
2024-08-22 18:28:18,398 - INFO - epoch: 0, itr: 205, nll_tr: 1768485.500000, x_tr_loss: 294572.781250, a_tr_loss: 0.018908, r_tr_loss: 0.004207, elapsed_time: 1.087293
2024-08-22 18:28:20,730 - INFO - epoch: 0, itr: 206, nll_tr: 1782604.250000, x_tr_loss: 294564.593750, a_tr_loss: 0.018226, r_tr_loss: 0.004144, elapsed_time: 2.331889
2024-08-22 18:28:21,539 - INFO - epoch: 0, itr: 207, nll_tr: 1780414.500000, x_tr_loss: 294555.468750, a_tr_loss: 0.018065, r_tr_loss: 0.004145, elapsed_time: 0.807846
2024-08-22 18:28:22,842 - INFO - epoch: 0, itr: 208, nll_tr: 1749328.625000, x_tr_loss: 294546.625000, a_tr_loss: 0.018241, r_tr_loss: 0.003979, elapsed_time: 1.302485
2024-08-22 18:28:24,176 - INFO - epoch: 0, itr: 209, nll_tr: 1658191.250000, x_tr_loss: 294541.656250, a_tr_loss: 0.019597, r_tr_loss: 0.004121, elapsed_time: 1.333985
2024-08-22 18:28:26,507 - INFO - epoch: 0, itr: 210, nll_tr: 1785713.750000, x_tr_loss: 294539.343750, a_tr_loss: 0.017344, r_tr_loss: 0.004143, elapsed_time: 2.330009
2024-08-22 18:28:27,076 - INFO - epoch: 0, itr: 211, nll_tr: 1679614.750000, x_tr_loss: 294532.343750, a_tr_loss: 0.019982, r_tr_loss: 0.004100, elapsed_time: 0.568836
2024-08-22 18:28:27,893 - INFO - epoch: 0, itr: 212, nll_tr: 1601894.250000, x_tr_loss: 294528.343750, a_tr_loss: 0.020389, r_tr_loss: 0.004125, elapsed_time: 0.815844
2024-08-22 18:28:28,676 - INFO - epoch: 0, itr: 213, nll_tr: 1747336.375000, x_tr_loss: 294520.468750, a_tr_loss: 0.020891, r_tr_loss: 0.004197, elapsed_time: 0.782597
2024-08-22 18:28:31,215 - INFO - epoch: 0, itr: 214, nll_tr: 1554184.875000, x_tr_loss: 294514.218750, a_tr_loss: 0.019903, r_tr_loss: 0.004060, elapsed_time: 2.538527
2024-08-22 18:28:31,772 - INFO - epoch: 0, itr: 215, nll_tr: 1636528.375000, x_tr_loss: 294506.937500, a_tr_loss: 0.019416, r_tr_loss: 0.004103, elapsed_time: 0.557244
2024-08-22 18:28:32,489 - INFO - epoch: 0, itr: 216, nll_tr: 1595577.250000, x_tr_loss: 294503.187500, a_tr_loss: 0.018247, r_tr_loss: 0.004207, elapsed_time: 0.716313
2024-08-22 18:28:33,290 - INFO - epoch: 0, itr: 217, nll_tr: 1591239.250000, x_tr_loss: 294495.843750, a_tr_loss: 0.017006, r_tr_loss: 0.004268, elapsed_time: 0.801451
2024-08-22 18:28:34,239 - INFO - epoch: 0, itr: 218, nll_tr: 1654609.375000, x_tr_loss: 294490.406250, a_tr_loss: 0.018209, r_tr_loss: 0.004262, elapsed_time: 0.949101
2024-08-22 18:28:35,122 - INFO - epoch: 0, itr: 219, nll_tr: 1513338.125000, x_tr_loss: 294482.656250, a_tr_loss: 0.018917, r_tr_loss: 0.004274, elapsed_time: 0.882016
2024-08-22 18:28:36,212 - INFO - epoch: 0, itr: 220, nll_tr: 1641673.750000, x_tr_loss: 294478.562500, a_tr_loss: 0.018874, r_tr_loss: 0.004254, elapsed_time: 1.089748
2024-08-22 18:28:37,064 - INFO - epoch: 0, itr: 221, nll_tr: 1410624.625000, x_tr_loss: 294470.468750, a_tr_loss: 0.017543, r_tr_loss: 0.004173, elapsed_time: 0.851754
2024-08-22 18:28:37,847 - INFO - epoch: 0, itr: 222, nll_tr: 1546971.750000, x_tr_loss: 294468.843750, a_tr_loss: 0.018653, r_tr_loss: 0.004105, elapsed_time: 0.782933
2024-08-22 18:28:38,614 - INFO - epoch: 0, itr: 223, nll_tr: 1544829.625000, x_tr_loss: 294463.250000, a_tr_loss: 0.019051, r_tr_loss: 0.004152, elapsed_time: 0.767157
2024-08-22 18:28:39,450 - INFO - epoch: 0, itr: 224, nll_tr: 1436808.875000, x_tr_loss: 294456.718750, a_tr_loss: 0.018109, r_tr_loss: 0.004200, elapsed_time: 0.835535
2024-08-22 18:28:40,265 - INFO - epoch: 0, itr: 225, nll_tr: 1518054.000000, x_tr_loss: 294453.062500, a_tr_loss: 0.017377, r_tr_loss: 0.004121, elapsed_time: 0.814708
2024-08-22 18:28:41,676 - INFO - epoch: 0, itr: 226, nll_tr: 1530148.500000, x_tr_loss: 294445.875000, a_tr_loss: 0.019156, r_tr_loss: 0.004114, elapsed_time: 1.409833
2024-08-22 18:28:42,558 - INFO - epoch: 0, itr: 227, nll_tr: 1525820.125000, x_tr_loss: 294440.218750, a_tr_loss: 0.017472, r_tr_loss: 0.004089, elapsed_time: 0.881727
2024-08-22 18:28:43,338 - INFO - epoch: 0, itr: 228, nll_tr: 1444404.625000, x_tr_loss: 294432.468750, a_tr_loss: 0.019495, r_tr_loss: 0.004179, elapsed_time: 0.779875
2024-08-22 18:28:44,119 - INFO - epoch: 0, itr: 229, nll_tr: 1455456.750000, x_tr_loss: 294428.718750, a_tr_loss: 0.017909, r_tr_loss: 0.004269, elapsed_time: 0.779428
2024-08-22 18:28:46,658 - INFO - epoch: 0, itr: 230, nll_tr: 1283153.875000, x_tr_loss: 294423.437500, a_tr_loss: 0.018783, r_tr_loss: 0.004281, elapsed_time: 2.539491
2024-08-22 18:28:47,311 - INFO - epoch: 0, itr: 231, nll_tr: 1398531.625000, x_tr_loss: 294418.250000, a_tr_loss: 0.019685, r_tr_loss: 0.004220, elapsed_time: 0.652514
2024-08-22 18:28:48,103 - INFO - epoch: 0, itr: 232, nll_tr: 1591072.125000, x_tr_loss: 294413.250000, a_tr_loss: 0.018115, r_tr_loss: 0.004087, elapsed_time: 0.791723
2024-08-22 18:28:48,913 - INFO - epoch: 0, itr: 233, nll_tr: 1382097.750000, x_tr_loss: 294409.718750, a_tr_loss: 0.017304, r_tr_loss: 0.004144, elapsed_time: 0.810529
2024-08-22 18:28:49,749 - INFO - epoch: 0, itr: 234, nll_tr: 1485197.125000, x_tr_loss: 294404.343750, a_tr_loss: 0.018280, r_tr_loss: 0.004105, elapsed_time: 0.835498
2024-08-22 18:28:50,563 - INFO - epoch: 0, itr: 235, nll_tr: 1467218.250000, x_tr_loss: 294401.343750, a_tr_loss: 0.019678, r_tr_loss: 0.004180, elapsed_time: 0.814072
2024-08-22 18:28:51,357 - INFO - epoch: 0, itr: 236, nll_tr: 1442020.625000, x_tr_loss: 294393.531250, a_tr_loss: 0.018174, r_tr_loss: 0.004130, elapsed_time: 0.794305
2024-08-22 18:28:52,129 - INFO - epoch: 0, itr: 237, nll_tr: 1383912.500000, x_tr_loss: 294390.031250, a_tr_loss: 0.017525, r_tr_loss: 0.004150, elapsed_time: 0.772355
2024-08-22 18:28:52,968 - INFO - epoch: 0, itr: 238, nll_tr: 1280403.500000, x_tr_loss: 294385.312500, a_tr_loss: 0.018251, r_tr_loss: 0.004101, elapsed_time: 0.838727
2024-08-22 18:28:53,819 - INFO - epoch: 0, itr: 239, nll_tr: 1322726.000000, x_tr_loss: 294382.000000, a_tr_loss: 0.017358, r_tr_loss: 0.004158, elapsed_time: 0.849825
2024-08-22 18:28:54,656 - INFO - epoch: 0, itr: 240, nll_tr: 1409625.875000, x_tr_loss: 294376.093750, a_tr_loss: 0.016495, r_tr_loss: 0.004202, elapsed_time: 0.837295
2024-08-22 18:28:55,460 - INFO - epoch: 0, itr: 241, nll_tr: 1278108.875000, x_tr_loss: 294374.656250, a_tr_loss: 0.018935, r_tr_loss: 0.004231, elapsed_time: 0.804441
2024-08-22 18:28:57,686 - INFO - epoch: 0, itr: 242, nll_tr: 1324731.125000, x_tr_loss: 294369.750000, a_tr_loss: 0.018193, r_tr_loss: 0.004199, elapsed_time: 2.225392
2024-08-22 18:28:58,433 - INFO - epoch: 0, itr: 243, nll_tr: 1386256.750000, x_tr_loss: 294367.593750, a_tr_loss: 0.019230, r_tr_loss: 0.004074, elapsed_time: 0.747383
2024-08-22 18:28:59,230 - INFO - epoch: 0, itr: 244, nll_tr: 1333860.125000, x_tr_loss: 294361.406250, a_tr_loss: 0.017545, r_tr_loss: 0.004154, elapsed_time: 0.797285
2024-08-22 18:29:00,099 - INFO - epoch: 0, itr: 245, nll_tr: 1432977.750000, x_tr_loss: 294356.750000, a_tr_loss: 0.017031, r_tr_loss: 0.004068, elapsed_time: 0.867966
2024-08-22 18:29:00,958 - INFO - epoch: 0, itr: 246, nll_tr: 1288299.125000, x_tr_loss: 294352.812500, a_tr_loss: 0.017632, r_tr_loss: 0.004193, elapsed_time: 0.859092
2024-08-22 18:29:01,816 - INFO - epoch: 0, itr: 247, nll_tr: 1318503.500000, x_tr_loss: 294348.468750, a_tr_loss: 0.018474, r_tr_loss: 0.004164, elapsed_time: 0.858052
2024-08-22 18:29:02,654 - INFO - epoch: 0, itr: 248, nll_tr: 1378362.125000, x_tr_loss: 294344.218750, a_tr_loss: 0.018631, r_tr_loss: 0.004194, elapsed_time: 0.837061
2024-08-22 18:29:03,514 - INFO - epoch: 0, itr: 249, nll_tr: 1235624.250000, x_tr_loss: 294339.468750, a_tr_loss: 0.017634, r_tr_loss: 0.004241, elapsed_time: 0.859854
2024-08-22 18:29:04,316 - INFO - epoch: 0, itr: 250, nll_tr: 1380149.000000, x_tr_loss: 294334.093750, a_tr_loss: 0.017407, r_tr_loss: 0.004167, elapsed_time: 0.801840
2024-08-22 18:29:05,349 - INFO - epoch: 0, itr: 251, nll_tr: 1336484.125000, x_tr_loss: 294331.125000, a_tr_loss: 0.017986, r_tr_loss: 0.004052, elapsed_time: 1.033382
2024-08-22 18:29:06,324 - INFO - epoch: 0, itr: 252, nll_tr: 1248825.500000, x_tr_loss: 294326.562500, a_tr_loss: 0.017977, r_tr_loss: 0.004093, elapsed_time: 0.974589
2024-08-22 18:29:07,812 - INFO - epoch: 0, itr: 253, nll_tr: 1204109.875000, x_tr_loss: 294322.562500, a_tr_loss: 0.018249, r_tr_loss: 0.004150, elapsed_time: 1.486881
2024-08-22 18:29:08,871 - INFO - epoch: 0, itr: 254, nll_tr: 1283091.625000, x_tr_loss: 294318.968750, a_tr_loss: 0.018793, r_tr_loss: 0.004091, elapsed_time: 1.059253
2024-08-22 18:29:09,925 - INFO - epoch: 0, itr: 255, nll_tr: 1234571.125000, x_tr_loss: 294315.812500, a_tr_loss: 0.017941, r_tr_loss: 0.004164, elapsed_time: 1.054081
2024-08-22 18:29:10,937 - INFO - epoch: 0, itr: 256, nll_tr: 1165611.500000, x_tr_loss: 294311.156250, a_tr_loss: 0.017159, r_tr_loss: 0.004167, elapsed_time: 1.012562
2024-08-22 18:29:11,926 - INFO - epoch: 0, itr: 257, nll_tr: 1233031.250000, x_tr_loss: 294306.281250, a_tr_loss: 0.017040, r_tr_loss: 0.004165, elapsed_time: 0.986478
2024-08-22 18:29:12,841 - INFO - epoch: 0, itr: 258, nll_tr: 1205904.250000, x_tr_loss: 294299.968750, a_tr_loss: 0.017036, r_tr_loss: 0.004109, elapsed_time: 0.914949
2024-08-22 18:29:13,776 - INFO - epoch: 0, itr: 259, nll_tr: 1321556.875000, x_tr_loss: 294297.468750, a_tr_loss: 0.017471, r_tr_loss: 0.004052, elapsed_time: 0.934082
2024-08-22 18:29:15,452 - INFO - epoch: 0, itr: 260, nll_tr: 1201592.000000, x_tr_loss: 294297.375000, a_tr_loss: 0.017207, r_tr_loss: 0.004104, elapsed_time: 1.675216
2024-08-22 18:29:16,746 - INFO - epoch: 0, itr: 261, nll_tr: 1244400.875000, x_tr_loss: 294293.687500, a_tr_loss: 0.017745, r_tr_loss: 0.004079, elapsed_time: 1.293515
2024-08-22 18:29:17,584 - INFO - epoch: 0, itr: 262, nll_tr: 1230447.500000, x_tr_loss: 294287.468750, a_tr_loss: 0.016980, r_tr_loss: 0.004111, elapsed_time: 0.836789
2024-08-22 18:29:18,482 - INFO - epoch: 0, itr: 263, nll_tr: 1127013.250000, x_tr_loss: 294285.343750, a_tr_loss: 0.016141, r_tr_loss: 0.004099, elapsed_time: 0.898788
2024-08-22 18:29:21,312 - INFO - epoch: 0, itr: 264, nll_tr: 1150979.125000, x_tr_loss: 294281.687500, a_tr_loss: 0.017128, r_tr_loss: 0.004047, elapsed_time: 2.829946
2024-08-22 18:29:21,968 - INFO - epoch: 0, itr: 265, nll_tr: 1176494.750000, x_tr_loss: 294279.968750, a_tr_loss: 0.017145, r_tr_loss: 0.004100, elapsed_time: 0.655750
2024-08-22 18:29:22,904 - INFO - epoch: 0, itr: 266, nll_tr: 1177134.750000, x_tr_loss: 294276.718750, a_tr_loss: 0.017102, r_tr_loss: 0.004086, elapsed_time: 0.934758
2024-08-22 18:29:24,098 - INFO - epoch: 0, itr: 267, nll_tr: 1074466.250000, x_tr_loss: 294276.437500, a_tr_loss: 0.018841, r_tr_loss: 0.004139, elapsed_time: 1.194169
2024-08-22 18:29:25,024 - INFO - epoch: 0, itr: 268, nll_tr: 1105312.250000, x_tr_loss: 294272.500000, a_tr_loss: 0.017269, r_tr_loss: 0.004036, elapsed_time: 0.924016
2024-08-22 18:29:25,896 - INFO - epoch: 0, itr: 269, nll_tr: 1145441.000000, x_tr_loss: 294267.125000, a_tr_loss: 0.017658, r_tr_loss: 0.004117, elapsed_time: 0.871454
2024-08-22 18:29:26,760 - INFO - epoch: 0, itr: 270, nll_tr: 1264738.625000, x_tr_loss: 294267.343750, a_tr_loss: 0.017060, r_tr_loss: 0.004161, elapsed_time: 0.864853
2024-08-22 18:29:27,667 - INFO - epoch: 0, itr: 271, nll_tr: 1107728.625000, x_tr_loss: 294262.593750, a_tr_loss: 0.016541, r_tr_loss: 0.004165, elapsed_time: 0.904157
2024-08-22 18:29:28,526 - INFO - epoch: 0, itr: 272, nll_tr: 1224629.250000, x_tr_loss: 294262.187500, a_tr_loss: 0.017247, r_tr_loss: 0.004183, elapsed_time: 0.859105
2024-08-22 18:29:29,447 - INFO - epoch: 0, itr: 273, nll_tr: 1177800.125000, x_tr_loss: 294257.281250, a_tr_loss: 0.017626, r_tr_loss: 0.004183, elapsed_time: 0.920913
2024-08-22 18:29:30,348 - INFO - epoch: 0, itr: 274, nll_tr: 1094462.625000, x_tr_loss: 294255.062500, a_tr_loss: 0.018380, r_tr_loss: 0.004232, elapsed_time: 0.900365
2024-08-22 18:29:31,295 - INFO - epoch: 0, itr: 275, nll_tr: 1134589.625000, x_tr_loss: 294252.875000, a_tr_loss: 0.017823, r_tr_loss: 0.004246, elapsed_time: 0.946800
2024-08-22 18:29:32,267 - INFO - epoch: 0, itr: 276, nll_tr: 1120034.750000, x_tr_loss: 294247.531250, a_tr_loss: 0.017116, r_tr_loss: 0.004232, elapsed_time: 0.971240
2024-08-22 18:29:33,223 - INFO - epoch: 0, itr: 277, nll_tr: 1051311.750000, x_tr_loss: 294247.343750, a_tr_loss: 0.017567, r_tr_loss: 0.004175, elapsed_time: 0.955672
2024-08-22 18:29:34,161 - INFO - epoch: 0, itr: 278, nll_tr: 1131860.000000, x_tr_loss: 294241.718750, a_tr_loss: 0.017351, r_tr_loss: 0.004066, elapsed_time: 0.937482
2024-08-22 18:29:35,113 - INFO - epoch: 0, itr: 279, nll_tr: 1087859.750000, x_tr_loss: 294240.468750, a_tr_loss: 0.018663, r_tr_loss: 0.004123, elapsed_time: 0.951786
2024-08-22 18:29:36,140 - INFO - epoch: 0, itr: 280, nll_tr: 1133518.875000, x_tr_loss: 294238.968750, a_tr_loss: 0.017499, r_tr_loss: 0.004117, elapsed_time: 1.025304
2024-08-22 18:29:37,422 - INFO - epoch: 0, itr: 281, nll_tr: 1109272.500000, x_tr_loss: 294234.406250, a_tr_loss: 0.016887, r_tr_loss: 0.004144, elapsed_time: 1.282204
2024-08-22 18:29:38,734 - INFO - epoch: 0, itr: 282, nll_tr: 1161715.000000, x_tr_loss: 294233.343750, a_tr_loss: 0.015719, r_tr_loss: 0.004184, elapsed_time: 1.310785
2024-08-22 18:29:39,704 - INFO - epoch: 0, itr: 283, nll_tr: 1008238.125000, x_tr_loss: 294230.406250, a_tr_loss: 0.016062, r_tr_loss: 0.004058, elapsed_time: 0.970133
2024-08-22 18:29:40,618 - INFO - epoch: 0, itr: 284, nll_tr: 1082196.625000, x_tr_loss: 294227.156250, a_tr_loss: 0.016916, r_tr_loss: 0.004014, elapsed_time: 0.912796
2024-08-22 18:29:41,806 - INFO - epoch: 0, itr: 285, nll_tr: 1065299.125000, x_tr_loss: 294222.812500, a_tr_loss: 0.017045, r_tr_loss: 0.004098, elapsed_time: 1.188373
2024-08-22 18:29:42,886 - INFO - epoch: 0, itr: 286, nll_tr: 1101193.000000, x_tr_loss: 294220.750000, a_tr_loss: 0.018332, r_tr_loss: 0.004208, elapsed_time: 1.079329
2024-08-22 18:29:43,967 - INFO - epoch: 0, itr: 287, nll_tr: 1013753.500000, x_tr_loss: 294219.343750, a_tr_loss: 0.018157, r_tr_loss: 0.003963, elapsed_time: 1.080066
2024-08-22 18:29:45,087 - INFO - epoch: 0, itr: 288, nll_tr: 1017198.437500, x_tr_loss: 294217.593750, a_tr_loss: 0.018069, r_tr_loss: 0.004069, elapsed_time: 1.119338
2024-08-22 18:29:46,120 - INFO - epoch: 0, itr: 289, nll_tr: 1098703.625000, x_tr_loss: 294214.250000, a_tr_loss: 0.016713, r_tr_loss: 0.004040, elapsed_time: 1.032816
2024-08-22 18:29:48,850 - INFO - epoch: 0, itr: 290, nll_tr: 1013597.062500, x_tr_loss: 294212.093750, a_tr_loss: 0.015473, r_tr_loss: 0.004105, elapsed_time: 2.728984
2024-08-22 18:29:49,917 - INFO - epoch: 0, itr: 291, nll_tr: 964842.562500, x_tr_loss: 294212.406250, a_tr_loss: 0.017245, r_tr_loss: 0.004065, elapsed_time: 1.066177
2024-08-22 18:29:51,085 - INFO - epoch: 0, itr: 292, nll_tr: 990277.937500, x_tr_loss: 294207.062500, a_tr_loss: 0.018265, r_tr_loss: 0.004126, elapsed_time: 1.166909
2024-08-22 18:29:52,037 - INFO - epoch: 0, itr: 293, nll_tr: 1036931.812500, x_tr_loss: 294205.687500, a_tr_loss: 0.017333, r_tr_loss: 0.004092, elapsed_time: 0.951829
2024-08-22 18:29:53,077 - INFO - epoch: 0, itr: 294, nll_tr: 974839.062500, x_tr_loss: 294205.468750, a_tr_loss: 0.017283, r_tr_loss: 0.004122, elapsed_time: 1.038516
2024-08-22 18:29:54,182 - INFO - epoch: 0, itr: 295, nll_tr: 1116258.250000, x_tr_loss: 294201.812500, a_tr_loss: 0.017855, r_tr_loss: 0.004173, elapsed_time: 1.105862
2024-08-22 18:29:55,312 - INFO - epoch: 0, itr: 296, nll_tr: 1095195.375000, x_tr_loss: 294202.250000, a_tr_loss: 0.017590, r_tr_loss: 0.004205, elapsed_time: 1.129848
2024-08-22 18:29:56,221 - INFO - epoch: 0, itr: 297, nll_tr: 1084080.875000, x_tr_loss: 294200.843750, a_tr_loss: 0.016617, r_tr_loss: 0.004229, elapsed_time: 0.908688
2024-08-22 18:29:57,164 - INFO - epoch: 0, itr: 298, nll_tr: 1080222.625000, x_tr_loss: 294197.218750, a_tr_loss: 0.017493, r_tr_loss: 0.004228, elapsed_time: 0.943276
2024-08-22 18:29:58,143 - INFO - epoch: 0, itr: 299, nll_tr: 1060260.625000, x_tr_loss: 294194.750000, a_tr_loss: 0.018389, r_tr_loss: 0.004164, elapsed_time: 0.977874
2024-08-22 18:29:59,121 - INFO - epoch: 0, itr: 300, nll_tr: 1009157.312500, x_tr_loss: 294192.125000, a_tr_loss: 0.018297, r_tr_loss: 0.004159, elapsed_time: 0.977481
2024-08-22 18:30:00,069 - INFO - epoch: 0, itr: 301, nll_tr: 994735.375000, x_tr_loss: 294192.656250, a_tr_loss: 0.017915, r_tr_loss: 0.004120, elapsed_time: 0.948237
2024-08-22 18:30:01,107 - INFO - epoch: 0, itr: 302, nll_tr: 981783.562500, x_tr_loss: 294191.906250, a_tr_loss: 0.016015, r_tr_loss: 0.004165, elapsed_time: 1.037100
2024-08-22 18:30:02,072 - INFO - epoch: 0, itr: 303, nll_tr: 857703.375000, x_tr_loss: 294189.125000, a_tr_loss: 0.016922, r_tr_loss: 0.004096, elapsed_time: 0.965391
2024-08-22 18:30:04,071 - INFO - epoch: 0, itr: 304, nll_tr: 993925.062500, x_tr_loss: 294186.593750, a_tr_loss: 0.016616, r_tr_loss: 0.004133, elapsed_time: 1.998200
2024-08-22 18:30:05,214 - INFO - epoch: 0, itr: 305, nll_tr: 863844.375000, x_tr_loss: 294184.750000, a_tr_loss: 0.016849, r_tr_loss: 0.004093, elapsed_time: 1.142570
2024-08-22 18:30:06,165 - INFO - epoch: 0, itr: 306, nll_tr: 982003.750000, x_tr_loss: 294182.593750, a_tr_loss: 0.016704, r_tr_loss: 0.004093, elapsed_time: 0.950032
2024-08-22 18:30:07,356 - INFO - epoch: 0, itr: 307, nll_tr: 1016231.625000, x_tr_loss: 294182.937500, a_tr_loss: 0.017573, r_tr_loss: 0.004080, elapsed_time: 1.191269
2024-08-22 18:30:09,056 - INFO - epoch: 0, itr: 308, nll_tr: 929388.625000, x_tr_loss: 294180.218750, a_tr_loss: 0.017813, r_tr_loss: 0.004066, elapsed_time: 1.698164
2024-08-22 18:30:09,944 - INFO - epoch: 0, itr: 309, nll_tr: 939183.312500, x_tr_loss: 294175.812500, a_tr_loss: 0.016954, r_tr_loss: 0.004096, elapsed_time: 0.888749
2024-08-22 18:30:10,796 - INFO - epoch: 0, itr: 310, nll_tr: 926730.812500, x_tr_loss: 294173.843750, a_tr_loss: 0.017614, r_tr_loss: 0.004166, elapsed_time: 0.850312
2024-08-22 18:30:11,722 - INFO - epoch: 0, itr: 311, nll_tr: 920263.000000, x_tr_loss: 294172.500000, a_tr_loss: 0.017295, r_tr_loss: 0.004207, elapsed_time: 0.926669
2024-08-22 18:30:12,640 - INFO - epoch: 0, itr: 312, nll_tr: 977154.812500, x_tr_loss: 294171.593750, a_tr_loss: 0.016612, r_tr_loss: 0.004132, elapsed_time: 0.917265
2024-08-22 18:30:13,566 - INFO - epoch: 0, itr: 313, nll_tr: 1007992.625000, x_tr_loss: 294166.656250, a_tr_loss: 0.016977, r_tr_loss: 0.004234, elapsed_time: 0.924599
2024-08-22 18:30:14,525 - INFO - epoch: 0, itr: 314, nll_tr: 1056129.000000, x_tr_loss: 294164.968750, a_tr_loss: 0.016717, r_tr_loss: 0.004105, elapsed_time: 0.958900
2024-08-22 18:30:15,479 - INFO - epoch: 0, itr: 315, nll_tr: 858152.375000, x_tr_loss: 294164.218750, a_tr_loss: 0.015560, r_tr_loss: 0.004247, elapsed_time: 0.954197
2024-08-22 18:30:16,407 - INFO - epoch: 0, itr: 316, nll_tr: 918390.125000, x_tr_loss: 294161.468750, a_tr_loss: 0.016307, r_tr_loss: 0.004124, elapsed_time: 0.927030
2024-08-22 18:30:17,438 - INFO - epoch: 0, itr: 317, nll_tr: 859014.000000, x_tr_loss: 294161.968750, a_tr_loss: 0.018291, r_tr_loss: 0.004144, elapsed_time: 1.030286
2024-08-22 18:30:19,634 - INFO - epoch: 0, itr: 318, nll_tr: 955983.812500, x_tr_loss: 294158.500000, a_tr_loss: 0.017921, r_tr_loss: 0.004144, elapsed_time: 2.195992
2024-08-22 18:30:20,472 - INFO - epoch: 0, itr: 319, nll_tr: 862314.000000, x_tr_loss: 294158.062500, a_tr_loss: 0.017768, r_tr_loss: 0.004105, elapsed_time: 0.838318
2024-08-22 18:30:21,488 - INFO - epoch: 0, itr: 320, nll_tr: 949952.500000, x_tr_loss: 294157.093750, a_tr_loss: 0.016088, r_tr_loss: 0.004093, elapsed_time: 1.014174
2024-08-22 18:30:22,725 - INFO - epoch: 0, itr: 321, nll_tr: 880688.500000, x_tr_loss: 294155.156250, a_tr_loss: 0.018013, r_tr_loss: 0.004081, elapsed_time: 1.235976
2024-08-22 18:30:23,955 - INFO - epoch: 0, itr: 322, nll_tr: 932206.125000, x_tr_loss: 294151.093750, a_tr_loss: 0.017518, r_tr_loss: 0.004163, elapsed_time: 1.229888
2024-08-22 18:30:24,815 - INFO - epoch: 0, itr: 323, nll_tr: 975059.187500, x_tr_loss: 294152.000000, a_tr_loss: 0.016572, r_tr_loss: 0.004130, elapsed_time: 0.859184
2024-08-22 18:30:25,689 - INFO - epoch: 0, itr: 324, nll_tr: 966892.062500, x_tr_loss: 294149.062500, a_tr_loss: 0.018897, r_tr_loss: 0.004170, elapsed_time: 0.873907
2024-08-22 18:30:26,568 - INFO - epoch: 0, itr: 325, nll_tr: 917013.562500, x_tr_loss: 294147.218750, a_tr_loss: 0.017058, r_tr_loss: 0.004141, elapsed_time: 0.878882
2024-08-22 18:30:27,444 - INFO - epoch: 0, itr: 326, nll_tr: 879579.125000, x_tr_loss: 294146.656250, a_tr_loss: 0.016992, r_tr_loss: 0.004169, elapsed_time: 0.874870
2024-08-22 18:30:28,341 - INFO - epoch: 0, itr: 327, nll_tr: 878744.500000, x_tr_loss: 294145.343750, a_tr_loss: 0.018151, r_tr_loss: 0.004130, elapsed_time: 0.897634
2024-08-22 18:30:29,268 - INFO - epoch: 0, itr: 328, nll_tr: 919916.437500, x_tr_loss: 294143.750000, a_tr_loss: 0.016051, r_tr_loss: 0.004149, elapsed_time: 0.926556
2024-08-22 18:30:30,192 - INFO - epoch: 0, itr: 329, nll_tr: 884924.000000, x_tr_loss: 294143.750000, a_tr_loss: 0.016757, r_tr_loss: 0.004188, elapsed_time: 0.924719
2024-08-22 18:30:31,239 - INFO - epoch: 0, itr: 330, nll_tr: 934685.750000, x_tr_loss: 294143.250000, a_tr_loss: 0.017208, r_tr_loss: 0.004222, elapsed_time: 1.045859
2024-08-22 18:30:32,819 - INFO - epoch: 0, itr: 331, nll_tr: 814733.937500, x_tr_loss: 294140.531250, a_tr_loss: 0.016097, r_tr_loss: 0.004183, elapsed_time: 1.579491
2024-08-22 18:30:33,616 - INFO - epoch: 0, itr: 332, nll_tr: 851061.312500, x_tr_loss: 294140.843750, a_tr_loss: 0.017451, r_tr_loss: 0.004206, elapsed_time: 0.797401
2024-08-22 18:30:34,447 - INFO - epoch: 0, itr: 333, nll_tr: 828809.250000, x_tr_loss: 294139.000000, a_tr_loss: 0.017928, r_tr_loss: 0.004085, elapsed_time: 0.830886
2024-08-22 18:30:35,348 - INFO - epoch: 0, itr: 334, nll_tr: 946373.687500, x_tr_loss: 294143.625000, a_tr_loss: 0.017746, r_tr_loss: 0.004106, elapsed_time: 0.900433
2024-08-22 18:30:36,206 - INFO - epoch: 0, itr: 335, nll_tr: 878600.500000, x_tr_loss: 294142.750000, a_tr_loss: 0.017715, r_tr_loss: 0.004102, elapsed_time: 0.858449
2024-08-22 18:30:37,099 - INFO - epoch: 0, itr: 336, nll_tr: 910655.375000, x_tr_loss: 294140.937500, a_tr_loss: 0.016272, r_tr_loss: 0.004144, elapsed_time: 0.892898
2024-08-22 18:30:39,214 - INFO - epoch: 0, itr: 337, nll_tr: 938797.625000, x_tr_loss: 294139.343750, a_tr_loss: 0.017262, r_tr_loss: 0.004118, elapsed_time: 2.114101
2024-08-22 18:30:40,925 - INFO - epoch: 0, itr: 338, nll_tr: 830870.250000, x_tr_loss: 294138.781250, a_tr_loss: 0.018339, r_tr_loss: 0.004097, elapsed_time: 1.711515
2024-08-22 18:30:41,732 - INFO - epoch: 0, itr: 339, nll_tr: 846261.125000, x_tr_loss: 294137.093750, a_tr_loss: 0.018116, r_tr_loss: 0.004096, elapsed_time: 0.805952
2024-08-22 18:30:42,532 - INFO - epoch: 0, itr: 340, nll_tr: 914339.000000, x_tr_loss: 294135.343750, a_tr_loss: 0.017084, r_tr_loss: 0.004118, elapsed_time: 0.799874
2024-08-22 18:30:43,419 - INFO - epoch: 0, itr: 341, nll_tr: 794165.812500, x_tr_loss: 294134.062500, a_tr_loss: 0.017946, r_tr_loss: 0.004146, elapsed_time: 0.886197
2024-08-22 18:30:44,282 - INFO - epoch: 0, itr: 342, nll_tr: 906993.375000, x_tr_loss: 294131.406250, a_tr_loss: 0.017076, r_tr_loss: 0.004152, elapsed_time: 0.863522
2024-08-22 18:30:45,075 - INFO - epoch: 0, itr: 343, nll_tr: 917299.062500, x_tr_loss: 294128.968750, a_tr_loss: 0.018021, r_tr_loss: 0.004133, elapsed_time: 0.793385
2024-08-22 18:30:45,888 - INFO - epoch: 0, itr: 344, nll_tr: 830478.125000, x_tr_loss: 294127.218750, a_tr_loss: 0.017142, r_tr_loss: 0.004118, elapsed_time: 0.812822
2024-08-22 18:30:46,656 - INFO - epoch: 0, itr: 345, nll_tr: 997346.312500, x_tr_loss: 294125.812500, a_tr_loss: 0.016774, r_tr_loss: 0.004096, elapsed_time: 0.767550
2024-08-22 18:30:47,430 - INFO - epoch: 0, itr: 346, nll_tr: 850088.000000, x_tr_loss: 294123.062500, a_tr_loss: 0.017388, r_tr_loss: 0.004146, elapsed_time: 0.773272
2024-08-22 18:30:48,284 - INFO - epoch: 0, itr: 347, nll_tr: 765414.375000, x_tr_loss: 294122.468750, a_tr_loss: 0.016458, r_tr_loss: 0.004045, elapsed_time: 0.854075
2024-08-22 18:30:49,821 - INFO - epoch: 0, itr: 348, nll_tr: 796325.375000, x_tr_loss: 294121.718750, a_tr_loss: 0.016666, r_tr_loss: 0.004071, elapsed_time: 1.537274
2024-08-22 18:30:50,585 - INFO - epoch: 0, itr: 349, nll_tr: 837458.187500, x_tr_loss: 294121.968750, a_tr_loss: 0.016792, r_tr_loss: 0.004080, elapsed_time: 0.763843
2024-08-22 18:30:53,406 - INFO - epoch: 0, itr: 350, nll_tr: 886882.937500, x_tr_loss: 294121.312500, a_tr_loss: 0.016486, r_tr_loss: 0.004139, elapsed_time: 2.820582
2024-08-22 18:30:53,921 - INFO - epoch: 0, itr: 351, nll_tr: 892435.312500, x_tr_loss: 294118.750000, a_tr_loss: 0.016130, r_tr_loss: 0.004053, elapsed_time: 0.514899
2024-08-22 18:30:54,577 - INFO - epoch: 0, itr: 352, nll_tr: 860840.500000, x_tr_loss: 294117.531250, a_tr_loss: 0.016138, r_tr_loss: 0.003989, elapsed_time: 0.655780
2024-08-22 18:30:55,387 - INFO - epoch: 0, itr: 353, nll_tr: 813573.937500, x_tr_loss: 294116.062500, a_tr_loss: 0.016228, r_tr_loss: 0.004042, elapsed_time: 0.810358
2024-08-22 18:30:56,215 - INFO - epoch: 0, itr: 354, nll_tr: 856212.812500, x_tr_loss: 294115.875000, a_tr_loss: 0.015646, r_tr_loss: 0.004009, elapsed_time: 0.828035
2024-08-22 18:30:57,026 - INFO - epoch: 0, itr: 355, nll_tr: 845676.937500, x_tr_loss: 294114.000000, a_tr_loss: 0.016837, r_tr_loss: 0.003980, elapsed_time: 0.810876
2024-08-22 18:30:57,907 - INFO - epoch: 0, itr: 356, nll_tr: 854260.812500, x_tr_loss: 294113.593750, a_tr_loss: 0.016985, r_tr_loss: 0.004067, elapsed_time: 0.879233
2024-08-22 18:30:58,795 - INFO - epoch: 0, itr: 357, nll_tr: 808617.750000, x_tr_loss: 294112.250000, a_tr_loss: 0.016956, r_tr_loss: 0.004051, elapsed_time: 0.888025
2024-08-22 18:30:59,656 - INFO - epoch: 0, itr: 358, nll_tr: 742890.750000, x_tr_loss: 294111.125000, a_tr_loss: 0.016746, r_tr_loss: 0.004074, elapsed_time: 0.860932
2024-08-22 18:31:00,543 - INFO - epoch: 0, itr: 359, nll_tr: 765651.875000, x_tr_loss: 294110.156250, a_tr_loss: 0.016390, r_tr_loss: 0.003997, elapsed_time: 0.887029
2024-08-22 18:31:01,302 - INFO - epoch: 0, itr: 360, nll_tr: 887948.500000, x_tr_loss: 294109.656250, a_tr_loss: 0.017195, r_tr_loss: 0.004081, elapsed_time: 0.759159
2024-08-22 18:31:02,095 - INFO - epoch: 0, itr: 361, nll_tr: 789740.125000, x_tr_loss: 294108.812500, a_tr_loss: 0.014899, r_tr_loss: 0.004010, elapsed_time: 0.793515
2024-08-22 18:31:03,011 - INFO - epoch: 0, itr: 362, nll_tr: 785308.250000, x_tr_loss: 294108.750000, a_tr_loss: 0.016753, r_tr_loss: 0.004141, elapsed_time: 0.916201
2024-08-22 18:31:03,852 - INFO - epoch: 0, itr: 363, nll_tr: 768088.937500, x_tr_loss: 294107.968750, a_tr_loss: 0.015907, r_tr_loss: 0.004132, elapsed_time: 0.839954
2024-08-22 18:31:05,065 - INFO - epoch: 0, itr: 364, nll_tr: 867366.312500, x_tr_loss: 294108.468750, a_tr_loss: 0.016706, r_tr_loss: 0.004046, elapsed_time: 1.210713
2024-08-22 18:31:06,026 - INFO - epoch: 0, itr: 365, nll_tr: 781429.125000, x_tr_loss: 294105.812500, a_tr_loss: 0.016715, r_tr_loss: 0.004176, elapsed_time: 0.961743
2024-08-22 18:31:06,883 - INFO - epoch: 0, itr: 366, nll_tr: 833385.812500, x_tr_loss: 294105.593750, a_tr_loss: 0.015792, r_tr_loss: 0.004052, elapsed_time: 0.856055
2024-08-22 18:31:07,705 - INFO - epoch: 0, itr: 367, nll_tr: 853396.875000, x_tr_loss: 294103.968750, a_tr_loss: 0.017019, r_tr_loss: 0.004109, elapsed_time: 0.822992
2024-08-22 18:31:09,041 - INFO - epoch: 0, itr: 368, nll_tr: 760862.437500, x_tr_loss: 294103.968750, a_tr_loss: 0.016615, r_tr_loss: 0.004055, elapsed_time: 1.335895
2024-08-22 18:31:09,806 - INFO - epoch: 0, itr: 369, nll_tr: 774187.875000, x_tr_loss: 294100.656250, a_tr_loss: 0.016124, r_tr_loss: 0.004119, elapsed_time: 0.764766
2024-08-22 18:31:10,652 - INFO - epoch: 0, itr: 370, nll_tr: 764358.937500, x_tr_loss: 294098.375000, a_tr_loss: 0.015662, r_tr_loss: 0.004145, elapsed_time: 0.846172
2024-08-22 18:31:11,502 - INFO - epoch: 0, itr: 371, nll_tr: 792923.000000, x_tr_loss: 294099.250000, a_tr_loss: 0.015786, r_tr_loss: 0.004051, elapsed_time: 0.849230
2024-08-22 18:31:13,159 - INFO - epoch: 0, itr: 372, nll_tr: 729144.500000, x_tr_loss: 294098.562500, a_tr_loss: 0.016567, r_tr_loss: 0.004058, elapsed_time: 1.657526
2024-08-22 18:31:13,951 - INFO - epoch: 0, itr: 373, nll_tr: 742921.000000, x_tr_loss: 294097.156250, a_tr_loss: 0.015987, r_tr_loss: 0.004020, elapsed_time: 0.791929
2024-08-22 18:31:14,753 - INFO - epoch: 0, itr: 374, nll_tr: 765292.687500, x_tr_loss: 294095.968750, a_tr_loss: 0.016461, r_tr_loss: 0.004043, elapsed_time: 0.802292
2024-08-22 18:31:15,533 - INFO - epoch: 0, itr: 375, nll_tr: 784369.687500, x_tr_loss: 294094.656250, a_tr_loss: 0.016756, r_tr_loss: 0.004163, elapsed_time: 0.779261
2024-08-22 18:31:16,311 - INFO - epoch: 0, itr: 376, nll_tr: 798194.437500, x_tr_loss: 294093.437500, a_tr_loss: 0.016659, r_tr_loss: 0.004110, elapsed_time: 0.777663
2024-08-22 18:31:17,875 - INFO - epoch: 0, itr: 377, nll_tr: 802184.562500, x_tr_loss: 294092.937500, a_tr_loss: 0.015673, r_tr_loss: 0.004158, elapsed_time: 1.562442
2024-08-22 18:31:18,743 - INFO - epoch: 0, itr: 378, nll_tr: 823532.250000, x_tr_loss: 294092.343750, a_tr_loss: 0.016135, r_tr_loss: 0.004141, elapsed_time: 0.868617
2024-08-22 18:31:19,693 - INFO - epoch: 0, itr: 379, nll_tr: 753451.812500, x_tr_loss: 294090.718750, a_tr_loss: 0.015482, r_tr_loss: 0.004076, elapsed_time: 0.950205
2024-08-22 18:31:20,676 - INFO - epoch: 0, itr: 380, nll_tr: 768289.500000, x_tr_loss: 294091.531250, a_tr_loss: 0.016287, r_tr_loss: 0.004118, elapsed_time: 0.981040
2024-08-22 18:31:21,581 - INFO - epoch: 0, itr: 381, nll_tr: 763352.562500, x_tr_loss: 294088.562500, a_tr_loss: 0.015961, r_tr_loss: 0.004065, elapsed_time: 0.905425
2024-08-22 18:31:22,449 - INFO - epoch: 0, itr: 382, nll_tr: 753110.937500, x_tr_loss: 294087.781250, a_tr_loss: 0.016548, r_tr_loss: 0.004009, elapsed_time: 0.867750
2024-08-22 18:31:23,286 - INFO - epoch: 0, itr: 383, nll_tr: 808053.125000, x_tr_loss: 294087.687500, a_tr_loss: 0.015959, r_tr_loss: 0.004061, elapsed_time: 0.836358
2024-08-22 18:31:24,089 - INFO - epoch: 0, itr: 384, nll_tr: 783810.187500, x_tr_loss: 294087.406250, a_tr_loss: 0.016334, r_tr_loss: 0.004099, elapsed_time: 0.803162
2024-08-22 18:31:24,891 - INFO - epoch: 0, itr: 385, nll_tr: 823517.625000, x_tr_loss: 294085.812500, a_tr_loss: 0.017233, r_tr_loss: 0.004070, elapsed_time: 0.801879
2024-08-22 18:31:25,681 - INFO - epoch: 0, itr: 386, nll_tr: 748305.125000, x_tr_loss: 294084.187500, a_tr_loss: 0.016125, r_tr_loss: 0.004119, elapsed_time: 0.789012
2024-08-22 18:31:26,515 - INFO - epoch: 0, itr: 387, nll_tr: 739985.000000, x_tr_loss: 294084.843750, a_tr_loss: 0.016054, r_tr_loss: 0.004123, elapsed_time: 0.833416
2024-08-22 18:31:27,623 - INFO - epoch: 0, itr: 388, nll_tr: 759256.125000, x_tr_loss: 294085.656250, a_tr_loss: 0.015249, r_tr_loss: 0.004140, elapsed_time: 1.108243
2024-08-22 18:31:28,700 - INFO - epoch: 0, itr: 389, nll_tr: 762379.500000, x_tr_loss: 294083.531250, a_tr_loss: 0.016554, r_tr_loss: 0.004122, elapsed_time: 1.077676
2024-08-22 18:31:29,948 - INFO - epoch: 0, itr: 390, nll_tr: 851165.312500, x_tr_loss: 294083.281250, a_tr_loss: 0.015634, r_tr_loss: 0.004104, elapsed_time: 1.247663
2024-08-22 18:31:30,869 - INFO - epoch: 0, itr: 391, nll_tr: 757788.687500, x_tr_loss: 294082.218750, a_tr_loss: 0.016075, r_tr_loss: 0.004008, elapsed_time: 0.919939
2024-08-22 18:31:31,690 - INFO - epoch: 0, itr: 392, nll_tr: 788597.875000, x_tr_loss: 294080.843750, a_tr_loss: 0.015996, r_tr_loss: 0.004068, elapsed_time: 0.821079
2024-08-22 18:31:32,554 - INFO - epoch: 0, itr: 393, nll_tr: 763346.937500, x_tr_loss: 294081.906250, a_tr_loss: 0.015973, r_tr_loss: 0.004142, elapsed_time: 0.863959
2024-08-22 18:31:33,516 - INFO - epoch: 0, itr: 394, nll_tr: 715023.937500, x_tr_loss: 294081.687500, a_tr_loss: 0.016272, r_tr_loss: 0.004129, elapsed_time: 0.961745
2024-08-22 18:31:34,417 - INFO - epoch: 0, itr: 395, nll_tr: 711362.937500, x_tr_loss: 294080.062500, a_tr_loss: 0.017003, r_tr_loss: 0.004130, elapsed_time: 0.900485
2024-08-22 18:31:35,432 - INFO - epoch: 0, itr: 396, nll_tr: 719580.687500, x_tr_loss: 294080.593750, a_tr_loss: 0.016650, r_tr_loss: 0.004219, elapsed_time: 1.015539
2024-08-22 18:31:37,772 - INFO - epoch: 0, itr: 397, nll_tr: 761620.062500, x_tr_loss: 294080.125000, a_tr_loss: 0.015943, r_tr_loss: 0.004128, elapsed_time: 2.339322
2024-08-22 18:31:38,671 - INFO - epoch: 0, itr: 398, nll_tr: 869440.437500, x_tr_loss: 294080.125000, a_tr_loss: 0.015359, r_tr_loss: 0.004127, elapsed_time: 0.899340
2024-08-22 18:31:39,752 - INFO - epoch: 0, itr: 399, nll_tr: 701582.125000, x_tr_loss: 294078.968750, a_tr_loss: 0.016299, r_tr_loss: 0.004075, elapsed_time: 1.080868
2024-08-22 18:31:40,704 - INFO - epoch: 0, itr: 400, nll_tr: 738595.937500, x_tr_loss: 294078.500000, a_tr_loss: 0.016448, r_tr_loss: 0.004089, elapsed_time: 0.951590
2024-08-22 18:31:41,665 - INFO - epoch: 0, itr: 401, nll_tr: 733997.625000, x_tr_loss: 294078.718750, a_tr_loss: 0.016992, r_tr_loss: 0.004187, elapsed_time: 0.960756
2024-08-22 18:31:42,643 - INFO - epoch: 0, itr: 402, nll_tr: 711061.750000, x_tr_loss: 294077.500000, a_tr_loss: 0.016272, r_tr_loss: 0.004056, elapsed_time: 0.978089
2024-08-22 18:31:43,620 - INFO - epoch: 0, itr: 403, nll_tr: 772162.125000, x_tr_loss: 294076.156250, a_tr_loss: 0.017221, r_tr_loss: 0.004132, elapsed_time: 0.975429
2024-08-22 18:31:44,577 - INFO - epoch: 0, itr: 404, nll_tr: 680721.187500, x_tr_loss: 294075.343750, a_tr_loss: 0.017305, r_tr_loss: 0.004096, elapsed_time: 0.956542
2024-08-22 18:31:45,402 - INFO - epoch: 0, itr: 405, nll_tr: 762798.625000, x_tr_loss: 294073.000000, a_tr_loss: 0.016669, r_tr_loss: 0.004161, elapsed_time: 0.825180
2024-08-22 18:31:46,276 - INFO - epoch: 0, itr: 406, nll_tr: 732747.875000, x_tr_loss: 294071.656250, a_tr_loss: 0.015588, r_tr_loss: 0.004141, elapsed_time: 0.873686
2024-08-22 18:31:47,175 - INFO - epoch: 0, itr: 407, nll_tr: 732921.750000, x_tr_loss: 294072.562500, a_tr_loss: 0.015145, r_tr_loss: 0.004134, elapsed_time: 0.899040
2024-08-22 18:31:48,001 - INFO - epoch: 0, itr: 408, nll_tr: 828806.062500, x_tr_loss: 294072.062500, a_tr_loss: 0.015918, r_tr_loss: 0.004116, elapsed_time: 0.825536
2024-08-22 18:31:48,841 - INFO - epoch: 0, itr: 409, nll_tr: 752442.312500, x_tr_loss: 294070.437500, a_tr_loss: 0.015747, r_tr_loss: 0.004195, elapsed_time: 0.840332
2024-08-22 18:31:49,689 - INFO - epoch: 0, itr: 410, nll_tr: 699343.750000, x_tr_loss: 294070.562500, a_tr_loss: 0.014827, r_tr_loss: 0.004097, elapsed_time: 0.848063
2024-08-22 18:31:50,801 - INFO - epoch: 0, itr: 411, nll_tr: 696390.937500, x_tr_loss: 294069.812500, a_tr_loss: 0.015960, r_tr_loss: 0.004141, elapsed_time: 1.111129
2024-08-22 18:31:54,089 - INFO - epoch: 0, itr: 412, nll_tr: 714236.312500, x_tr_loss: 294069.843750, a_tr_loss: 0.015951, r_tr_loss: 0.004115, elapsed_time: 3.287973
2024-08-22 18:31:54,662 - INFO - epoch: 0, itr: 413, nll_tr: 697111.500000, x_tr_loss: 294070.593750, a_tr_loss: 0.016830, r_tr_loss: 0.004075, elapsed_time: 0.572358
2024-08-22 18:31:55,335 - INFO - epoch: 0, itr: 414, nll_tr: 692028.312500, x_tr_loss: 294069.562500, a_tr_loss: 0.017896, r_tr_loss: 0.004039, elapsed_time: 0.673538
2024-08-22 18:31:56,307 - INFO - epoch: 0, itr: 415, nll_tr: 781707.812500, x_tr_loss: 294068.125000, a_tr_loss: 0.015306, r_tr_loss: 0.004111, elapsed_time: 0.972287
2024-08-22 18:31:57,212 - INFO - epoch: 0, itr: 416, nll_tr: 692842.500000, x_tr_loss: 294069.687500, a_tr_loss: 0.016009, r_tr_loss: 0.004055, elapsed_time: 0.905011
2024-08-22 18:31:57,998 - INFO - epoch: 0, itr: 417, nll_tr: 738657.000000, x_tr_loss: 294067.968750, a_tr_loss: 0.016218, r_tr_loss: 0.004062, elapsed_time: 0.785424
2024-08-22 18:31:58,764 - INFO - epoch: 0, itr: 418, nll_tr: 710993.125000, x_tr_loss: 294069.250000, a_tr_loss: 0.015218, r_tr_loss: 0.004101, elapsed_time: 0.766408
2024-08-22 18:32:00,218 - INFO - epoch: 0, itr: 419, nll_tr: 747571.687500, x_tr_loss: 294067.750000, a_tr_loss: 0.015944, r_tr_loss: 0.004018, elapsed_time: 1.454171
2024-08-22 18:32:00,978 - INFO - epoch: 0, itr: 420, nll_tr: 730611.000000, x_tr_loss: 294067.125000, a_tr_loss: 0.016444, r_tr_loss: 0.004094, elapsed_time: 0.759424
2024-08-22 18:32:01,784 - INFO - epoch: 0, itr: 421, nll_tr: 683874.875000, x_tr_loss: 294066.687500, a_tr_loss: 0.015028, r_tr_loss: 0.004055, elapsed_time: 0.805926
2024-08-22 18:32:02,572 - INFO - epoch: 0, itr: 422, nll_tr: 715566.750000, x_tr_loss: 294068.593750, a_tr_loss: 0.016134, r_tr_loss: 0.004081, elapsed_time: 0.788351
2024-08-22 18:32:03,331 - INFO - epoch: 0, itr: 423, nll_tr: 784811.437500, x_tr_loss: 294066.656250, a_tr_loss: 0.016409, r_tr_loss: 0.004000, elapsed_time: 0.758746
2024-08-22 18:32:04,100 - INFO - epoch: 0, itr: 424, nll_tr: 708681.937500, x_tr_loss: 294066.656250, a_tr_loss: 0.015707, r_tr_loss: 0.004072, elapsed_time: 0.769273
2024-08-22 18:32:04,896 - INFO - epoch: 0, itr: 425, nll_tr: 756455.125000, x_tr_loss: 294065.562500, a_tr_loss: 0.015511, r_tr_loss: 0.004064, elapsed_time: 0.795358
2024-08-22 18:32:05,735 - INFO - epoch: 0, itr: 426, nll_tr: 697597.375000, x_tr_loss: 294066.781250, a_tr_loss: 0.017200, r_tr_loss: 0.004144, elapsed_time: 0.839579
2024-08-22 18:32:06,562 - INFO - epoch: 0, itr: 427, nll_tr: 790514.750000, x_tr_loss: 294065.968750, a_tr_loss: 0.016917, r_tr_loss: 0.004066, elapsed_time: 0.826812
2024-08-22 18:32:07,489 - INFO - epoch: 0, itr: 428, nll_tr: 696868.750000, x_tr_loss: 294066.343750, a_tr_loss: 0.015984, r_tr_loss: 0.004056, elapsed_time: 0.926210
2024-08-22 18:32:08,474 - INFO - epoch: 0, itr: 429, nll_tr: 676199.437500, x_tr_loss: 294064.656250, a_tr_loss: 0.016224, r_tr_loss: 0.004051, elapsed_time: 0.983938
2024-08-22 18:32:09,370 - INFO - epoch: 0, itr: 430, nll_tr: 655548.562500, x_tr_loss: 294066.031250, a_tr_loss: 0.016895, r_tr_loss: 0.004130, elapsed_time: 0.895462
2024-08-22 18:32:10,218 - INFO - epoch: 0, itr: 431, nll_tr: 702153.500000, x_tr_loss: 294065.343750, a_tr_loss: 0.016720, r_tr_loss: 0.004104, elapsed_time: 0.847399
2024-08-22 18:32:11,185 - INFO - epoch: 0, itr: 432, nll_tr: 693622.437500, x_tr_loss: 294065.343750, a_tr_loss: 0.015031, r_tr_loss: 0.004046, elapsed_time: 0.966816
2024-08-22 18:32:12,097 - INFO - epoch: 0, itr: 433, nll_tr: 755623.812500, x_tr_loss: 294064.593750, a_tr_loss: 0.015975, r_tr_loss: 0.004186, elapsed_time: 0.912651
2024-08-22 18:32:13,068 - INFO - epoch: 0, itr: 434, nll_tr: 681203.562500, x_tr_loss: 294064.343750, a_tr_loss: 0.016424, r_tr_loss: 0.004161, elapsed_time: 0.970979
2024-08-22 18:32:14,039 - INFO - epoch: 0, itr: 435, nll_tr: 641581.000000, x_tr_loss: 294063.250000, a_tr_loss: 0.016435, r_tr_loss: 0.004194, elapsed_time: 0.969960
2024-08-22 18:32:14,871 - INFO - epoch: 0, itr: 436, nll_tr: 698152.625000, x_tr_loss: 294062.718750, a_tr_loss: 0.016296, r_tr_loss: 0.004177, elapsed_time: 0.831456
2024-08-22 18:32:15,665 - INFO - epoch: 0, itr: 437, nll_tr: 695375.812500, x_tr_loss: 294061.531250, a_tr_loss: 0.018075, r_tr_loss: 0.004160, elapsed_time: 0.794667
2024-08-22 18:32:16,497 - INFO - epoch: 0, itr: 438, nll_tr: 741731.000000, x_tr_loss: 294061.843750, a_tr_loss: 0.016670, r_tr_loss: 0.004122, elapsed_time: 0.831745
2024-08-22 18:32:17,659 - INFO - epoch: 0, itr: 439, nll_tr: 665748.750000, x_tr_loss: 294059.000000, a_tr_loss: 0.017364, r_tr_loss: 0.004151, elapsed_time: 1.162214
2024-08-22 18:32:18,439 - INFO - epoch: 0, itr: 440, nll_tr: 625184.562500, x_tr_loss: 294058.593750, a_tr_loss: 0.015957, r_tr_loss: 0.004081, elapsed_time: 0.778988
2024-08-22 18:32:19,254 - INFO - epoch: 0, itr: 441, nll_tr: 656967.500000, x_tr_loss: 294057.343750, a_tr_loss: 0.016389, r_tr_loss: 0.004076, elapsed_time: 0.814578
2024-08-22 18:32:20,067 - INFO - epoch: 0, itr: 442, nll_tr: 692487.750000, x_tr_loss: 294057.093750, a_tr_loss: 0.016348, r_tr_loss: 0.004058, elapsed_time: 0.813498
2024-08-22 18:32:21,010 - INFO - epoch: 0, itr: 443, nll_tr: 673816.437500, x_tr_loss: 294055.250000, a_tr_loss: 0.016302, r_tr_loss: 0.004136, elapsed_time: 0.941463
2024-08-22 18:32:21,995 - INFO - epoch: 0, itr: 444, nll_tr: 641090.750000, x_tr_loss: 294055.062500, a_tr_loss: 0.016575, r_tr_loss: 0.004077, elapsed_time: 0.985073
2024-08-22 18:32:22,853 - INFO - epoch: 0, itr: 445, nll_tr: 622926.437500, x_tr_loss: 294054.218750, a_tr_loss: 0.015354, r_tr_loss: 0.004046, elapsed_time: 0.857248
2024-08-22 18:32:23,711 - INFO - epoch: 0, itr: 446, nll_tr: 671187.562500, x_tr_loss: 294055.031250, a_tr_loss: 0.015148, r_tr_loss: 0.004070, elapsed_time: 0.858102
2024-08-22 18:32:24,518 - INFO - epoch: 0, itr: 447, nll_tr: 724025.812500, x_tr_loss: 294054.093750, a_tr_loss: 0.016182, r_tr_loss: 0.004194, elapsed_time: 0.806728
2024-08-22 18:32:25,342 - INFO - epoch: 0, itr: 448, nll_tr: 717255.062500, x_tr_loss: 294053.812500, a_tr_loss: 0.016779, r_tr_loss: 0.004144, elapsed_time: 0.824058
2024-08-22 18:32:26,149 - INFO - epoch: 0, itr: 449, nll_tr: 673245.062500, x_tr_loss: 294053.656250, a_tr_loss: 0.016489, r_tr_loss: 0.004092, elapsed_time: 0.807115
2024-08-22 18:32:26,955 - INFO - epoch: 0, itr: 450, nll_tr: 651530.625000, x_tr_loss: 294053.250000, a_tr_loss: 0.014846, r_tr_loss: 0.004157, elapsed_time: 0.804691
